#
# There is insufficient memory for the Java Runtime Environment to continue.
# Native memory allocation (mmap) failed to map 51380224 bytes for G1 virtual space
# Possible reasons:
#   The system is out of physical RAM or swap space
#   The process is running with CompressedOops enabled, and the Java Heap may be blocking the growth of the native heap
# Possible solutions:
#   Reduce memory load on the system
#   Increase physical memory or swap space
#   Check if swap backing store is full
#   Decrease Java heap size (-Xmx/-Xms)
#   Decrease number of Java threads
#   Decrease Java thread stack sizes (-Xss)
#   Set larger code cache with -XX:ReservedCodeCacheSize=
#   JVM is running with Unscaled Compressed Oops mode in which the Java heap is
#     placed in the first 4GB address space. The Java Heap base address is the
#     maximum limit for the native heap growth. Please use -XX:HeapBaseMinAddress
#     to set the Java Heap base and to place the Java Heap above 4GB virtual address.
# This output file may be truncated or incomplete.
#
#  Out of Memory Error (os_windows.cpp:3550), pid=16032, tid=18048
#
# JRE version: Java(TM) SE Runtime Environment (17.0.8+9) (build 17.0.8+9-LTS-211)
# Java VM: Java HotSpot(TM) 64-Bit Server VM (17.0.8+9-LTS-211, mixed mode, sharing, tiered, compressed oops, compressed class ptrs, g1 gc, windows-amd64)
# No core dump will be written. Minidumps are not enabled by default on client versions of Windows
#

---------------  S U M M A R Y ------------

Command Line: --add-opens=java.base/java.util=ALL-UNNAMED --add-opens=java.base/java.lang=ALL-UNNAMED --add-opens=java.base/java.lang.invoke=ALL-UNNAMED --add-opens=java.prefs/java.util.prefs=ALL-UNNAMED --add-opens=java.base/java.nio.charset=ALL-UNNAMED --add-opens=java.base/java.net=ALL-UNNAMED --add-opens=java.base/java.util.concurrent.atomic=ALL-UNNAMED -Xmx1536m -Dfile.encoding=windows-1252 -Duser.country=ID -Duser.language=en -Duser.variant -javaagent:C:\Users\Asus\.gradle\wrapper\dists\gradle-8.1-bin\2eyty4r6kz6fpakefpk52nbbm\gradle-8.1\lib\agents\gradle-instrumentation-agent-8.1.jar org.gradle.launcher.daemon.bootstrap.GradleDaemon 8.1

Host: Intel(R) Core(TM) i5-8265U CPU @ 1.60GHz, 8 cores, 7G,  Windows 11 , 64 bit Build 22621 (10.0.22621.2215)
Time: Tue Oct 10 13:34:14 2023 SE Asia Standard Time elapsed time: 27.961782 seconds (0d 0h 0m 27s)

---------------  T H R E A D  ---------------

Current thread (0x000001f77f4e8aa0):  VMThread "VM Thread" [stack: 0x0000002779700000,0x0000002779800000] [id=18048]

Stack: [0x0000002779700000,0x0000002779800000]
Native frames: (J=compiled Java code, j=interpreted, Vv=VM code, C=native code)
V  [jvm.dll+0x677d0a]
V  [jvm.dll+0x7d8c54]
V  [jvm.dll+0x7da3fe]
V  [jvm.dll+0x7daa63]
V  [jvm.dll+0x245c5f]
V  [jvm.dll+0x674bb9]
V  [jvm.dll+0x6694f2]
V  [jvm.dll+0x3031d6]
V  [jvm.dll+0x30a756]
V  [jvm.dll+0x359f9e]
V  [jvm.dll+0x35a1cf]
V  [jvm.dll+0x2da3e8]
V  [jvm.dll+0x2dd486]
V  [jvm.dll+0x2e7c88]
V  [jvm.dll+0x31b6e0]
V  [jvm.dll+0x7df26b]
V  [jvm.dll+0x7dffa4]
V  [jvm.dll+0x7e04bd]
V  [jvm.dll+0x7e0894]
V  [jvm.dll+0x7e0960]
V  [jvm.dll+0x788bba]
V  [jvm.dll+0x676b35]
C  [ucrtbase.dll+0x29363]
C  [KERNEL32.DLL+0x1257d]
C  [ntdll.dll+0x5aa68]

VM_Operation (0x00000027793ffa30): G1Concurrent, mode: safepoint, requested by thread 0x000001f765e79620


---------------  P R O C E S S  ---------------

Threads class SMR info:
_java_thread_list=0x000001f703923bb0, length=89, elements={
0x000001f765e228b0, 0x000001f77f4ef160, 0x000001f77f4f1ef0, 0x000001f77f5056c0,
0x000001f77f506080, 0x000001f77f508950, 0x000001f77f50ba60, 0x000001f77f5373c0,
0x000001f77f53fcd0, 0x000001f77f542dc0, 0x000001f7039820c0, 0x000001f703af74a0,
0x000001f74aeeb770, 0x000001f74a491b60, 0x000001f74a492030, 0x000001f74b15bb90,
0x000001f74aeade00, 0x000001f749b08070, 0x000001f74a644fc0, 0x000001f74ae58060,
0x000001f74ab35ee0, 0x000001f74b14e7e0, 0x000001f74b14d970, 0x000001f74b14ecb0,
0x000001f74b14f650, 0x000001f74b14de40, 0x000001f74b14f180, 0x000001f74b150990,
0x000001f74b14d4a0, 0x000001f74b14fb20, 0x000001f74b14fff0, 0x000001f74b14e310,
0x000001f74b1504c0, 0x000001f74c27e950, 0x000001f74c283ff0, 0x000001f74c285800,
0x000001f74c2827e0, 0x000001f74c282310, 0x000001f74c27dfb0, 0x000001f74c285330,
0x000001f74c281970, 0x000001f74c283180, 0x000001f74c284e60, 0x000001f74c27ee20,
0x000001f74c282cb0, 0x000001f74c280160, 0x000001f74c280630, 0x000001f74c280b00,
0x000001f74c280fd0, 0x000001f74c283650, 0x000001f74c2814a0, 0x000001f74d1dcc90,
0x000001f74d1d97a0, 0x000001f74d1dd630, 0x000001f74ac0e860, 0x000001f74d1dd160,
0x000001f74d1df310, 0x000001f74d1ddb00, 0x000001f74d1da610, 0x000001f74d1dafb0,
0x000001f74d1ddfd0, 0x000001f74d1db480, 0x000001f74d1d7ac0, 0x000001f74d1d7f90,
0x000001f74d1d8460, 0x000001f74d1de4a0, 0x000001f74d1d8930, 0x000001f74d1d8e00,
0x000001f74d1d92d0, 0x000001f74d1db950, 0x000001f74d1dbe20, 0x000001f74fc73f80,
0x000001f74ec15610, 0x000001f74fc74920, 0x000001f74fc74450, 0x000001f74fc752c0,
0x000001f74e9d3b60, 0x000001f74e9d3690, 0x000001f74ef847d0, 0x000001f74ef84300,
0x000001f74ef82fc0, 0x000001f74ef83490, 0x000001f74ef83960, 0x000001f74ef83e30,
0x000001f74efb1640, 0x000001f74ec16950, 0x000001f74fcfc890, 0x000001f74fcfc3c0,
0x000001f74fcfb080
}

Java Threads: ( => current thread )
  0x000001f765e228b0 JavaThread "main" [_thread_blocked, id=8452, stack(0x0000002779100000,0x0000002779200000)]
  0x000001f77f4ef160 JavaThread "Reference Handler" daemon [_thread_blocked, id=1264, stack(0x0000002779800000,0x0000002779900000)]
  0x000001f77f4f1ef0 JavaThread "Finalizer" daemon [_thread_blocked, id=6720, stack(0x0000002779900000,0x0000002779a00000)]
  0x000001f77f5056c0 JavaThread "Signal Dispatcher" daemon [_thread_blocked, id=2960, stack(0x0000002779a00000,0x0000002779b00000)]
  0x000001f77f506080 JavaThread "Attach Listener" daemon [_thread_blocked, id=3360, stack(0x0000002779b00000,0x0000002779c00000)]
  0x000001f77f508950 JavaThread "Service Thread" daemon [_thread_blocked, id=4092, stack(0x0000002779c00000,0x0000002779d00000)]
  0x000001f77f50ba60 JavaThread "Monitor Deflation Thread" daemon [_thread_blocked, id=6540, stack(0x0000002779d00000,0x0000002779e00000)]
  0x000001f77f5373c0 JavaThread "C2 CompilerThread0" daemon [_thread_in_native, id=15140, stack(0x0000002779e00000,0x0000002779f00000)]
  0x000001f77f53fcd0 JavaThread "C1 CompilerThread0" daemon [_thread_blocked, id=4052, stack(0x0000002779f00000,0x000000277a000000)]
  0x000001f77f542dc0 JavaThread "Sweeper thread" daemon [_thread_blocked, id=15132, stack(0x000000277a000000,0x000000277a100000)]
  0x000001f7039820c0 JavaThread "Common-Cleaner" daemon [_thread_blocked, id=19600, stack(0x000000277a100000,0x000000277a200000)]
  0x000001f703af74a0 JavaThread "Notification Thread" daemon [_thread_blocked, id=19892, stack(0x000000277a300000,0x000000277a400000)]
  0x000001f74aeeb770 JavaThread "Daemon health stats" [_thread_blocked, id=9392, stack(0x000000277aa00000,0x000000277ab00000)]
  0x000001f74a491b60 JavaThread "Incoming local TCP Connector on port 61248" [_thread_in_native, id=15716, stack(0x000000277a200000,0x000000277a300000)]
  0x000001f74a492030 JavaThread "Daemon periodic checks" [_thread_blocked, id=10332, stack(0x000000277a500000,0x000000277a600000)]
  0x000001f74b15bb90 JavaThread "Daemon" [_thread_blocked, id=11544, stack(0x000000277ab00000,0x000000277ac00000)]
  0x000001f74aeade00 JavaThread "Handler for socket connection from /127.0.0.1:61248 to /127.0.0.1:61249" [_thread_in_native, id=13664, stack(0x000000277ac00000,0x000000277ad00000)]
  0x000001f749b08070 JavaThread "Cancel handler" [_thread_blocked, id=7448, stack(0x000000277ad00000,0x000000277ae00000)]
  0x000001f74a644fc0 JavaThread "Daemon worker" [_thread_blocked, id=2968, stack(0x000000277ae00000,0x000000277af00000)]
  0x000001f74ae58060 JavaThread "Asynchronous log dispatcher for DefaultDaemonConnection: socket connection from /127.0.0.1:61248 to /127.0.0.1:61249" [_thread_blocked, id=18356, stack(0x000000277af00000,0x000000277b000000)]
  0x000001f74ab35ee0 JavaThread "Stdin handler" [_thread_blocked, id=20344, stack(0x000000277b000000,0x000000277b100000)]
  0x000001f74b14e7e0 JavaThread "Daemon client event forwarder" [_thread_blocked, id=19752, stack(0x000000277b100000,0x000000277b200000)]
  0x000001f74b14d970 JavaThread "Cache worker for journal cache (C:\Users\Asus\.gradle\caches\journal-1)" [_thread_blocked, id=13680, stack(0x000000277b300000,0x000000277b400000)]
  0x000001f74b14ecb0 JavaThread "File lock request listener" [_thread_in_native, id=17076, stack(0x000000277b400000,0x000000277b500000)]
  0x000001f74b14f650 JavaThread "Cache worker for file hash cache (C:\Users\Asus\.gradle\caches\8.1\fileHashes)" [_thread_blocked, id=12772, stack(0x000000277b500000,0x000000277b600000)]
  0x000001f74b14de40 JavaThread "File watcher server" daemon [_thread_blocked, id=6680, stack(0x000000277b900000,0x000000277ba00000)]
  0x000001f74b14f180 JavaThread "File watcher consumer" daemon [_thread_blocked, id=19956, stack(0x000000277ba00000,0x000000277bb00000)]
  0x000001f74b150990 JavaThread "Cache worker for checksums cache (C:\Users\Asus\OneDrive\Documents\GitHub\sunflower\.gradle\8.1\checksums)" [_thread_blocked, id=18820, stack(0x000000277bb00000,0x000000277bc00000)]
  0x000001f74b14d4a0 JavaThread "Cache worker for cache directory md-rule (C:\Users\Asus\.gradle\caches\8.1\md-rule)" [_thread_blocked, id=16152, stack(0x000000277bc00000,0x000000277bd00000)]
  0x000001f74b14fb20 JavaThread "Cache worker for file content cache (C:\Users\Asus\.gradle\caches\8.1\fileContent)" [_thread_blocked, id=19764, stack(0x000000277bd00000,0x000000277be00000)]
  0x000001f74b14fff0 JavaThread "Cache worker for file hash cache (C:\Users\Asus\OneDrive\Documents\GitHub\sunflower\.gradle\8.1\fileHashes)" [_thread_blocked, id=14664, stack(0x000000277bf00000,0x000000277c000000)]
  0x000001f74b14e310 JavaThread "Cache worker for cache directory md-supplier (C:\Users\Asus\.gradle\caches\8.1\md-supplier)" [_thread_blocked, id=2596, stack(0x000000277c000000,0x000000277c100000)]
  0x000001f74b1504c0 JavaThread "Cache worker for execution history cache (C:\Users\Asus\.gradle\caches\8.1\executionHistory)" [_thread_blocked, id=11648, stack(0x000000277c100000,0x000000277c200000)]
  0x000001f74c27e950 JavaThread "jar transforms" [_thread_blocked, id=16992, stack(0x000000277c200000,0x000000277c300000)]
  0x000001f74c283ff0 JavaThread "jar transforms Thread 2" [_thread_blocked, id=8252, stack(0x000000277c300000,0x000000277c400000)]
  0x000001f74c285800 JavaThread "Cache worker for kotlin-dsl (C:\Users\Asus\.gradle\caches\8.1\kotlin-dsl)" [_thread_blocked, id=8176, stack(0x000000277c400000,0x000000277c500000)]
  0x000001f74c2827e0 JavaThread "jar transforms Thread 3" [_thread_blocked, id=16256, stack(0x000000277c500000,0x000000277c600000)]
  0x000001f74c282310 JavaThread "jar transforms Thread 4" [_thread_blocked, id=16520, stack(0x000000277c600000,0x000000277c700000)]
  0x000001f74c27dfb0 JavaThread "jar transforms Thread 5" [_thread_blocked, id=7612, stack(0x000000277c700000,0x000000277c800000)]
  0x000001f74c285330 JavaThread "jar transforms Thread 6" [_thread_blocked, id=10924, stack(0x000000277c800000,0x000000277c900000)]
  0x000001f74c281970 JavaThread "Cache worker for dependencies-accessors (C:\Users\Asus\OneDrive\Documents\GitHub\sunflower\.gradle\8.1\dependencies-accessors)" [_thread_blocked, id=6640, stack(0x000000277c900000,0x000000277ca00000)]
  0x000001f74c283180 JavaThread "Cache worker for Build Output Cleanup Cache (C:\Users\Asus\OneDrive\Documents\GitHub\sunflower\.gradle\buildOutputCleanup)" [_thread_blocked, id=3780, stack(0x000000277ca00000,0x000000277cb00000)]
  0x000001f74c284e60 JavaThread "jar transforms Thread 7" [_thread_blocked, id=2592, stack(0x000000277cb00000,0x000000277cc00000)]
  0x000001f74c27ee20 JavaThread "jar transforms Thread 8" [_thread_blocked, id=4464, stack(0x000000277cc00000,0x000000277cd00000)]
  0x000001f74c282cb0 JavaThread "Unconstrained build operations" [_thread_blocked, id=4752, stack(0x000000277cd00000,0x000000277ce00000)]
  0x000001f74c280160 JavaThread "Unconstrained build operations Thread 2" [_thread_blocked, id=6752, stack(0x000000277ce00000,0x000000277cf00000)]
  0x000001f74c280630 JavaThread "Unconstrained build operations Thread 3" [_thread_blocked, id=1980, stack(0x000000277cf00000,0x000000277d000000)]
  0x000001f74c280b00 JavaThread "Unconstrained build operations Thread 4" [_thread_blocked, id=17180, stack(0x000000277d000000,0x000000277d100000)]
  0x000001f74c280fd0 JavaThread "Unconstrained build operations Thread 5" [_thread_blocked, id=15500, stack(0x000000277d100000,0x000000277d200000)]
  0x000001f74c283650 JavaThread "Unconstrained build operations Thread 6" [_thread_blocked, id=7544, stack(0x000000277d200000,0x000000277d300000)]
  0x000001f74c2814a0 JavaThread "Unconstrained build operations Thread 7" [_thread_blocked, id=2956, stack(0x000000277d300000,0x000000277d400000)]
  0x000001f74d1dcc90 JavaThread "build event listener" [_thread_blocked, id=6972, stack(0x000000277d600000,0x000000277d700000)]
  0x000001f74d1d97a0 JavaThread "build event listener" [_thread_blocked, id=18012, stack(0x000000277d700000,0x000000277d800000)]
  0x000001f74d1dd630 JavaThread "Memory manager" [_thread_blocked, id=15100, stack(0x000000277d800000,0x000000277d900000)]
  0x000001f74ac0e860 JavaThread "C2 CompilerThread1" daemon [_thread_in_native, id=19360, stack(0x000000277b200000,0x000000277b300000)]
  0x000001f74d1dd160 JavaThread "included builds" [_thread_blocked, id=19544, stack(0x000000277d900000,0x000000277da00000)]
  0x000001f74d1df310 JavaThread "Execution worker" [_thread_blocked, id=11064, stack(0x000000277da00000,0x000000277db00000)]
  0x000001f74d1ddb00 JavaThread "Execution worker Thread 2" [_thread_blocked, id=15740, stack(0x000000277db00000,0x000000277dc00000)]
  0x000001f74d1da610 JavaThread "Execution worker Thread 3" [_thread_blocked, id=20452, stack(0x000000277dc00000,0x000000277dd00000)]
  0x000001f74d1dafb0 JavaThread "Execution worker Thread 4" [_thread_blocked, id=20352, stack(0x000000277dd00000,0x000000277de00000)]
  0x000001f74d1ddfd0 JavaThread "Execution worker Thread 5" [_thread_blocked, id=20436, stack(0x000000277de00000,0x000000277df00000)]
  0x000001f74d1db480 JavaThread "Execution worker Thread 6" [_thread_blocked, id=1448, stack(0x000000277df00000,0x000000277e000000)]
  0x000001f74d1d7ac0 JavaThread "Execution worker Thread 7" [_thread_blocked, id=9056, stack(0x000000277e000000,0x000000277e100000)]
  0x000001f74d1d7f90 JavaThread "Cache worker for execution history cache (C:\Users\Asus\OneDrive\Documents\GitHub\sunflower\.gradle\8.1\executionHistory)" [_thread_blocked, id=17520, stack(0x000000277e100000,0x000000277e200000)]
  0x000001f74d1d8460 JavaThread "Unconstrained build operations Thread 8" [_thread_blocked, id=19212, stack(0x000000277e200000,0x000000277e300000)]
  0x000001f74d1de4a0 JavaThread "Unconstrained build operations Thread 9" [_thread_blocked, id=15212, stack(0x000000277e300000,0x000000277e400000)]
  0x000001f74d1d8930 JavaThread "Unconstrained build operations Thread 10" [_thread_blocked, id=15032, stack(0x000000277e400000,0x000000277e500000)]
  0x000001f74d1d8e00 JavaThread "Unconstrained build operations Thread 11" [_thread_blocked, id=13152, stack(0x000000277e500000,0x000000277e600000)]
  0x000001f74d1d92d0 JavaThread "Unconstrained build operations Thread 12" [_thread_blocked, id=1972, stack(0x000000277e600000,0x000000277e700000)]
  0x000001f74d1db950 JavaThread "Unconstrained build operations Thread 13" [_thread_blocked, id=3932, stack(0x000000277e700000,0x000000277e800000)]
  0x000001f74d1dbe20 JavaThread "Unconstrained build operations Thread 14" [_thread_blocked, id=20012, stack(0x000000277e800000,0x000000277e900000)]
  0x000001f74fc73f80 JavaThread "Unconstrained build operations Thread 15" [_thread_blocked, id=17344, stack(0x000000277e900000,0x000000277ea00000)]
  0x000001f74ec15610 JavaThread "Unconstrained build operations Thread 16" [_thread_blocked, id=10364, stack(0x000000277ea00000,0x000000277eb00000)]
  0x000001f74fc74920 JavaThread "Unconstrained build operations Thread 17" [_thread_blocked, id=8860, stack(0x000000277eb00000,0x000000277ec00000)]
  0x000001f74fc74450 JavaThread "Unconstrained build operations Thread 18" [_thread_blocked, id=19780, stack(0x000000277ec00000,0x000000277ed00000)]
  0x000001f74fc752c0 JavaThread "Unconstrained build operations Thread 19" [_thread_blocked, id=16756, stack(0x000000277ed00000,0x000000277ee00000)]
  0x000001f74e9d3b60 JavaThread "Unconstrained build operations Thread 20" [_thread_blocked, id=16724, stack(0x000000277ee00000,0x000000277ef00000)]
  0x000001f74e9d3690 JavaThread "Unconstrained build operations Thread 21" [_thread_blocked, id=2552, stack(0x000000277ef00000,0x000000277f000000)]
  0x000001f74ef847d0 JavaThread "Unconstrained build operations Thread 22" [_thread_blocked, id=19268, stack(0x000000277f000000,0x000000277f100000)]
  0x000001f74ef84300 JavaThread "Unconstrained build operations Thread 23" [_thread_blocked, id=14696, stack(0x000000277f100000,0x000000277f200000)]
  0x000001f74ef82fc0 JavaThread "Unconstrained build operations Thread 24" [_thread_blocked, id=1028, stack(0x000000277f200000,0x000000277f300000)]
  0x000001f74ef83490 JavaThread "Unconstrained build operations Thread 25" [_thread_blocked, id=8588, stack(0x000000277f300000,0x000000277f400000)]
  0x000001f74ef83960 JavaThread "Unconstrained build operations Thread 26" [_thread_blocked, id=16720, stack(0x000000277f400000,0x000000277f500000)]
  0x000001f74ef83e30 JavaThread "Unconstrained build operations Thread 27" [_thread_blocked, id=7856, stack(0x000000277f500000,0x000000277f600000)]
  0x000001f74efb1640 JavaThread "Unconstrained build operations Thread 28" [_thread_blocked, id=12384, stack(0x000000277f600000,0x000000277f700000)]
  0x000001f74ec16950 JavaThread "WorkerExecutor Queue" [_thread_blocked, id=3136, stack(0x000000277f800000,0x000000277f900000)]
  0x000001f74fcfc890 JavaThread "WorkerExecutor Queue Thread 2" [_thread_blocked, id=18868, stack(0x000000277f900000,0x000000277fa00000)]
  0x000001f74fcfc3c0 JavaThread "WorkerExecutor Queue Thread 3" [_thread_blocked, id=10384, stack(0x000000277fa00000,0x000000277fb00000)]
  0x000001f74fcfb080 JavaThread "WorkerExecutor Queue Thread 4" [_thread_blocked, id=16536, stack(0x000000277fb00000,0x000000277fc00000)]

Other Threads:
=>0x000001f77f4e8aa0 VMThread "VM Thread" [stack: 0x0000002779700000,0x0000002779800000] [id=18048]
  0x000001f765e8e220 WatcherThread [stack: 0x000000277a400000,0x000000277a500000] [id=12748]
  0x000001f763ddeaa0 GCTaskThread "GC Thread#0" [stack: 0x0000002779200000,0x0000002779300000] [id=17028]
  0x000001f749aaedc0 GCTaskThread "GC Thread#1" [stack: 0x000000277a600000,0x000000277a700000] [id=7476]
  0x000001f7491dcf20 GCTaskThread "GC Thread#2" [stack: 0x000000277a700000,0x000000277a800000] [id=16056]
  0x000001f749acb690 GCTaskThread "GC Thread#3" [stack: 0x000000277a800000,0x000000277a900000] [id=12724]
  0x000001f7490fd2f0 GCTaskThread "GC Thread#4" [stack: 0x000000277a900000,0x000000277aa00000] [id=19040]
  0x000001f74a21b730 GCTaskThread "GC Thread#5" [stack: 0x000000277b600000,0x000000277b700000] [id=19388]
  0x000001f74b482f20 GCTaskThread "GC Thread#6" [stack: 0x000000277b700000,0x000000277b800000] [id=12252]
  0x000001f74a953e80 GCTaskThread "GC Thread#7" [stack: 0x000000277b800000,0x000000277b900000] [id=14404]
  0x000001f765e79620 ConcurrentGCThread "G1 Main Marker" [stack: 0x0000002779300000,0x0000002779400000] [id=11780]
  0x000001f765e7a6e0 ConcurrentGCThread "G1 Conc#0" [stack: 0x0000002779400000,0x0000002779500000] [id=5712]
  0x000001f74b06a1e0 ConcurrentGCThread "G1 Conc#1" [stack: 0x000000277be00000,0x000000277bf00000] [id=1984]
  0x000001f765ee4350 ConcurrentGCThread "G1 Refine#0" [stack: 0x0000002779500000,0x0000002779600000] [id=2240]
  0x000001f703962800 ConcurrentGCThread "G1 Refine#1" [stack: 0x000000277d400000,0x000000277d500000] [id=17616]
  0x000001f703961c80 ConcurrentGCThread "G1 Refine#2" [stack: 0x000000277d500000,0x000000277d600000] [id=16228]
  0x000001f74f789fa0 ConcurrentGCThread "G1 Refine#3" [stack: 0x000000277f700000,0x000000277f800000] [id=1832]
  0x000001f765ee4c80 ConcurrentGCThread "G1 Service" [stack: 0x0000002779600000,0x0000002779700000] [id=17992]

Threads with active compile tasks:
C2 CompilerThread0    28010 14203       4       com.android.ide.common.resources.NodeUtils::updateNamespace (167 bytes)
C2 CompilerThread1    28010 14263       4       com.android.utils.XmlUtils::append (597 bytes)

VM state: at safepoint (normal execution)

VM Mutex/Monitor currently owned by a thread:  ([mutex/lock_event])
[0x000001f765e1d570] Threads_lock - owner thread: 0x000001f77f4e8aa0
[0x000001f765e1d960] Heap_lock - owner thread: 0x000001f765e79620

Heap address: 0x00000000a0000000, size: 1536 MB, Compressed Oops mode: 32-bit

CDS archive(s) mapped at: [0x000001f704000000-0x000001f704bd0000-0x000001f704bd0000), size 12386304, SharedBaseAddress: 0x000001f704000000, ArchiveRelocationMode: 1.
Compressed class space mapped at: 0x000001f705000000-0x000001f745000000, reserved size: 1073741824
Narrow klass base: 0x000001f704000000, Narrow klass shift: 0, Narrow klass range: 0x100000000

GC Precious Log:
 CPUs: 8 total, 8 available
 Memory: 8043M
 Large Page Support: Disabled
 NUMA Support: Disabled
 Compressed Oops: Enabled (32-bit)
 Heap Region Size: 1M
 Heap Min Capacity: 8M
 Heap Initial Capacity: 126M
 Heap Max Capacity: 1536M
 Pre-touch: Disabled
 Parallel Workers: 8
 Concurrent Workers: 2
 Concurrent Refinement Workers: 8
 Periodic GC: Disabled

Heap:
 garbage-first heap   total 277504K, used 193938K [0x00000000a0000000, 0x0000000100000000)
  region size 1024K, 19 young (19456K), 2 survivors (2048K)
 Metaspace       used 96939K, committed 97792K, reserved 1179648K
  class space    used 13326K, committed 13760K, reserved 1048576K

Heap Regions: E=young(eden), S=young(survivor), O=old, HS=humongous(starts), HC=humongous(continues), CS=collection set, F=free, OA=open archive, CA=closed archive, TAMS=top-at-mark-start (previous, next)
|   0|0x00000000a0000000, 0x00000000a0100000, 0x00000000a0100000|100%|HS|  |TAMS 0x00000000a0100000, 0x00000000a0000000| Complete 
|   1|0x00000000a0100000, 0x00000000a0200000, 0x00000000a0200000|100%|HC|  |TAMS 0x00000000a0200000, 0x00000000a0100000| Complete 
|   2|0x00000000a0200000, 0x00000000a0300000, 0x00000000a0300000|100%|HC|  |TAMS 0x00000000a0300000, 0x00000000a0200000| Complete 
|   3|0x00000000a0300000, 0x00000000a0400000, 0x00000000a0400000|100%|HC|  |TAMS 0x00000000a0400000, 0x00000000a0300000| Complete 
|   4|0x00000000a0400000, 0x00000000a0500000, 0x00000000a0500000|100%| O|  |TAMS 0x00000000a0500000, 0x00000000a0400000| Untracked 
|   5|0x00000000a0500000, 0x00000000a0600000, 0x00000000a0600000|100%| O|  |TAMS 0x00000000a0600000, 0x00000000a0500000| Untracked 
|   6|0x00000000a0600000, 0x00000000a0700000, 0x00000000a0700000|100%| O|  |TAMS 0x00000000a0700000, 0x00000000a0600000| Untracked 
|   7|0x00000000a0700000, 0x00000000a0800000, 0x00000000a0800000|100%| O|  |TAMS 0x00000000a0800000, 0x00000000a0700000| Untracked 
|   8|0x00000000a0800000, 0x00000000a0900000, 0x00000000a0900000|100%| O|  |TAMS 0x00000000a0900000, 0x00000000a0800000| Untracked 
|   9|0x00000000a0900000, 0x00000000a0a00000, 0x00000000a0a00000|100%| O|  |TAMS 0x00000000a0a00000, 0x00000000a0900000| Untracked 
|  10|0x00000000a0a00000, 0x00000000a0b00000, 0x00000000a0b00000|100%| O|  |TAMS 0x00000000a0b00000, 0x00000000a0a00000| Untracked 
|  11|0x00000000a0b00000, 0x00000000a0c00000, 0x00000000a0c00000|100%| O|  |TAMS 0x00000000a0c00000, 0x00000000a0b00000| Untracked 
|  12|0x00000000a0c00000, 0x00000000a0d00000, 0x00000000a0d00000|100%| O|  |TAMS 0x00000000a0d00000, 0x00000000a0c00000| Untracked 
|  13|0x00000000a0d00000, 0x00000000a0e00000, 0x00000000a0e00000|100%| O|  |TAMS 0x00000000a0e00000, 0x00000000a0d00000| Updating 
|  14|0x00000000a0e00000, 0x00000000a0f00000, 0x00000000a0f00000|100%| O|  |TAMS 0x00000000a0f00000, 0x00000000a0e00000| Untracked 
|  15|0x00000000a0f00000, 0x00000000a1000000, 0x00000000a1000000|100%| O|  |TAMS 0x00000000a1000000, 0x00000000a0f00000| Untracked 
|  16|0x00000000a1000000, 0x00000000a1100000, 0x00000000a1100000|100%| O|  |TAMS 0x00000000a1100000, 0x00000000a1000000| Untracked 
|  17|0x00000000a1100000, 0x00000000a1200000, 0x00000000a1200000|100%| O|  |TAMS 0x00000000a1200000, 0x00000000a1100000| Untracked 
|  18|0x00000000a1200000, 0x00000000a1300000, 0x00000000a1300000|100%| O|  |TAMS 0x00000000a1300000, 0x00000000a1200000| Untracked 
|  19|0x00000000a1300000, 0x00000000a1400000, 0x00000000a1400000|100%|HS|  |TAMS 0x00000000a1400000, 0x00000000a1300000| Complete 
|  20|0x00000000a1400000, 0x00000000a1500000, 0x00000000a1500000|100%| O|  |TAMS 0x00000000a1500000, 0x00000000a1400000| Updating 
|  21|0x00000000a1500000, 0x00000000a1600000, 0x00000000a1600000|100%| O|  |TAMS 0x00000000a1600000, 0x00000000a1500000| Untracked 
|  22|0x00000000a1600000, 0x00000000a1700000, 0x00000000a1700000|100%| O|  |TAMS 0x00000000a1700000, 0x00000000a1600000| Untracked 
|  23|0x00000000a1700000, 0x00000000a1800000, 0x00000000a1800000|100%| O|  |TAMS 0x00000000a1800000, 0x00000000a1700000| Untracked 
|  24|0x00000000a1800000, 0x00000000a1900000, 0x00000000a1900000|100%| O|  |TAMS 0x00000000a1900000, 0x00000000a1800000| Untracked 
|  25|0x00000000a1900000, 0x00000000a1a00000, 0x00000000a1a00000|100%| O|  |TAMS 0x00000000a1a00000, 0x00000000a1900000| Untracked 
|  26|0x00000000a1a00000, 0x00000000a1b00000, 0x00000000a1b00000|100%|HS|  |TAMS 0x00000000a1b00000, 0x00000000a1a00000| Complete 
|  27|0x00000000a1b00000, 0x00000000a1c00000, 0x00000000a1c00000|100%|HC|  |TAMS 0x00000000a1c00000, 0x00000000a1b00000| Complete 
|  28|0x00000000a1c00000, 0x00000000a1d00000, 0x00000000a1d00000|100%|HS|  |TAMS 0x00000000a1d00000, 0x00000000a1c00000| Complete 
|  29|0x00000000a1d00000, 0x00000000a1e00000, 0x00000000a1e00000|100%| O|  |TAMS 0x00000000a1e00000, 0x00000000a1d00000| Untracked 
|  30|0x00000000a1e00000, 0x00000000a1f00000, 0x00000000a1f00000|100%| O|  |TAMS 0x00000000a1f00000, 0x00000000a1e00000| Untracked 
|  31|0x00000000a1f00000, 0x00000000a2000000, 0x00000000a2000000|100%| O|  |TAMS 0x00000000a2000000, 0x00000000a1f00000| Untracked 
|  32|0x00000000a2000000, 0x00000000a2100000, 0x00000000a2100000|100%| O|  |TAMS 0x00000000a2100000, 0x00000000a2000000| Untracked 
|  33|0x00000000a2100000, 0x00000000a2200000, 0x00000000a2200000|100%| O|  |TAMS 0x00000000a2200000, 0x00000000a2100000| Untracked 
|  34|0x00000000a2200000, 0x00000000a2300000, 0x00000000a2300000|100%| O|  |TAMS 0x00000000a2300000, 0x00000000a2200000| Untracked 
|  35|0x00000000a2300000, 0x00000000a2400000, 0x00000000a2400000|100%| O|  |TAMS 0x00000000a2400000, 0x00000000a2300000| Untracked 
|  36|0x00000000a2400000, 0x00000000a2500000, 0x00000000a2500000|100%| O|  |TAMS 0x00000000a2500000, 0x00000000a2400000| Untracked 
|  37|0x00000000a2500000, 0x00000000a2600000, 0x00000000a2600000|100%| O|  |TAMS 0x00000000a2600000, 0x00000000a2500000| Untracked 
|  38|0x00000000a2600000, 0x00000000a2700000, 0x00000000a2700000|100%| O|  |TAMS 0x00000000a2700000, 0x00000000a2600000| Updating 
|  39|0x00000000a2700000, 0x00000000a2800000, 0x00000000a2800000|100%| O|  |TAMS 0x00000000a2800000, 0x00000000a2700000| Untracked 
|  40|0x00000000a2800000, 0x00000000a2900000, 0x00000000a2900000|100%| O|  |TAMS 0x00000000a2900000, 0x00000000a2800000| Updating 
|  41|0x00000000a2900000, 0x00000000a2a00000, 0x00000000a2a00000|100%| O|  |TAMS 0x00000000a2a00000, 0x00000000a2900000| Untracked 
|  42|0x00000000a2a00000, 0x00000000a2b00000, 0x00000000a2b00000|100%| O|  |TAMS 0x00000000a2b00000, 0x00000000a2a00000| Untracked 
|  43|0x00000000a2b00000, 0x00000000a2c00000, 0x00000000a2c00000|100%| O|  |TAMS 0x00000000a2c00000, 0x00000000a2b00000| Untracked 
|  44|0x00000000a2c00000, 0x00000000a2d00000, 0x00000000a2d00000|100%|HS|  |TAMS 0x00000000a2d00000, 0x00000000a2c00000| Complete 
|  45|0x00000000a2d00000, 0x00000000a2e00000, 0x00000000a2e00000|100%|HC|  |TAMS 0x00000000a2e00000, 0x00000000a2d00000| Complete 
|  46|0x00000000a2e00000, 0x00000000a2f00000, 0x00000000a2f00000|100%|HC|  |TAMS 0x00000000a2f00000, 0x00000000a2e00000| Complete 
|  47|0x00000000a2f00000, 0x00000000a3000000, 0x00000000a3000000|100%|HC|  |TAMS 0x00000000a3000000, 0x00000000a2f00000| Complete 
|  48|0x00000000a3000000, 0x00000000a3100000, 0x00000000a3100000|100%| O|  |TAMS 0x00000000a3100000, 0x00000000a3000000| Updating 
|  49|0x00000000a3100000, 0x00000000a3200000, 0x00000000a3200000|100%| O|  |TAMS 0x00000000a3200000, 0x00000000a3100000| Untracked 
|  50|0x00000000a3200000, 0x00000000a3300000, 0x00000000a3300000|100%| O|  |TAMS 0x00000000a3300000, 0x00000000a3200000| Untracked 
|  51|0x00000000a3300000, 0x00000000a3400000, 0x00000000a3400000|100%| O|  |TAMS 0x00000000a3400000, 0x00000000a3300000| Updating 
|  52|0x00000000a3400000, 0x00000000a3500000, 0x00000000a3500000|100%| O|  |TAMS 0x00000000a3500000, 0x00000000a3400000| Untracked 
|  53|0x00000000a3500000, 0x00000000a3600000, 0x00000000a3600000|100%|HS|  |TAMS 0x00000000a3600000, 0x00000000a3500000| Complete 
|  54|0x00000000a3600000, 0x00000000a3700000, 0x00000000a3700000|100%|HC|  |TAMS 0x00000000a3700000, 0x00000000a3600000| Complete 
|  55|0x00000000a3700000, 0x00000000a3800000, 0x00000000a3800000|100%|HS|  |TAMS 0x00000000a3800000, 0x00000000a3700000| Complete 
|  56|0x00000000a3800000, 0x00000000a3900000, 0x00000000a3900000|100%| O|  |TAMS 0x00000000a3900000, 0x00000000a3800000| Untracked 
|  57|0x00000000a3900000, 0x00000000a3a00000, 0x00000000a3a00000|100%| O|  |TAMS 0x00000000a3a00000, 0x00000000a3900000| Untracked 
|  58|0x00000000a3a00000, 0x00000000a3b00000, 0x00000000a3b00000|100%| O|  |TAMS 0x00000000a3b00000, 0x00000000a3a00000| Updating 
|  59|0x00000000a3b00000, 0x00000000a3c00000, 0x00000000a3c00000|100%| O|  |TAMS 0x00000000a3c00000, 0x00000000a3b00000| Untracked 
|  60|0x00000000a3c00000, 0x00000000a3d00000, 0x00000000a3d00000|100%| O|  |TAMS 0x00000000a3d00000, 0x00000000a3c00000| Untracked 
|  61|0x00000000a3d00000, 0x00000000a3e00000, 0x00000000a3e00000|100%| O|  |TAMS 0x00000000a3e00000, 0x00000000a3d00000| Untracked 
|  62|0x00000000a3e00000, 0x00000000a3f00000, 0x00000000a3f00000|100%| O|  |TAMS 0x00000000a3f00000, 0x00000000a3e00000| Untracked 
|  63|0x00000000a3f00000, 0x00000000a4000000, 0x00000000a4000000|100%| O|  |TAMS 0x00000000a4000000, 0x00000000a3f00000| Untracked 
|  64|0x00000000a4000000, 0x00000000a4100000, 0x00000000a4100000|100%| O|  |TAMS 0x00000000a4100000, 0x00000000a4000000| Untracked 
|  65|0x00000000a4100000, 0x00000000a4200000, 0x00000000a4200000|100%| O|  |TAMS 0x00000000a4200000, 0x00000000a4100000| Untracked 
|  66|0x00000000a4200000, 0x00000000a4300000, 0x00000000a4300000|100%| O|  |TAMS 0x00000000a4300000, 0x00000000a4200000| Untracked 
|  67|0x00000000a4300000, 0x00000000a4400000, 0x00000000a4400000|100%| O|  |TAMS 0x00000000a4400000, 0x00000000a4300000| Untracked 
|  68|0x00000000a4400000, 0x00000000a4500000, 0x00000000a4500000|100%|HS|  |TAMS 0x00000000a4500000, 0x00000000a4400000| Complete 
|  69|0x00000000a4500000, 0x00000000a4600000, 0x00000000a4600000|100%|HC|  |TAMS 0x00000000a4600000, 0x00000000a4500000| Complete 
|  70|0x00000000a4600000, 0x00000000a4700000, 0x00000000a4700000|100%|HC|  |TAMS 0x00000000a4700000, 0x00000000a4600000| Complete 
|  71|0x00000000a4700000, 0x00000000a4800000, 0x00000000a4800000|100%|HC|  |TAMS 0x00000000a4800000, 0x00000000a4700000| Complete 
|  72|0x00000000a4800000, 0x00000000a4900000, 0x00000000a4900000|100%| O|  |TAMS 0x00000000a4900000, 0x00000000a4800000| Untracked 
|  73|0x00000000a4900000, 0x00000000a4a00000, 0x00000000a4a00000|100%| O|  |TAMS 0x00000000a4a00000, 0x00000000a4900000| Untracked 
|  74|0x00000000a4a00000, 0x00000000a4b00000, 0x00000000a4b00000|100%| O|  |TAMS 0x00000000a4b00000, 0x00000000a4a00000| Untracked 
|  75|0x00000000a4b00000, 0x00000000a4c00000, 0x00000000a4c00000|100%| O|  |TAMS 0x00000000a4c00000, 0x00000000a4b00000| Untracked 
|  76|0x00000000a4c00000, 0x00000000a4d00000, 0x00000000a4d00000|100%| O|  |TAMS 0x00000000a4d00000, 0x00000000a4c00000| Updating 
|  77|0x00000000a4d00000, 0x00000000a4e00000, 0x00000000a4e00000|100%| O|  |TAMS 0x00000000a4e00000, 0x00000000a4d00000| Untracked 
|  78|0x00000000a4e00000, 0x00000000a4f00000, 0x00000000a4f00000|100%| O|  |TAMS 0x00000000a4f00000, 0x00000000a4e00000| Updating 
|  79|0x00000000a4f00000, 0x00000000a5000000, 0x00000000a5000000|100%| O|  |TAMS 0x00000000a5000000, 0x00000000a4f00000| Untracked 
|  80|0x00000000a5000000, 0x00000000a5100000, 0x00000000a5100000|100%| O|  |TAMS 0x00000000a5100000, 0x00000000a5000000| Updating 
|  81|0x00000000a5100000, 0x00000000a5200000, 0x00000000a5200000|100%| O|  |TAMS 0x00000000a5200000, 0x00000000a5100000| Untracked 
|  82|0x00000000a5200000, 0x00000000a5300000, 0x00000000a5300000|100%| O|  |TAMS 0x00000000a5300000, 0x00000000a5200000| Untracked 
|  83|0x00000000a5300000, 0x00000000a5400000, 0x00000000a5400000|100%| O|  |TAMS 0x00000000a5400000, 0x00000000a5300000| Untracked 
|  84|0x00000000a5400000, 0x00000000a5500000, 0x00000000a5500000|100%| O|  |TAMS 0x00000000a5500000, 0x00000000a5400000| Untracked 
|  85|0x00000000a5500000, 0x00000000a5600000, 0x00000000a5600000|100%| O|  |TAMS 0x00000000a5600000, 0x00000000a5500000| Untracked 
|  86|0x00000000a5600000, 0x00000000a5700000, 0x00000000a5700000|100%| O|  |TAMS 0x00000000a5700000, 0x00000000a5600000| Untracked 
|  87|0x00000000a5700000, 0x00000000a5800000, 0x00000000a5800000|100%| O|  |TAMS 0x00000000a5800000, 0x00000000a5700000| Updating 
|  88|0x00000000a5800000, 0x00000000a5900000, 0x00000000a5900000|100%| O|  |TAMS 0x00000000a5900000, 0x00000000a5800000| Untracked 
|  89|0x00000000a5900000, 0x00000000a5a00000, 0x00000000a5a00000|100%| O|  |TAMS 0x00000000a5a00000, 0x00000000a5900000| Updating 
|  90|0x00000000a5a00000, 0x00000000a5b00000, 0x00000000a5b00000|100%| O|  |TAMS 0x00000000a5b00000, 0x00000000a5a00000| Updating 
|  91|0x00000000a5b00000, 0x00000000a5c00000, 0x00000000a5c00000|100%| O|  |TAMS 0x00000000a5c00000, 0x00000000a5b00000| Untracked 
|  92|0x00000000a5c00000, 0x00000000a5d00000, 0x00000000a5d00000|100%| O|  |TAMS 0x00000000a5d00000, 0x00000000a5c00000| Untracked 
|  93|0x00000000a5d00000, 0x00000000a5e00000, 0x00000000a5e00000|100%| O|  |TAMS 0x00000000a5e00000, 0x00000000a5d00000| Untracked 
|  94|0x00000000a5e00000, 0x00000000a5f00000, 0x00000000a5f00000|100%| O|  |TAMS 0x00000000a5f00000, 0x00000000a5e00000| Untracked 
|  95|0x00000000a5f00000, 0x00000000a6000000, 0x00000000a6000000|100%| O|  |TAMS 0x00000000a6000000, 0x00000000a5f00000| Updating 
|  96|0x00000000a6000000, 0x00000000a6100000, 0x00000000a6100000|100%| O|  |TAMS 0x00000000a6100000, 0x00000000a6000000| Untracked 
|  97|0x00000000a6100000, 0x00000000a6200000, 0x00000000a6200000|100%| O|  |TAMS 0x00000000a6200000, 0x00000000a6100000| Untracked 
|  98|0x00000000a6200000, 0x00000000a6300000, 0x00000000a6300000|100%| O|  |TAMS 0x00000000a6300000, 0x00000000a6200000| Untracked 
|  99|0x00000000a6300000, 0x00000000a6400000, 0x00000000a6400000|100%| O|  |TAMS 0x00000000a6400000, 0x00000000a6300000| Untracked 
| 100|0x00000000a6400000, 0x00000000a6500000, 0x00000000a6500000|100%| O|  |TAMS 0x00000000a6500000, 0x00000000a6400000| Untracked 
| 101|0x00000000a6500000, 0x00000000a6600000, 0x00000000a6600000|100%| O|  |TAMS 0x00000000a6600000, 0x00000000a6500000| Updating 
| 102|0x00000000a6600000, 0x00000000a6700000, 0x00000000a6700000|100%| O|  |TAMS 0x00000000a6700000, 0x00000000a6600000| Updating 
| 103|0x00000000a6700000, 0x00000000a6800000, 0x00000000a6800000|100%| O|  |TAMS 0x00000000a6800000, 0x00000000a6700000| Untracked 
| 104|0x00000000a6800000, 0x00000000a6900000, 0x00000000a6900000|100%| O|  |TAMS 0x00000000a6900000, 0x00000000a6800000| Untracked 
| 105|0x00000000a6900000, 0x00000000a6a00000, 0x00000000a6a00000|100%| O|  |TAMS 0x00000000a6a00000, 0x00000000a6900000| Updating 
| 106|0x00000000a6a00000, 0x00000000a6b00000, 0x00000000a6b00000|100%| O|  |TAMS 0x00000000a6b00000, 0x00000000a6a00000| Untracked 
| 107|0x00000000a6b00000, 0x00000000a6c00000, 0x00000000a6c00000|100%| O|  |TAMS 0x00000000a6c00000, 0x00000000a6b00000| Untracked 
| 108|0x00000000a6c00000, 0x00000000a6d00000, 0x00000000a6d00000|100%| O|  |TAMS 0x00000000a6d00000, 0x00000000a6c00000| Untracked 
| 109|0x00000000a6d00000, 0x00000000a6e00000, 0x00000000a6e00000|100%| O|  |TAMS 0x00000000a6e00000, 0x00000000a6d00000| Updating 
| 110|0x00000000a6e00000, 0x00000000a6f00000, 0x00000000a6f00000|100%| O|  |TAMS 0x00000000a6f00000, 0x00000000a6e00000| Untracked 
| 111|0x00000000a6f00000, 0x00000000a7000000, 0x00000000a7000000|100%| O|  |TAMS 0x00000000a7000000, 0x00000000a6f00000| Untracked 
| 112|0x00000000a7000000, 0x00000000a7100000, 0x00000000a7100000|100%| O|  |TAMS 0x00000000a7100000, 0x00000000a7000000| Untracked 
| 113|0x00000000a7100000, 0x00000000a7200000, 0x00000000a7200000|100%| O|  |TAMS 0x00000000a7200000, 0x00000000a7100000| Updating 
| 114|0x00000000a7200000, 0x00000000a7300000, 0x00000000a7300000|100%| O|  |TAMS 0x00000000a7300000, 0x00000000a7200000| Untracked 
| 115|0x00000000a7300000, 0x00000000a7400000, 0x00000000a7400000|100%| O|  |TAMS 0x00000000a7400000, 0x00000000a7300000| Untracked 
| 116|0x00000000a7400000, 0x00000000a7500000, 0x00000000a7500000|100%| O|  |TAMS 0x00000000a7500000, 0x00000000a7400000| Untracked 
| 117|0x00000000a7500000, 0x00000000a7600000, 0x00000000a7600000|100%| O|  |TAMS 0x00000000a7600000, 0x00000000a7500000| Untracked 
| 118|0x00000000a7600000, 0x00000000a7700000, 0x00000000a7700000|100%| O|  |TAMS 0x00000000a7700000, 0x00000000a7600000| Untracked 
| 119|0x00000000a7700000, 0x00000000a7800000, 0x00000000a7800000|100%| O|  |TAMS 0x00000000a7800000, 0x00000000a7700000| Untracked 
| 120|0x00000000a7800000, 0x00000000a7900000, 0x00000000a7900000|100%| O|  |TAMS 0x00000000a7900000, 0x00000000a7800000| Untracked 
| 121|0x00000000a7900000, 0x00000000a7a00000, 0x00000000a7a00000|100%| O|  |TAMS 0x00000000a7a00000, 0x00000000a7900000| Untracked 
| 122|0x00000000a7a00000, 0x00000000a7b00000, 0x00000000a7b00000|100%| O|  |TAMS 0x00000000a7b00000, 0x00000000a7a00000| Updating 
| 123|0x00000000a7b00000, 0x00000000a7c00000, 0x00000000a7c00000|100%| O|  |TAMS 0x00000000a7c00000, 0x00000000a7b00000| Updating 
| 124|0x00000000a7c00000, 0x00000000a7d00000, 0x00000000a7d00000|100%| O|  |TAMS 0x00000000a7d00000, 0x00000000a7c00000| Untracked 
| 125|0x00000000a7d00000, 0x00000000a7e00000, 0x00000000a7e00000|100%| O|  |TAMS 0x00000000a7e00000, 0x00000000a7d00000| Untracked 
| 126|0x00000000a7e00000, 0x00000000a7f00000, 0x00000000a7f00000|100%| O|  |TAMS 0x00000000a7f00000, 0x00000000a7e00000| Untracked 
| 127|0x00000000a7f00000, 0x00000000a8000000, 0x00000000a8000000|100%|HS|  |TAMS 0x00000000a8000000, 0x00000000a7f00000| Complete 
| 128|0x00000000a8000000, 0x00000000a8100000, 0x00000000a8100000|100%|HC|  |TAMS 0x00000000a8100000, 0x00000000a8000000| Complete 
| 129|0x00000000a8100000, 0x00000000a8200000, 0x00000000a8200000|100%| O|  |TAMS 0x00000000a8200000, 0x00000000a8100000| Untracked 
| 130|0x00000000a8200000, 0x00000000a8300000, 0x00000000a8300000|100%| O|  |TAMS 0x00000000a8300000, 0x00000000a8200000| Untracked 
| 131|0x00000000a8300000, 0x00000000a8400000, 0x00000000a8400000|100%| O|  |TAMS 0x00000000a8400000, 0x00000000a8300000| Untracked 
| 132|0x00000000a8400000, 0x00000000a8500000, 0x00000000a8500000|100%| O|  |TAMS 0x00000000a8500000, 0x00000000a8400000| Untracked 
| 133|0x00000000a8500000, 0x00000000a8600000, 0x00000000a8600000|100%| O|  |TAMS 0x00000000a8600000, 0x00000000a8500000| Untracked 
| 134|0x00000000a8600000, 0x00000000a8700000, 0x00000000a8700000|100%| O|  |TAMS 0x00000000a8700000, 0x00000000a8600000| Untracked 
| 135|0x00000000a8700000, 0x00000000a8800000, 0x00000000a8800000|100%| O|  |TAMS 0x00000000a8800000, 0x00000000a8700000| Untracked 
| 136|0x00000000a8800000, 0x00000000a8900000, 0x00000000a8900000|100%| O|  |TAMS 0x00000000a8900000, 0x00000000a8800000| Untracked 
| 137|0x00000000a8900000, 0x00000000a8a00000, 0x00000000a8a00000|100%| O|  |TAMS 0x00000000a8a00000, 0x00000000a8900000| Untracked 
| 138|0x00000000a8a00000, 0x00000000a8b00000, 0x00000000a8b00000|100%| O|  |TAMS 0x00000000a8b00000, 0x00000000a8a00000| Untracked 
| 139|0x00000000a8b00000, 0x00000000a8c00000, 0x00000000a8c00000|100%| O|  |TAMS 0x00000000a8c00000, 0x00000000a8b00000| Untracked 
| 140|0x00000000a8c00000, 0x00000000a8d00000, 0x00000000a8d00000|100%| O|  |TAMS 0x00000000a8d00000, 0x00000000a8c00000| Untracked 
| 141|0x00000000a8d00000, 0x00000000a8e00000, 0x00000000a8e00000|100%| O|  |TAMS 0x00000000a8e00000, 0x00000000a8d00000| Untracked 
| 142|0x00000000a8e00000, 0x00000000a8f00000, 0x00000000a8f00000|100%| O|  |TAMS 0x00000000a8f00000, 0x00000000a8e00000| Untracked 
| 143|0x00000000a8f00000, 0x00000000a9000000, 0x00000000a9000000|100%| O|  |TAMS 0x00000000a9000000, 0x00000000a8f00000| Untracked 
| 144|0x00000000a9000000, 0x00000000a9100000, 0x00000000a9100000|100%| O|  |TAMS 0x00000000a9100000, 0x00000000a9000000| Updating 
| 145|0x00000000a9100000, 0x00000000a9200000, 0x00000000a9200000|100%| O|  |TAMS 0x00000000a9200000, 0x00000000a9100000| Updating 
| 146|0x00000000a9200000, 0x00000000a9300000, 0x00000000a9300000|100%| O|  |TAMS 0x00000000a9300000, 0x00000000a9200000| Untracked 
| 147|0x00000000a9300000, 0x00000000a9400000, 0x00000000a9400000|100%| O|  |TAMS 0x00000000a9400000, 0x00000000a9300000| Updating 
| 148|0x00000000a9400000, 0x00000000a9500000, 0x00000000a9500000|100%| O|  |TAMS 0x00000000a9500000, 0x00000000a9400000| Untracked 
| 149|0x00000000a9500000, 0x00000000a9600000, 0x00000000a9600000|100%| O|  |TAMS 0x00000000a9600000, 0x00000000a9500000| Updating 
| 150|0x00000000a9600000, 0x00000000a9700000, 0x00000000a9700000|100%| O|  |TAMS 0x00000000a9700000, 0x00000000a9600000| Untracked 
| 151|0x00000000a9700000, 0x00000000a9800000, 0x00000000a9800000|100%| O|  |TAMS 0x00000000a9800000, 0x00000000a9700000| Untracked 
| 152|0x00000000a9800000, 0x00000000a9900000, 0x00000000a9900000|100%| O|  |TAMS 0x00000000a9900000, 0x00000000a9800000| Untracked 
| 153|0x00000000a9900000, 0x00000000a9a00000, 0x00000000a9a00000|100%| O|  |TAMS 0x00000000a9a00000, 0x00000000a9900000| Updating 
| 154|0x00000000a9a00000, 0x00000000a9a00000, 0x00000000a9b00000|  0%| F|  |TAMS 0x00000000a9a00000, 0x00000000a9a00000| Untracked 
| 155|0x00000000a9b00000, 0x00000000a9c00000, 0x00000000a9c00000|100%| O|  |TAMS 0x00000000a9b00000, 0x00000000a9b00000| Untracked 
| 156|0x00000000a9c00000, 0x00000000a9d00000, 0x00000000a9d00000|100%| O|  |TAMS 0x00000000a9d00000, 0x00000000a9c00000| Updating 
| 157|0x00000000a9d00000, 0x00000000a9e00000, 0x00000000a9e00000|100%| O|  |TAMS 0x00000000a9e00000, 0x00000000a9d00000| Untracked 
| 158|0x00000000a9e00000, 0x00000000a9f00000, 0x00000000a9f00000|100%| O|  |TAMS 0x00000000a9f00000, 0x00000000a9e00000| Untracked 
| 159|0x00000000a9f00000, 0x00000000aa000000, 0x00000000aa000000|100%| O|  |TAMS 0x00000000aa000000, 0x00000000a9f00000| Updating 
| 160|0x00000000aa000000, 0x00000000aa100000, 0x00000000aa100000|100%| O|  |TAMS 0x00000000aa100000, 0x00000000aa000000| Updating 
| 161|0x00000000aa100000, 0x00000000aa200000, 0x00000000aa200000|100%| O|  |TAMS 0x00000000aa200000, 0x00000000aa100000| Updating 
| 162|0x00000000aa200000, 0x00000000aa200000, 0x00000000aa300000|  0%| F|  |TAMS 0x00000000aa200000, 0x00000000aa200000| Untracked 
| 163|0x00000000aa300000, 0x00000000aa300000, 0x00000000aa400000|  0%| F|  |TAMS 0x00000000aa300000, 0x00000000aa300000| Untracked 
| 164|0x00000000aa400000, 0x00000000aa400000, 0x00000000aa500000|  0%| F|  |TAMS 0x00000000aa400000, 0x00000000aa400000| Untracked 
| 165|0x00000000aa500000, 0x00000000aa500000, 0x00000000aa600000|  0%| F|  |TAMS 0x00000000aa500000, 0x00000000aa500000| Untracked 
| 166|0x00000000aa600000, 0x00000000aa600000, 0x00000000aa700000|  0%| F|  |TAMS 0x00000000aa600000, 0x00000000aa600000| Untracked 
| 167|0x00000000aa700000, 0x00000000aa700000, 0x00000000aa800000|  0%| F|  |TAMS 0x00000000aa700000, 0x00000000aa700000| Untracked 
| 168|0x00000000aa800000, 0x00000000aa900000, 0x00000000aa900000|100%| O|  |TAMS 0x00000000aa800000, 0x00000000aa800000| Untracked 
| 169|0x00000000aa900000, 0x00000000aaa00000, 0x00000000aaa00000|100%| O|  |TAMS 0x00000000aa900000, 0x00000000aa900000| Untracked 
| 170|0x00000000aaa00000, 0x00000000aaa1ba00, 0x00000000aab00000| 10%| O|  |TAMS 0x00000000aaa00000, 0x00000000aaa00000| Updating 
| 171|0x00000000aab00000, 0x00000000aac00000, 0x00000000aac00000|100%|HS|  |TAMS 0x00000000aab00000, 0x00000000aab00000| Complete 
| 172|0x00000000aac00000, 0x00000000aad00000, 0x00000000aad00000|100%|HC|  |TAMS 0x00000000aac00000, 0x00000000aac00000| Complete 
| 173|0x00000000aad00000, 0x00000000aae00000, 0x00000000aae00000|100%|HC|  |TAMS 0x00000000aad00000, 0x00000000aad00000| Complete 
| 174|0x00000000aae00000, 0x00000000aaf00000, 0x00000000aaf00000|100%|HC|  |TAMS 0x00000000aae00000, 0x00000000aae00000| Complete 
| 175|0x00000000aaf00000, 0x00000000ab000000, 0x00000000ab000000|100%|HC|  |TAMS 0x00000000aaf00000, 0x00000000aaf00000| Complete 
| 176|0x00000000ab000000, 0x00000000ab100000, 0x00000000ab100000|100%|HC|  |TAMS 0x00000000ab000000, 0x00000000ab000000| Complete 
| 177|0x00000000ab100000, 0x00000000ab200000, 0x00000000ab200000|100%|HC|  |TAMS 0x00000000ab100000, 0x00000000ab100000| Complete 
| 178|0x00000000ab200000, 0x00000000ab300000, 0x00000000ab300000|100%|HC|  |TAMS 0x00000000ab200000, 0x00000000ab200000| Complete 
| 179|0x00000000ab300000, 0x00000000ab300000, 0x00000000ab400000|  0%| F|  |TAMS 0x00000000ab300000, 0x00000000ab300000| Untracked 
| 180|0x00000000ab400000, 0x00000000ab400000, 0x00000000ab500000|  0%| F|  |TAMS 0x00000000ab400000, 0x00000000ab400000| Untracked 
| 181|0x00000000ab500000, 0x00000000ab500000, 0x00000000ab600000|  0%| F|  |TAMS 0x00000000ab500000, 0x00000000ab500000| Untracked 
| 182|0x00000000ab600000, 0x00000000ab600000, 0x00000000ab700000|  0%| F|  |TAMS 0x00000000ab600000, 0x00000000ab600000| Untracked 
| 183|0x00000000ab700000, 0x00000000ab700000, 0x00000000ab800000|  0%| F|  |TAMS 0x00000000ab700000, 0x00000000ab700000| Untracked 
| 184|0x00000000ab800000, 0x00000000ab800000, 0x00000000ab900000|  0%| F|  |TAMS 0x00000000ab800000, 0x00000000ab800000| Untracked 
| 185|0x00000000ab900000, 0x00000000ab900000, 0x00000000aba00000|  0%| F|  |TAMS 0x00000000ab900000, 0x00000000ab900000| Untracked 
| 186|0x00000000aba00000, 0x00000000aba00000, 0x00000000abb00000|  0%| F|  |TAMS 0x00000000aba00000, 0x00000000aba00000| Untracked 
| 187|0x00000000abb00000, 0x00000000abb00000, 0x00000000abc00000|  0%| F|  |TAMS 0x00000000abb00000, 0x00000000abb00000| Untracked 
| 188|0x00000000abc00000, 0x00000000abc00000, 0x00000000abd00000|  0%| F|  |TAMS 0x00000000abc00000, 0x00000000abc00000| Untracked 
| 189|0x00000000abd00000, 0x00000000abd00000, 0x00000000abe00000|  0%| F|  |TAMS 0x00000000abd00000, 0x00000000abd00000| Untracked 
| 190|0x00000000abe00000, 0x00000000abe00000, 0x00000000abf00000|  0%| F|  |TAMS 0x00000000abe00000, 0x00000000abe00000| Untracked 
| 191|0x00000000abf00000, 0x00000000abf00000, 0x00000000ac000000|  0%| F|  |TAMS 0x00000000abf00000, 0x00000000abf00000| Untracked 
| 192|0x00000000ac000000, 0x00000000ac000000, 0x00000000ac100000|  0%| F|  |TAMS 0x00000000ac000000, 0x00000000ac000000| Untracked 
| 193|0x00000000ac100000, 0x00000000ac100000, 0x00000000ac200000|  0%| F|  |TAMS 0x00000000ac100000, 0x00000000ac100000| Untracked 
| 194|0x00000000ac200000, 0x00000000ac200000, 0x00000000ac300000|  0%| F|  |TAMS 0x00000000ac200000, 0x00000000ac200000| Untracked 
| 195|0x00000000ac300000, 0x00000000ac348e68, 0x00000000ac400000| 28%| S|CS|TAMS 0x00000000ac300000, 0x00000000ac300000| Complete 
| 196|0x00000000ac400000, 0x00000000ac500000, 0x00000000ac500000|100%| S|CS|TAMS 0x00000000ac400000, 0x00000000ac400000| Complete 
| 197|0x00000000ac500000, 0x00000000ac500000, 0x00000000ac600000|  0%| F|  |TAMS 0x00000000ac500000, 0x00000000ac500000| Untracked 
| 198|0x00000000ac600000, 0x00000000ac600000, 0x00000000ac700000|  0%| F|  |TAMS 0x00000000ac600000, 0x00000000ac600000| Untracked 
| 199|0x00000000ac700000, 0x00000000ac700000, 0x00000000ac800000|  0%| F|  |TAMS 0x00000000ac700000, 0x00000000ac700000| Untracked 
| 200|0x00000000ac800000, 0x00000000ac800000, 0x00000000ac900000|  0%| F|  |TAMS 0x00000000ac800000, 0x00000000ac800000| Untracked 
| 201|0x00000000ac900000, 0x00000000ac900000, 0x00000000aca00000|  0%| F|  |TAMS 0x00000000ac900000, 0x00000000ac900000| Untracked 
| 202|0x00000000aca00000, 0x00000000aca00000, 0x00000000acb00000|  0%| F|  |TAMS 0x00000000aca00000, 0x00000000aca00000| Untracked 
| 203|0x00000000acb00000, 0x00000000acb00000, 0x00000000acc00000|  0%| F|  |TAMS 0x00000000acb00000, 0x00000000acb00000| Untracked 
| 204|0x00000000acc00000, 0x00000000acc00000, 0x00000000acd00000|  0%| F|  |TAMS 0x00000000acc00000, 0x00000000acc00000| Untracked 
| 205|0x00000000acd00000, 0x00000000acd00000, 0x00000000ace00000|  0%| F|  |TAMS 0x00000000acd00000, 0x00000000acd00000| Untracked 
| 206|0x00000000ace00000, 0x00000000ace00000, 0x00000000acf00000|  0%| F|  |TAMS 0x00000000ace00000, 0x00000000ace00000| Untracked 
| 207|0x00000000acf00000, 0x00000000acf00000, 0x00000000ad000000|  0%| F|  |TAMS 0x00000000acf00000, 0x00000000acf00000| Untracked 
| 208|0x00000000ad000000, 0x00000000ad000000, 0x00000000ad100000|  0%| F|  |TAMS 0x00000000ad000000, 0x00000000ad000000| Untracked 
| 209|0x00000000ad100000, 0x00000000ad100000, 0x00000000ad200000|  0%| F|  |TAMS 0x00000000ad100000, 0x00000000ad100000| Untracked 
| 210|0x00000000ad200000, 0x00000000ad200000, 0x00000000ad300000|  0%| F|  |TAMS 0x00000000ad200000, 0x00000000ad200000| Untracked 
| 211|0x00000000ad300000, 0x00000000ad300000, 0x00000000ad400000|  0%| F|  |TAMS 0x00000000ad300000, 0x00000000ad300000| Untracked 
| 212|0x00000000ad400000, 0x00000000ad400000, 0x00000000ad500000|  0%| F|  |TAMS 0x00000000ad400000, 0x00000000ad400000| Untracked 
| 213|0x00000000ad500000, 0x00000000ad500000, 0x00000000ad600000|  0%| F|  |TAMS 0x00000000ad500000, 0x00000000ad500000| Untracked 
| 214|0x00000000ad600000, 0x00000000ad600000, 0x00000000ad700000|  0%| F|  |TAMS 0x00000000ad600000, 0x00000000ad600000| Untracked 
| 215|0x00000000ad700000, 0x00000000ad700000, 0x00000000ad800000|  0%| F|  |TAMS 0x00000000ad700000, 0x00000000ad700000| Untracked 
| 216|0x00000000ad800000, 0x00000000ad800000, 0x00000000ad900000|  0%| F|  |TAMS 0x00000000ad800000, 0x00000000ad800000| Untracked 
| 217|0x00000000ad900000, 0x00000000ad900000, 0x00000000ada00000|  0%| F|  |TAMS 0x00000000ad900000, 0x00000000ad900000| Untracked 
| 218|0x00000000ada00000, 0x00000000ada00000, 0x00000000adb00000|  0%| F|  |TAMS 0x00000000ada00000, 0x00000000ada00000| Untracked 
| 219|0x00000000adb00000, 0x00000000adb00000, 0x00000000adc00000|  0%| F|  |TAMS 0x00000000adb00000, 0x00000000adb00000| Untracked 
| 220|0x00000000adc00000, 0x00000000adc00000, 0x00000000add00000|  0%| F|  |TAMS 0x00000000adc00000, 0x00000000adc00000| Untracked 
| 221|0x00000000add00000, 0x00000000add00000, 0x00000000ade00000|  0%| F|  |TAMS 0x00000000add00000, 0x00000000add00000| Untracked 
| 222|0x00000000ade00000, 0x00000000ade00000, 0x00000000adf00000|  0%| F|  |TAMS 0x00000000ade00000, 0x00000000ade00000| Untracked 
| 223|0x00000000adf00000, 0x00000000adf00000, 0x00000000ae000000|  0%| F|  |TAMS 0x00000000adf00000, 0x00000000adf00000| Untracked 
| 224|0x00000000ae000000, 0x00000000ae000000, 0x00000000ae100000|  0%| F|  |TAMS 0x00000000ae000000, 0x00000000ae000000| Untracked 
| 225|0x00000000ae100000, 0x00000000ae100000, 0x00000000ae200000|  0%| F|  |TAMS 0x00000000ae100000, 0x00000000ae100000| Untracked 
| 226|0x00000000ae200000, 0x00000000ae200000, 0x00000000ae300000|  0%| F|  |TAMS 0x00000000ae200000, 0x00000000ae200000| Untracked 
| 227|0x00000000ae300000, 0x00000000ae300000, 0x00000000ae400000|  0%| F|  |TAMS 0x00000000ae300000, 0x00000000ae300000| Untracked 
| 228|0x00000000ae400000, 0x00000000ae400000, 0x00000000ae500000|  0%| F|  |TAMS 0x00000000ae400000, 0x00000000ae400000| Untracked 
| 229|0x00000000ae500000, 0x00000000ae500000, 0x00000000ae600000|  0%| F|  |TAMS 0x00000000ae500000, 0x00000000ae500000| Untracked 
| 230|0x00000000ae600000, 0x00000000ae600000, 0x00000000ae700000|  0%| F|  |TAMS 0x00000000ae600000, 0x00000000ae600000| Untracked 
| 231|0x00000000ae700000, 0x00000000ae700000, 0x00000000ae800000|  0%| F|  |TAMS 0x00000000ae700000, 0x00000000ae700000| Untracked 
| 232|0x00000000ae800000, 0x00000000ae800000, 0x00000000ae900000|  0%| F|  |TAMS 0x00000000ae800000, 0x00000000ae800000| Untracked 
| 233|0x00000000ae900000, 0x00000000ae900000, 0x00000000aea00000|  0%| F|  |TAMS 0x00000000ae900000, 0x00000000ae900000| Untracked 
| 234|0x00000000aea00000, 0x00000000aea00000, 0x00000000aeb00000|  0%| F|  |TAMS 0x00000000aea00000, 0x00000000aea00000| Untracked 
| 235|0x00000000aeb00000, 0x00000000aeb00000, 0x00000000aec00000|  0%| F|  |TAMS 0x00000000aeb00000, 0x00000000aeb00000| Untracked 
| 236|0x00000000aec00000, 0x00000000aec00000, 0x00000000aed00000|  0%| F|  |TAMS 0x00000000aec00000, 0x00000000aec00000| Untracked 
| 237|0x00000000aed00000, 0x00000000aed00000, 0x00000000aee00000|  0%| F|  |TAMS 0x00000000aed00000, 0x00000000aed00000| Untracked 
| 238|0x00000000aee00000, 0x00000000aee00000, 0x00000000aef00000|  0%| F|  |TAMS 0x00000000aee00000, 0x00000000aee00000| Untracked 
| 239|0x00000000aef00000, 0x00000000aef00000, 0x00000000af000000|  0%| F|  |TAMS 0x00000000aef00000, 0x00000000aef00000| Untracked 
| 240|0x00000000af000000, 0x00000000af000000, 0x00000000af100000|  0%| F|  |TAMS 0x00000000af000000, 0x00000000af000000| Untracked 
| 241|0x00000000af100000, 0x00000000af100000, 0x00000000af200000|  0%| F|  |TAMS 0x00000000af100000, 0x00000000af100000| Untracked 
| 242|0x00000000af200000, 0x00000000af200000, 0x00000000af300000|  0%| F|  |TAMS 0x00000000af200000, 0x00000000af200000| Untracked 
| 243|0x00000000af300000, 0x00000000af300000, 0x00000000af400000|  0%| F|  |TAMS 0x00000000af300000, 0x00000000af300000| Untracked 
| 244|0x00000000af400000, 0x00000000af400000, 0x00000000af500000|  0%| F|  |TAMS 0x00000000af400000, 0x00000000af400000| Untracked 
| 245|0x00000000af500000, 0x00000000af500000, 0x00000000af600000|  0%| F|  |TAMS 0x00000000af500000, 0x00000000af500000| Untracked 
| 246|0x00000000af600000, 0x00000000af600000, 0x00000000af700000|  0%| F|  |TAMS 0x00000000af600000, 0x00000000af600000| Untracked 
| 247|0x00000000af700000, 0x00000000af700000, 0x00000000af800000|  0%| F|  |TAMS 0x00000000af700000, 0x00000000af700000| Untracked 
| 248|0x00000000af800000, 0x00000000af800000, 0x00000000af900000|  0%| F|  |TAMS 0x00000000af800000, 0x00000000af800000| Untracked 
| 249|0x00000000af900000, 0x00000000af900000, 0x00000000afa00000|  0%| F|  |TAMS 0x00000000af900000, 0x00000000af900000| Untracked 
| 250|0x00000000afa00000, 0x00000000afa00000, 0x00000000afb00000|  0%| F|  |TAMS 0x00000000afa00000, 0x00000000afa00000| Untracked 
| 251|0x00000000afb00000, 0x00000000afb00000, 0x00000000afc00000|  0%| F|  |TAMS 0x00000000afb00000, 0x00000000afb00000| Untracked 
| 252|0x00000000afc00000, 0x00000000afc00000, 0x00000000afd00000|  0%| F|  |TAMS 0x00000000afc00000, 0x00000000afc00000| Untracked 
| 253|0x00000000afd00000, 0x00000000afd50d88, 0x00000000afe00000| 31%| E|  |TAMS 0x00000000afd00000, 0x00000000afd00000| Complete 
| 254|0x00000000afe00000, 0x00000000aff00000, 0x00000000aff00000|100%| E|CS|TAMS 0x00000000afe00000, 0x00000000afe00000| Complete 
| 255|0x00000000aff00000, 0x00000000b0000000, 0x00000000b0000000|100%| E|CS|TAMS 0x00000000aff00000, 0x00000000aff00000| Complete 
| 256|0x00000000b0000000, 0x00000000b0100000, 0x00000000b0100000|100%| E|CS|TAMS 0x00000000b0000000, 0x00000000b0000000| Complete 
| 257|0x00000000b0100000, 0x00000000b0200000, 0x00000000b0200000|100%| E|CS|TAMS 0x00000000b0100000, 0x00000000b0100000| Complete 
| 258|0x00000000b0200000, 0x00000000b0300000, 0x00000000b0300000|100%| E|CS|TAMS 0x00000000b0200000, 0x00000000b0200000| Complete 
| 259|0x00000000b0300000, 0x00000000b0400000, 0x00000000b0400000|100%| E|CS|TAMS 0x00000000b0300000, 0x00000000b0300000| Complete 
| 260|0x00000000b0400000, 0x00000000b0500000, 0x00000000b0500000|100%| E|CS|TAMS 0x00000000b0400000, 0x00000000b0400000| Complete 
| 261|0x00000000b0500000, 0x00000000b0600000, 0x00000000b0600000|100%| E|CS|TAMS 0x00000000b0500000, 0x00000000b0500000| Complete 
| 262|0x00000000b0600000, 0x00000000b0700000, 0x00000000b0700000|100%| E|CS|TAMS 0x00000000b0600000, 0x00000000b0600000| Complete 
| 263|0x00000000b0700000, 0x00000000b0800000, 0x00000000b0800000|100%| E|CS|TAMS 0x00000000b0700000, 0x00000000b0700000| Complete 
| 264|0x00000000b0800000, 0x00000000b0900000, 0x00000000b0900000|100%| E|CS|TAMS 0x00000000b0800000, 0x00000000b0800000| Complete 
| 265|0x00000000b0900000, 0x00000000b0a00000, 0x00000000b0a00000|100%| E|CS|TAMS 0x00000000b0900000, 0x00000000b0900000| Complete 
| 266|0x00000000b0a00000, 0x00000000b0b00000, 0x00000000b0b00000|100%| E|CS|TAMS 0x00000000b0a00000, 0x00000000b0a00000| Complete 
| 267|0x00000000b0b00000, 0x00000000b0c00000, 0x00000000b0c00000|100%| E|CS|TAMS 0x00000000b0b00000, 0x00000000b0b00000| Complete 
| 268|0x00000000b0c00000, 0x00000000b0d00000, 0x00000000b0d00000|100%| E|CS|TAMS 0x00000000b0c00000, 0x00000000b0c00000| Complete 
| 269|0x00000000b0d00000, 0x00000000b0e00000, 0x00000000b0e00000|100%| E|CS|TAMS 0x00000000b0d00000, 0x00000000b0d00000| Complete 
|1535|0x00000000fff00000, 0x0000000100000000, 0x0000000100000000|100%| O|  |TAMS 0x0000000100000000, 0x00000000fff00000| Updating 

Card table byte_map: [0x000001f77ccf0000,0x000001f77cff0000] _byte_map_base: 0x000001f77c7f0000

Marking Bits (Prev, Next): (CMBitMap*) 0x000001f765e6cd30, (CMBitMap*) 0x000001f765e6ccf0
 Prev Bits: [0x000001f700000000, 0x000001f701800000)
 Next Bits: [0x000001f77d2f0000, 0x000001f77eaf0000)

Polling page: 0x000001f7655f0000

Metaspace:

Usage:
  Non-class:     81.65 MB used.
      Class:     13.01 MB used.
       Both:     94.67 MB used.

Virtual space:
  Non-class space:      128.00 MB reserved,      82.06 MB ( 64%) committed,  2 nodes.
      Class space:        1.00 GB reserved,      13.44 MB (  1%) committed,  1 nodes.
             Both:        1.12 GB reserved,      95.50 MB (  8%) committed. 

Chunk freelists:
   Non-Class:  13.33 MB
       Class:  2.47 MB
        Both:  15.80 MB

MaxMetaspaceSize: unlimited
CompressedClassSpaceSize: 1.00 GB
Initial GC threshold: 21.00 MB
Current GC threshold: 150.31 MB
CDS: on
MetaspaceReclaimPolicy: balanced
 - commit_granule_bytes: 65536.
 - commit_granule_words: 8192.
 - virtual_space_node_default_size: 8388608.
 - enlarge_chunks_in_place: 1.
 - new_chunks_are_fully_committed: 0.
 - uncommit_free_chunks: 1.
 - use_allocation_guard: 0.
 - handle_deallocations: 1.


Internal statistics:

num_allocs_failed_limit: 6.
num_arena_births: 1144.
num_arena_deaths: 0.
num_vsnodes_births: 3.
num_vsnodes_deaths: 0.
num_space_committed: 1528.
num_space_uncommitted: 0.
num_chunks_returned_to_freelist: 6.
num_chunks_taken_from_freelist: 5124.
num_chunk_merges: 6.
num_chunk_splits: 3410.
num_chunks_enlarged: 2297.
num_purges: 0.
num_inconsistent_stats: 0.

CodeHeap 'non-profiled nmethods': size=120000Kb used=7600Kb max_used=7600Kb free=112399Kb
 bounds [0x000001f775190000, 0x000001f775900000, 0x000001f77c6c0000]
CodeHeap 'profiled nmethods': size=120000Kb used=24928Kb max_used=24928Kb free=95071Kb
 bounds [0x000001f76d6c0000, 0x000001f76ef20000, 0x000001f774bf0000]
CodeHeap 'non-nmethods': size=5760Kb used=2415Kb max_used=2528Kb free=3344Kb
 bounds [0x000001f774bf0000, 0x000001f774e90000, 0x000001f775190000]
 total_blobs=13686 nmethods=12739 adapters=856
 compilation: enabled
              stopped_count=0, restarted_count=0
 full_count=0

Compilation events (20 events):
Event: 27.911 Thread 0x000001f77f53fcd0 14380   !   3       jdk.internal.reflect.GeneratedSerializationConstructorAccessor64::newInstance (49 bytes)
Event: 27.912 Thread 0x000001f77f53fcd0 nmethod 14380 0x000001f76ef0e110 code [0x000001f76ef0e2e0, 0x000001f76ef0e6e8]
Event: 27.912 Thread 0x000001f77f53fcd0 14382   !   3       jdk.internal.reflect.GeneratedSerializationConstructorAccessor63::newInstance (49 bytes)
Event: 27.912 Thread 0x000001f77f53fcd0 nmethod 14382 0x000001f76ef0e910 code [0x000001f76ef0eae0, 0x000001f76ef0eee8]
Event: 27.913 Thread 0x000001f77f53fcd0 14384       2       java.util.LinkedHashMap::internalWriteEntries (34 bytes)
Event: 27.914 Thread 0x000001f77f53fcd0 nmethod 14384 0x000001f76ef0f110 code [0x000001f76ef0f2c0, 0x000001f76ef0f498]
Event: 27.914 Thread 0x000001f77f53fcd0 14385       2       java.io.ObjectOutputStream$BlockDataOutputStream::writeBlockHeader (70 bytes)
Event: 27.914 Thread 0x000001f77f53fcd0 nmethod 14385 0x000001f76ef0f610 code [0x000001f76ef0f7e0, 0x000001f76ef0fa48]
Event: 27.918 Thread 0x000001f77f53fcd0 14388       2       java.io.ObjectStreamClass::getClassDataLayout0 (297 bytes)
Event: 27.921 Thread 0x000001f77f53fcd0 nmethod 14388 0x000001f76ef0fc10 code [0x000001f76ef0ff80, 0x000001f76ef11228]
Event: 27.922 Thread 0x000001f77f53fcd0 14389       2       java.io.ObjectOutputStream::defaultWriteObject (54 bytes)
Event: 27.922 Thread 0x000001f77f53fcd0 nmethod 14389 0x000001f76ef11d10 code [0x000001f76ef11f00, 0x000001f76ef12248]
Event: 27.922 Thread 0x000001f77f53fcd0 14390       2       java.io.ObjectInputStream$HandleTable::grow (85 bytes)
Event: 27.923 Thread 0x000001f77f53fcd0 nmethod 14390 0x000001f76ef12490 code [0x000001f76ef12660, 0x000001f76ef12c88]
Event: 27.926 Thread 0x000001f77f53fcd0 14391       2       org.gradle.internal.instantiation.generator.AsmBackedClassGenerator$$Lambda$860/0x000001f705653800::isSatisfiedBy (8 bytes)
Event: 27.927 Thread 0x000001f77f53fcd0 nmethod 14391 0x000001f76ef12e10 code [0x000001f76ef12fc0, 0x000001f76ef13148]
Event: 27.927 Thread 0x000001f77f53fcd0 14392       2       org.gradle.internal.instantiation.generator.AsmBackedClassGenerator::lambda$createForSerialization$0 (10 bytes)
Event: 27.927 Thread 0x000001f77f53fcd0 nmethod 14392 0x000001f76ef13290 code [0x000001f76ef13420, 0x000001f76ef13548]
Event: 27.937 Thread 0x000001f77f53fcd0 14395       3       com.android.ide.common.resources.RelativeResourceUtils::getRelativeSourceSetPath (173 bytes)
Event: 27.943 Thread 0x000001f77f53fcd0 nmethod 14395 0x000001f76ef13610 code [0x000001f76ef13c40, 0x000001f76ef170a8]

GC Heap History (20 events):
Event: 23.534 GC heap before
{Heap before GC invocations=39 (full 0):
 garbage-first heap   total 162816K, used 137532K [0x00000000a0000000, 0x0000000100000000)
  region size 1024K, 24 young (24576K), 3 survivors (3072K)
 Metaspace       used 91011K, committed 91776K, reserved 1179648K
  class space    used 12648K, committed 12992K, reserved 1048576K
}
Event: 23.538 GC heap after
{Heap after GC invocations=40 (full 0):
 garbage-first heap   total 195584K, used 118316K [0x00000000a0000000, 0x0000000100000000)
  region size 1024K, 3 young (3072K), 3 survivors (3072K)
 Metaspace       used 91011K, committed 91776K, reserved 1179648K
  class space    used 12648K, committed 12992K, reserved 1048576K
}
Event: 24.648 GC heap before
{Heap before GC invocations=41 (full 0):
 garbage-first heap   total 214016K, used 161324K [0x00000000a0000000, 0x0000000100000000)
  region size 1024K, 46 young (47104K), 3 survivors (3072K)
 Metaspace       used 93457K, committed 94208K, reserved 1179648K
  class space    used 12917K, committed 13312K, reserved 1048576K
}
Event: 24.657 GC heap after
{Heap after GC invocations=42 (full 0):
 garbage-first heap   total 214016K, used 123250K [0x00000000a0000000, 0x0000000100000000)
  region size 1024K, 6 young (6144K), 6 survivors (6144K)
 Metaspace       used 93457K, committed 94208K, reserved 1179648K
  class space    used 12917K, committed 13312K, reserved 1048576K
}
Event: 24.753 GC heap before
{Heap before GC invocations=42 (full 0):
 garbage-first heap   total 214016K, used 127346K [0x00000000a0000000, 0x0000000100000000)
  region size 1024K, 10 young (10240K), 6 survivors (6144K)
 Metaspace       used 93479K, committed 94208K, reserved 1179648K
  class space    used 12917K, committed 13312K, reserved 1048576K
}
Event: 24.761 GC heap after
{Heap after GC invocations=43 (full 0):
 garbage-first heap   total 214016K, used 125003K [0x00000000a0000000, 0x0000000100000000)
  region size 1024K, 2 young (2048K), 2 survivors (2048K)
 Metaspace       used 93479K, committed 94208K, reserved 1179648K
  class space    used 12917K, committed 13312K, reserved 1048576K
}
Event: 25.770 GC heap before
{Heap before GC invocations=43 (full 0):
 garbage-first heap   total 214016K, used 185419K [0x00000000a0000000, 0x0000000100000000)
  region size 1024K, 52 young (53248K), 2 survivors (2048K)
 Metaspace       used 93669K, committed 94464K, reserved 1179648K
  class space    used 12917K, committed 13312K, reserved 1048576K
}
Event: 25.787 GC heap after
{Heap after GC invocations=44 (full 0):
 garbage-first heap   total 214016K, used 149746K [0x00000000a0000000, 0x0000000100000000)
  region size 1024K, 7 young (7168K), 7 survivors (7168K)
 Metaspace       used 93669K, committed 94464K, reserved 1179648K
  class space    used 12917K, committed 13312K, reserved 1048576K
}
Event: 26.428 GC heap before
{Heap before GC invocations=44 (full 0):
 garbage-first heap   total 214016K, used 183538K [0x00000000a0000000, 0x0000000100000000)
  region size 1024K, 32 young (32768K), 7 survivors (7168K)
 Metaspace       used 94228K, committed 95040K, reserved 1179648K
  class space    used 12974K, committed 13376K, reserved 1048576K
}
Event: 26.436 GC heap after
{Heap after GC invocations=45 (full 0):
 garbage-first heap   total 214016K, used 154394K [0x00000000a0000000, 0x0000000100000000)
  region size 1024K, 4 young (4096K), 4 survivors (4096K)
 Metaspace       used 94228K, committed 95040K, reserved 1179648K
  class space    used 12974K, committed 13376K, reserved 1048576K
}
Event: 26.785 GC heap before
{Heap before GC invocations=45 (full 0):
 garbage-first heap   total 214016K, used 176922K [0x00000000a0000000, 0x0000000100000000)
  region size 1024K, 26 young (26624K), 4 survivors (4096K)
 Metaspace       used 94310K, committed 95104K, reserved 1179648K
  class space    used 12974K, committed 13376K, reserved 1048576K
}
Event: 26.794 GC heap after
{Heap after GC invocations=46 (full 0):
 garbage-first heap   total 214016K, used 159604K [0x00000000a0000000, 0x0000000100000000)
  region size 1024K, 4 young (4096K), 4 survivors (4096K)
 Metaspace       used 94310K, committed 95104K, reserved 1179648K
  class space    used 12974K, committed 13376K, reserved 1048576K
}
Event: 27.156 GC heap before
{Heap before GC invocations=46 (full 0):
 garbage-first heap   total 214016K, used 180084K [0x00000000a0000000, 0x0000000100000000)
  region size 1024K, 24 young (24576K), 4 survivors (4096K)
 Metaspace       used 96378K, committed 97216K, reserved 1179648K
  class space    used 13266K, committed 13696K, reserved 1048576K
}
Event: 27.163 GC heap after
{Heap after GC invocations=47 (full 0):
 garbage-first heap   total 214016K, used 161430K [0x00000000a0000000, 0x0000000100000000)
  region size 1024K, 2 young (2048K), 2 survivors (2048K)
 Metaspace       used 96378K, committed 97216K, reserved 1179648K
  class space    used 13266K, committed 13696K, reserved 1048576K
}
Event: 27.500 GC heap before
{Heap before GC invocations=47 (full 0):
 garbage-first heap   total 214016K, used 179862K [0x00000000a0000000, 0x0000000100000000)
  region size 1024K, 21 young (21504K), 2 survivors (2048K)
 Metaspace       used 96472K, committed 97280K, reserved 1179648K
  class space    used 13273K, committed 13696K, reserved 1048576K
}
Event: 27.509 GC heap after
{Heap after GC invocations=48 (full 0):
 garbage-first heap   total 214016K, used 167936K [0x00000000a0000000, 0x0000000100000000)
  region size 1024K, 3 young (3072K), 3 survivors (3072K)
 Metaspace       used 96472K, committed 97280K, reserved 1179648K
  class space    used 13273K, committed 13696K, reserved 1048576K
}
Event: 27.637 GC heap before
{Heap before GC invocations=48 (full 0):
 garbage-first heap   total 214016K, used 177152K [0x00000000a0000000, 0x0000000100000000)
  region size 1024K, 6 young (6144K), 3 survivors (3072K)
 Metaspace       used 96472K, committed 97280K, reserved 1179648K
  class space    used 13273K, committed 13696K, reserved 1048576K
}
Event: 27.643 GC heap after
{Heap after GC invocations=49 (full 0):
 garbage-first heap   total 214016K, used 172330K [0x00000000a0000000, 0x0000000100000000)
  region size 1024K, 1 young (1024K), 1 survivors (1024K)
 Metaspace       used 96472K, committed 97280K, reserved 1179648K
  class space    used 13273K, committed 13696K, reserved 1048576K
}
Event: 27.848 GC heap before
{Heap before GC invocations=49 (full 0):
 garbage-first heap   total 214016K, used 203050K [0x00000000a0000000, 0x0000000100000000)
  region size 1024K, 11 young (11264K), 1 survivors (1024K)
 Metaspace       used 96846K, committed 97728K, reserved 1179648K
  class space    used 13317K, committed 13760K, reserved 1048576K
}
Event: 27.852 GC heap after
{Heap after GC invocations=50 (full 0):
 garbage-first heap   total 277504K, used 177554K [0x00000000a0000000, 0x0000000100000000)
  region size 1024K, 2 young (2048K), 2 survivors (2048K)
 Metaspace       used 96846K, committed 97728K, reserved 1179648K
  class space    used 13317K, committed 13760K, reserved 1048576K
}

Deoptimization events (20 events):
Event: 27.334 Thread 0x000001f74d1dd160 DEOPT PACKING pc=0x000001f77587797c sp=0x000000277d9f9990
Event: 27.334 Thread 0x000001f74d1dd160 DEOPT UNPACKING pc=0x000001f774c423a3 sp=0x000000277d9f98c0 mode 2
Event: 27.334 Thread 0x000001f74d1dd160 Uncommon trap: trap_request=0xffffffc6 fr.pc=0x000001f77587797c relative=0x00000000000005fc
Event: 27.334 Thread 0x000001f74d1dd160 Uncommon trap: reason=bimorphic_or_optimized_type_check action=maybe_recompile pc=0x000001f77587797c method=org.apache.xerces.dom.ParentNode.checkNormalizationAfterInsert(Lorg/apache/xerces/dom/ChildNode;)V @ 23 c2
Event: 27.334 Thread 0x000001f74d1dd160 DEOPT PACKING pc=0x000001f77587797c sp=0x000000277d9f9990
Event: 27.334 Thread 0x000001f74d1dd160 DEOPT UNPACKING pc=0x000001f774c423a3 sp=0x000000277d9f98c0 mode 2
Event: 27.334 Thread 0x000001f74d1dd160 Uncommon trap: trap_request=0xffffffc6 fr.pc=0x000001f77587797c relative=0x00000000000005fc
Event: 27.334 Thread 0x000001f74d1dd160 Uncommon trap: reason=bimorphic_or_optimized_type_check action=maybe_recompile pc=0x000001f77587797c method=org.apache.xerces.dom.ParentNode.checkNormalizationAfterInsert(Lorg/apache/xerces/dom/ChildNode;)V @ 23 c2
Event: 27.334 Thread 0x000001f74d1dd160 DEOPT PACKING pc=0x000001f77587797c sp=0x000000277d9f9990
Event: 27.334 Thread 0x000001f74d1dd160 DEOPT UNPACKING pc=0x000001f774c423a3 sp=0x000000277d9f98c0 mode 2
Event: 27.492 Thread 0x000001f74d1dd160 Uncommon trap: trap_request=0xffffff45 fr.pc=0x000001f775885770 relative=0x0000000000000af0
Event: 27.492 Thread 0x000001f74d1dd160 Uncommon trap: reason=unstable_if action=reinterpret pc=0x000001f775885770 method=com.android.utils.XmlUtils.toXmlAttributeValue(Ljava/lang/String;)Ljava/lang/String; @ 33 c2
Event: 27.492 Thread 0x000001f74d1dd160 DEOPT PACKING pc=0x000001f775885770 sp=0x000000277d9f9950
Event: 27.492 Thread 0x000001f74d1dd160 DEOPT UNPACKING pc=0x000001f774c423a3 sp=0x000000277d9f9918 mode 2
Event: 27.855 Thread 0x000001f74d1dd160 DEOPT PACKING pc=0x000001f76e49f950 sp=0x000000277d9f9090
Event: 27.855 Thread 0x000001f74d1dd160 DEOPT UNPACKING pc=0x000001f774c42b43 sp=0x000000277d9f84f8 mode 0
Event: 27.908 Thread 0x000001f74d1dd160 DEOPT PACKING pc=0x000001f76eee083f sp=0x000000277d9f8200
Event: 27.908 Thread 0x000001f74d1dd160 DEOPT UNPACKING pc=0x000001f774c42b43 sp=0x000000277d9f76a8 mode 0
Event: 27.937 Thread 0x000001f74d1dd160 DEOPT PACKING pc=0x000001f76ee3ba92 sp=0x000000277d9f8680
Event: 27.937 Thread 0x000001f74d1dd160 DEOPT UNPACKING pc=0x000001f774c42b43 sp=0x000000277d9f7c60 mode 0

Classes unloaded (0 events):
No events

Classes redefined (0 events):
No events

Internal exceptions (20 events):
Event: 22.114 Thread 0x000001f74a644fc0 Exception <a 'java/lang/NoSuchMethodError'{0x00000000a9487dd0}: 'java.lang.Object java.lang.invoke.Invokers$Holder.linkToTargetMethod(java.lang.Object, java.lang.Object, java.lang.Object, int, java.lang.Object, java.lang.Object)'> (0x00000000a9487dd0) 
thrown [s\open\src\hotspot\share\interpreter\linkResolver.cpp, line 759]
Event: 22.176 Thread 0x000001f74d1dd160 Exception <a 'java/lang/NoSuchMethodError'{0x00000000a90b0780}: 'void java.lang.invoke.DirectMethodHandle$Holder.invokeInterface(java.lang.Object, java.lang.Object, java.lang.Object, java.lang.Object)'> (0x00000000a90b0780) 
thrown [s\open\src\hotspot\share\interpreter\linkResolver.cpp, line 759]
Event: 22.197 Thread 0x000001f74b14e7e0 Exception <a 'java/lang/NoSuchMethodError'{0x00000000a8fb1168}: static Lorg/gradle/internal/build/event/types/DefaultTaskStartedProgressEvent;.<clinit>()V> (0x00000000a8fb1168) 
thrown [s\open\src\hotspot\share\prims\jni.cpp, line 1107]
Event: 22.198 Thread 0x000001f74b14e7e0 Exception <a 'java/lang/NoSuchMethodError'{0x00000000a8fbd4c8}: static Lorg/gradle/internal/build/event/types/DefaultTaskDescriptor;.<clinit>()V> (0x00000000a8fbd4c8) 
thrown [s\open\src\hotspot\share\prims\jni.cpp, line 1107]
Event: 22.230 Thread 0x000001f74b14e7e0 Exception <a 'java/lang/NoSuchMethodError'{0x00000000a8ef1330}: static Lorg/gradle/internal/build/event/types/DefaultTaskFinishedProgressEvent;.<clinit>()V> (0x00000000a8ef1330) 
thrown [s\open\src\hotspot\share\prims\jni.cpp, line 1107]
Event: 22.232 Thread 0x000001f74b14e7e0 Exception <a 'java/lang/NoSuchMethodError'{0x00000000a8d3d198}: static Lorg/gradle/internal/build/event/types/DefaultTaskSuccessResult;.<clinit>()V> (0x00000000a8d3d198) 
thrown [s\open\src\hotspot\share\prims\jni.cpp, line 1107]
Event: 22.232 Thread 0x000001f74b14e7e0 Exception <a 'java/lang/NoSuchMethodError'{0x00000000a8d3e8b8}: static Lorg/gradle/internal/build/event/types/AbstractTaskResult;.<clinit>()V> (0x00000000a8d3e8b8) 
thrown [s\open\src\hotspot\share\prims\jni.cpp, line 1107]
Event: 22.237 Thread 0x000001f74d1dd160 Exception <a 'sun/nio/fs/WindowsException'{0x00000000a8ecc6b0}> (0x00000000a8ecc6b0) 
thrown [s\open\src\hotspot\share\prims\jni.cpp, line 516]
Event: 22.248 Thread 0x000001f74b14e7e0 Exception <a 'java/lang/NoSuchMethodError'{0x00000000a8c80ea8}: static Lorg/gradle/internal/build/event/types/DefaultTaskSkippedResult;.<clinit>()V> (0x00000000a8c80ea8) 
thrown [s\open\src\hotspot\share\prims\jni.cpp, line 1107]
Event: 22.258 Thread 0x000001f74d1d97a0 Exception <a 'java/lang/NoSuchMethodError'{0x00000000a8ce4a88}: static Lcom/android/buildanalyzer/common/AndroidGradlePluginAttributionData$BuildInfo;.<clinit>()V> (0x00000000a8ce4a88) 
thrown [s\open\src\hotspot\share\prims\jni.cpp, line 1107]
Event: 22.265 Thread 0x000001f74d1d97a0 Exception <a 'java/lang/NoSuchMethodError'{0x00000000a8b40800}: static Lcom/android/buildanalyzer/common/AndroidGradlePluginAttributionData$JavaInfo;.<clinit>()V> (0x00000000a8b40800) 
thrown [s\open\src\hotspot\share\prims\jni.cpp, line 1107]
Event: 22.269 Thread 0x000001f74d1d97a0 Exception <a 'java/lang/NoSuchMethodError'{0x00000000a8ba9688}: static [Ljava/lang/String;.<clinit>()V> (0x00000000a8ba9688) 
thrown [s\open\src\hotspot\share\prims\jni.cpp, line 1107]
Event: 22.271 Thread 0x000001f74d1d97a0 Exception <a 'java/lang/NoSuchMethodError'{0x00000000a8a65fb0}: static Lcom/android/buildanalyzer/common/AndroidGradlePluginAttributionData$TaskInfo;.<clinit>()V> (0x00000000a8a65fb0) 
thrown [s\open\src\hotspot\share\prims\jni.cpp, line 1107]
Event: 22.273 Thread 0x000001f74d1d97a0 Exception <a 'java/lang/NoSuchMethodError'{0x00000000a8afbe70}: static Lcom/android/buildanalyzer/common/AndroidGradlePluginAttributionData$TaskCategoryInfo;.<clinit>()V> (0x00000000a8afbe70) 
thrown [s\open\src\hotspot\share\prims\jni.cpp, line 1107]
Event: 22.815 Thread 0x000001f74d1dd160 Exception <a 'java/lang/NoSuchMethodError'{0x00000000a8ef7aa0}: 'void java.lang.invoke.DirectMethodHandle$Holder.invokeStatic(java.lang.Object, java.lang.Object, java.lang.Object, java.lang.Object, int, java.lang.Object, java.lang.Object)'> (0x00000000a8ef7aa0) 
thrown [s\open\src\hotspot\share\interpreter\linkResolver.cpp, line 759]
Event: 27.772 Thread 0x000001f74d1dd160 Exception <a 'java/lang/NoSuchMethodError'{0x00000000acdf4638}: static Lcom/android/ide/common/resources/CompileResourceRequest;.<clinit>()V> (0x00000000acdf4638) 
thrown [s\open\src\hotspot\share\prims\jni.cpp, line 1107]
Event: 27.777 Thread 0x000001f74d1dd160 Exception <a 'java/lang/NoSuchMethodError'{0x00000000acb2f878}: static Ljava/lang/Object;.<clinit>()V> (0x00000000acb2f878) 
thrown [s\open\src\hotspot\share\prims\jni.cpp, line 1107]
Event: 27.779 Thread 0x000001f74d1dd160 Exception <a 'java/lang/NoSuchMethodError'{0x00000000acb44a80}: static Ljava/lang/Object;.<clinit>()V> (0x00000000acb44a80) 
thrown [s\open\src\hotspot\share\prims\jni.cpp, line 1107]
Event: 27.780 Thread 0x000001f74d1dd160 Exception <a 'java/lang/NoSuchMethodError'{0x00000000acb58210}: static Ljava/lang/Object;.<clinit>()V> (0x00000000acb58210) 
thrown [s\open\src\hotspot\share\prims\jni.cpp, line 1107]
Event: 27.802 Thread 0x000001f74d1dd160 Exception <a 'java/lang/NoSuchMethodError'{0x00000000acad6120}: static Lkotlin/InitializedLazyImpl;.<clinit>()V> (0x00000000acad6120) 
thrown [s\open\src\hotspot\share\prims\jni.cpp, line 1107]

VM Operations (20 events):
Event: 26.891 Executing VM operation: HandshakeAllThreads done
Event: 26.899 Executing VM operation: HandshakeAllThreads
Event: 26.899 Executing VM operation: HandshakeAllThreads done
Event: 26.934 Executing VM operation: HandshakeAllThreads
Event: 26.934 Executing VM operation: HandshakeAllThreads done
Event: 26.945 Executing VM operation: HandshakeAllThreads
Event: 26.945 Executing VM operation: HandshakeAllThreads done
Event: 26.946 Executing VM operation: HandshakeAllThreads
Event: 26.947 Executing VM operation: HandshakeAllThreads done
Event: 26.948 Executing VM operation: HandshakeAllThreads
Event: 26.948 Executing VM operation: HandshakeAllThreads done
Event: 27.156 Executing VM operation: G1CollectForAllocation
Event: 27.163 Executing VM operation: G1CollectForAllocation done
Event: 27.500 Executing VM operation: G1CollectForAllocation
Event: 27.509 Executing VM operation: G1CollectForAllocation done
Event: 27.637 Executing VM operation: G1TryInitiateConcMark
Event: 27.643 Executing VM operation: G1TryInitiateConcMark done
Event: 27.848 Executing VM operation: G1CollectForAllocation
Event: 27.852 Executing VM operation: G1CollectForAllocation done
Event: 27.944 Executing VM operation: G1Concurrent

Events (20 events):
Event: 26.943 loading class com/sun/org/apache/xml/internal/dtm/ref/DTMNodeListBase done
Event: 26.943 loading class com/sun/org/apache/xml/internal/dtm/ref/DTMNodeList done
Event: 26.943 loading class com/sun/org/apache/xpath/internal/axes/NodeSequence$IteratorCache
Event: 26.943 loading class com/sun/org/apache/xpath/internal/axes/NodeSequence$IteratorCache done
Event: 26.944 loading class com/sun/org/apache/xml/internal/dtm/ref/DTMDefaultBaseTraversers$ChildTraverser
Event: 26.944 loading class com/sun/org/apache/xml/internal/dtm/ref/DTMDefaultBaseTraversers$ChildTraverser done
Event: 26.949 loading class com/sun/org/apache/xml/internal/utils/XMLCharacterRecognizer
Event: 26.949 loading class com/sun/org/apache/xml/internal/utils/XMLCharacterRecognizer done
Event: 27.322 loading class javax/xml/transform/stream/StreamResult
Event: 27.322 loading class javax/xml/transform/stream/StreamResult done
Event: 27.322 loading class javax/xml/transform/sax/SAXResult
Event: 27.322 loading class javax/xml/transform/sax/SAXResult done
Event: 27.322 loading class javax/xml/transform/dom/DOMResult
Event: 27.323 loading class javax/xml/transform/dom/DOMResult done
Event: 27.834 Thread 0x000001f74ec16950 Thread added: 0x000001f74ec16950
Event: 27.843 loading class java/util/HashMap$UnsafeHolder
Event: 27.843 loading class java/util/HashMap$UnsafeHolder done
Event: 27.863 Thread 0x000001f74fcfc890 Thread added: 0x000001f74fcfc890
Event: 27.892 Thread 0x000001f74fcfc3c0 Thread added: 0x000001f74fcfc3c0
Event: 27.920 Thread 0x000001f74fcfb080 Thread added: 0x000001f74fcfb080


Dynamic libraries:
0x00007ff7d1d00000 - 0x00007ff7d1d10000 	C:\Program Files\Java\jdk-17.0.8\bin\java.exe
0x00007ffd42770000 - 0x00007ffd42984000 	C:\WINDOWS\SYSTEM32\ntdll.dll
0x00007ffd40c50000 - 0x00007ffd40d14000 	C:\WINDOWS\System32\KERNEL32.DLL
0x00007ffd400d0000 - 0x00007ffd40474000 	C:\WINDOWS\System32\KERNELBASE.dll
0x00007ffd3fc80000 - 0x00007ffd3fd91000 	C:\WINDOWS\System32\ucrtbase.dll
0x00007ffd3afe0000 - 0x00007ffd3aff9000 	C:\Program Files\Java\jdk-17.0.8\bin\jli.dll
0x00007ffd3afc0000 - 0x00007ffd3afdb000 	C:\Program Files\Java\jdk-17.0.8\bin\VCRUNTIME140.dll
0x00007ffd42600000 - 0x00007ffd426b0000 	C:\WINDOWS\System32\ADVAPI32.dll
0x00007ffd40d20000 - 0x00007ffd40dc7000 	C:\WINDOWS\System32\msvcrt.dll
0x00007ffd41f20000 - 0x00007ffd41fc6000 	C:\WINDOWS\System32\sechost.dll
0x00007ffd40ef0000 - 0x00007ffd41007000 	C:\WINDOWS\System32\RPCRT4.dll
0x00007ffd41010000 - 0x00007ffd411be000 	C:\WINDOWS\System32\USER32.dll
0x00007ffd3fb20000 - 0x00007ffd3fb46000 	C:\WINDOWS\System32\win32u.dll
0x00007ffd40890000 - 0x00007ffd408b9000 	C:\WINDOWS\System32\GDI32.dll
0x00007ffd3fe40000 - 0x00007ffd3ff58000 	C:\WINDOWS\System32\gdi32full.dll
0x00007ffd25330000 - 0x00007ffd255c3000 	C:\WINDOWS\WinSxS\amd64_microsoft.windows.common-controls_6595b64144ccf1df_6.0.22621.2215_none_270d72677387dfc3\COMCTL32.dll
0x00007ffd3fda0000 - 0x00007ffd3fe3a000 	C:\WINDOWS\System32\msvcp_win.dll
0x00007ffd34620000 - 0x00007ffd3462a000 	C:\WINDOWS\SYSTEM32\VERSION.dll
0x00007ffd40b80000 - 0x00007ffd40bb1000 	C:\WINDOWS\System32\IMM32.DLL
0x00007ffd3afb0000 - 0x00007ffd3afbc000 	C:\Program Files\Java\jdk-17.0.8\bin\vcruntime140_1.dll
0x00007ffd3af20000 - 0x00007ffd3afae000 	C:\Program Files\Java\jdk-17.0.8\bin\msvcp140.dll
0x00007ffceb4c0000 - 0x00007ffcec09e000 	C:\Program Files\Java\jdk-17.0.8\bin\server\jvm.dll
0x00007ffd41f10000 - 0x00007ffd41f18000 	C:\WINDOWS\System32\PSAPI.DLL
0x00007ffd35cc0000 - 0x00007ffd35cf4000 	C:\WINDOWS\SYSTEM32\WINMM.dll
0x00007ffd23f90000 - 0x00007ffd23f99000 	C:\WINDOWS\SYSTEM32\WSOCK32.dll
0x00007ffd42140000 - 0x00007ffd421b1000 	C:\WINDOWS\System32\WS2_32.dll
0x00007ffd3eb20000 - 0x00007ffd3eb38000 	C:\WINDOWS\SYSTEM32\kernel.appcore.dll
0x00007ffd3ab80000 - 0x00007ffd3ab8a000 	C:\Program Files\Java\jdk-17.0.8\bin\jimage.dll
0x00007ffd3d520000 - 0x00007ffd3d74e000 	C:\WINDOWS\SYSTEM32\DBGHELP.DLL
0x00007ffd40500000 - 0x00007ffd4088a000 	C:\WINDOWS\System32\combase.dll
0x00007ffd42370000 - 0x00007ffd42447000 	C:\WINDOWS\System32\OLEAUT32.dll
0x00007ffd24480000 - 0x00007ffd244b2000 	C:\WINDOWS\SYSTEM32\dbgcore.DLL
0x00007ffd40480000 - 0x00007ffd404fa000 	C:\WINDOWS\System32\bcryptPrimitives.dll
0x00007ffd3a700000 - 0x00007ffd3a70e000 	C:\Program Files\Java\jdk-17.0.8\bin\instrument.dll
0x00007ffd3a5e0000 - 0x00007ffd3a605000 	C:\Program Files\Java\jdk-17.0.8\bin\java.dll
0x00007ffd2aa20000 - 0x00007ffd2aaf7000 	C:\Program Files\Java\jdk-17.0.8\bin\jsvml.dll
0x00007ffd411c0000 - 0x00007ffd419e3000 	C:\WINDOWS\System32\SHELL32.dll
0x00007ffd3dab0000 - 0x00007ffd3e39a000 	C:\WINDOWS\SYSTEM32\windows.storage.dll
0x00007ffd3d970000 - 0x00007ffd3daae000 	C:\WINDOWS\SYSTEM32\wintypes.dll
0x00007ffd42220000 - 0x00007ffd42313000 	C:\WINDOWS\System32\SHCORE.dll
0x00007ffd421c0000 - 0x00007ffd4221e000 	C:\WINDOWS\System32\shlwapi.dll
0x00007ffd3fa50000 - 0x00007ffd3fa76000 	C:\WINDOWS\SYSTEM32\profapi.dll
0x00007ffd3a5c0000 - 0x00007ffd3a5d8000 	C:\Program Files\Java\jdk-17.0.8\bin\zip.dll
0x00007ffd37500000 - 0x00007ffd37519000 	C:\Program Files\Java\jdk-17.0.8\bin\net.dll
0x00007ffd35f10000 - 0x00007ffd36047000 	C:\WINDOWS\SYSTEM32\WINHTTP.dll
0x00007ffd3f060000 - 0x00007ffd3f0c9000 	C:\WINDOWS\system32\mswsock.dll
0x00007ffd374c0000 - 0x00007ffd374d6000 	C:\Program Files\Java\jdk-17.0.8\bin\nio.dll
0x00007ffd3a6f0000 - 0x00007ffd3a700000 	C:\Program Files\Java\jdk-17.0.8\bin\verify.dll
0x00007ffd28970000 - 0x00007ffd28997000 	C:\Users\Asus\.gradle\native\68d5fa5c4cc2d200863cafc0d521ce42e7d3e7ee720ec0a83991735586a16f82\windows-amd64\native-platform.dll
0x00007ffd28760000 - 0x00007ffd288a4000 	C:\Users\Asus\.gradle\native\e376f236ea51e6404a007f0833ffe2c6e607c4080706a723a18a27aeea778392\windows-amd64\native-platform-file-events.dll
0x00007ffd3a5b0000 - 0x00007ffd3a5ba000 	C:\Program Files\Java\jdk-17.0.8\bin\management.dll
0x00007ffd37490000 - 0x00007ffd3749b000 	C:\Program Files\Java\jdk-17.0.8\bin\management_ext.dll
0x00007ffd3f2c0000 - 0x00007ffd3f2db000 	C:\WINDOWS\SYSTEM32\CRYPTSP.dll
0x00007ffd3eae0000 - 0x00007ffd3eb15000 	C:\WINDOWS\system32\rsaenh.dll
0x00007ffd3f150000 - 0x00007ffd3f17c000 	C:\WINDOWS\SYSTEM32\USERENV.dll
0x00007ffd3f4d0000 - 0x00007ffd3f4f8000 	C:\WINDOWS\SYSTEM32\bcrypt.dll
0x00007ffd3f2e0000 - 0x00007ffd3f2ec000 	C:\WINDOWS\SYSTEM32\CRYPTBASE.dll
0x00007ffd3e600000 - 0x00007ffd3e62d000 	C:\WINDOWS\SYSTEM32\IPHLPAPI.DLL
0x00007ffd41f00000 - 0x00007ffd41f09000 	C:\WINDOWS\System32\NSI.dll
0x00007ffd35ca0000 - 0x00007ffd35cb9000 	C:\WINDOWS\SYSTEM32\dhcpcsvc6.DLL
0x00007ffd35c80000 - 0x00007ffd35c9f000 	C:\WINDOWS\SYSTEM32\dhcpcsvc.DLL
0x00007ffd3e670000 - 0x00007ffd3e762000 	C:\WINDOWS\SYSTEM32\DNSAPI.dll
0x00007ffd37010000 - 0x00007ffd3701e000 	C:\Program Files\Java\jdk-17.0.8\bin\sunmscapi.dll
0x00007ffd3ff60000 - 0x00007ffd400c6000 	C:\WINDOWS\System32\CRYPT32.dll
0x00007ffd3f4a0000 - 0x00007ffd3f4ce000 	C:\WINDOWS\SYSTEM32\ncrypt.dll
0x00007ffd3f460000 - 0x00007ffd3f497000 	C:\WINDOWS\SYSTEM32\NTASN1.dll
0x00007ffcf98d0000 - 0x00007ffcf98d8000 	C:\WINDOWS\system32\wshunix.dll
0x00007ffd2db00000 - 0x00007ffd2db17000 	C:\WINDOWS\system32\napinsp.dll
0x00007ffd2db20000 - 0x00007ffd2db3b000 	C:\WINDOWS\system32\pnrpnsp.dll
0x00007ffd2db90000 - 0x00007ffd2dba1000 	C:\WINDOWS\System32\winrnr.dll
0x00007ffd2db70000 - 0x00007ffd2db85000 	C:\WINDOWS\system32\wshbth.dll
0x00007ffd2db40000 - 0x00007ffd2db61000 	C:\WINDOWS\system32\nlansp_c.dll
0x0000000063720000 - 0x0000000063746000 	C:\Program Files\Bonjour\mdnsNSP.dll
0x00007ffd314f0000 - 0x00007ffd314fa000 	C:\Windows\System32\rasadhlp.dll
0x00007ffd34720000 - 0x00007ffd347a4000 	C:\WINDOWS\System32\fwpuclnt.dll

dbghelp: loaded successfully - version: 4.0.5 - missing functions: none
symbol engine: initialized successfully - sym options: 0x614 - pdb path: .;C:\Program Files\Java\jdk-17.0.8\bin;C:\WINDOWS\SYSTEM32;C:\WINDOWS\WinSxS\amd64_microsoft.windows.common-controls_6595b64144ccf1df_6.0.22621.2215_none_270d72677387dfc3;C:\Program Files\Java\jdk-17.0.8\bin\server;C:\Users\Asus\.gradle\native\68d5fa5c4cc2d200863cafc0d521ce42e7d3e7ee720ec0a83991735586a16f82\windows-amd64;C:\Users\Asus\.gradle\native\e376f236ea51e6404a007f0833ffe2c6e607c4080706a723a18a27aeea778392\windows-amd64;C:\Program Files\Bonjour

VM Arguments:
jvm_args: --add-opens=java.base/java.util=ALL-UNNAMED --add-opens=java.base/java.lang=ALL-UNNAMED --add-opens=java.base/java.lang.invoke=ALL-UNNAMED --add-opens=java.prefs/java.util.prefs=ALL-UNNAMED --add-opens=java.base/java.nio.charset=ALL-UNNAMED --add-opens=java.base/java.net=ALL-UNNAMED --add-opens=java.base/java.util.concurrent.atomic=ALL-UNNAMED -Xmx1536m -Dfile.encoding=windows-1252 -Duser.country=ID -Duser.language=en -Duser.variant -javaagent:C:\Users\Asus\.gradle\wrapper\dists\gradle-8.1-bin\2eyty4r6kz6fpakefpk52nbbm\gradle-8.1\lib\agents\gradle-instrumentation-agent-8.1.jar 
java_command: org.gradle.launcher.daemon.bootstrap.GradleDaemon 8.1
java_class_path (initial): C:\Users\Asus\.gradle\wrapper\dists\gradle-8.1-bin\2eyty4r6kz6fpakefpk52nbbm\gradle-8.1\lib\gradle-launcher-8.1.jar
Launcher Type: SUN_STANDARD

[Global flags]
     intx CICompilerCount                          = 4                                         {product} {ergonomic}
     uint ConcGCThreads                            = 2                                         {product} {ergonomic}
     uint G1ConcRefinementThreads                  = 8                                         {product} {ergonomic}
   size_t G1HeapRegionSize                         = 1048576                                   {product} {ergonomic}
    uintx GCDrainStackTargetSize                   = 64                                        {product} {ergonomic}
   size_t InitialHeapSize                          = 132120576                                 {product} {ergonomic}
   size_t MarkStackSize                            = 4194304                                   {product} {ergonomic}
   size_t MaxHeapSize                              = 1610612736                                {product} {command line}
   size_t MaxNewSize                               = 965738496                                 {product} {ergonomic}
   size_t MinHeapDeltaBytes                        = 1048576                                   {product} {ergonomic}
   size_t MinHeapSize                              = 8388608                                   {product} {ergonomic}
    uintx NonNMethodCodeHeapSize                   = 5839372                                {pd product} {ergonomic}
    uintx NonProfiledCodeHeapSize                  = 122909434                              {pd product} {ergonomic}
    uintx ProfiledCodeHeapSize                     = 122909434                              {pd product} {ergonomic}
    uintx ReservedCodeCacheSize                    = 251658240                              {pd product} {ergonomic}
     bool SegmentedCodeCache                       = true                                      {product} {ergonomic}
   size_t SoftMaxHeapSize                          = 1610612736                             {manageable} {ergonomic}
     bool UseCompressedClassPointers               = true                           {product lp64_product} {ergonomic}
     bool UseCompressedOops                        = true                           {product lp64_product} {ergonomic}
     bool UseG1GC                                  = true                                      {product} {ergonomic}
     bool UseLargePagesIndividualAllocation        = false                                  {pd product} {ergonomic}

Logging:
Log output configuration:
 #0: stdout all=warning uptime,level,tags
 #1: stderr all=off uptime,level,tags

Environment Variables:
JAVA_HOME=C:\Program Files\Java\jdk-17.0.8
PATH=C:\Program Files (x86)\VMware\VMware Player\bin\;C:\Windows\system32;C:\Windows;C:\Windows\System32\Wbem;C:\Windows\System32\WindowsPowerShell\v1.0\;C:\Windows\System32\OpenSSH\;C:\Program Files (x86)\NVIDIA Corporation\PhysX\Common;C:\Program Files\NVIDIA Corporation\NVIDIA NvDLISR;C:\Program Files\Intel\WiFi\bin\;C:\Program Files\Common Files\Intel\WirelessCommon\;C:\MinGW\bin;C:\xampp\php;C:\ProgramData\ComposerSetup\bin;C:\WINDOWS\system32;C:\WINDOWS;C:\WINDOWS\System32\Wbem;C:\WINDOWS\System32\WindowsPowerShell\v1.0\;C:\WINDOWS\System32\OpenSSH\;C:\Program Files\nodejs\;C:\Program Files\Git\cmd;C:\Program Files\Git\mingw64\bin;C:\Program Files\Git\usr\bin;C:\Program Files\Java;C:\Program Files\MongoDB\Server\5.0\bin;C:\Program Files\Java\jdk-17.0.8\bin;C:\Gradle\gradle-8.3\bin;C:\Program Files\Java\jdk-17.0.8\bin;C:\Users\Asus\AppData\Local\Programs\Python\Python310\Scripts\;C:\Users\Asus\AppData\Local\Programs\Python\Python310\;C:\Users\Asus\AppData\Local\Microsoft\WindowsApps;D:\vscode\Microsoft VS Code\bin;C:\Users\Asus\AppData\Roaming\Composer\vendor\bin;C:\Users\Asus\AppData\Roaming\npm;;C:\Program Files\JetBrains\IntelliJ IDEA 2023.2.2\bin;
USERNAME=Asus
OS=Windows_NT
PROCESSOR_IDENTIFIER=Intel64 Family 6 Model 142 Stepping 12, GenuineIntel



---------------  S Y S T E M  ---------------

OS:
 Windows 11 , 64 bit Build 22621 (10.0.22621.2215)
OS uptime: 0 days 1:41 hours

CPU: total 8 (initial active 8) (4 cores per cpu, 2 threads per core) family 6 model 142 stepping 12 microcode 0xde, cx8, cmov, fxsr, ht, mmx, 3dnowpref, sse, sse2, sse3, ssse3, sse4.1, sse4.2, popcnt, lzcnt, tsc, tscinvbit, avx, avx2, aes, erms, clmul, bmi1, bmi2, adx, fma, vzeroupper, clflush, clflushopt

Memory: 4k page, system-wide physical 8043M (349M free)
TotalPageFile size 16235M (AvailPageFile size 9M)
current process WorkingSet (physical memory assigned to process): 509M, peak: 509M
current process commit charge ("private bytes"): 599M, peak: 645M

vm_info: Java HotSpot(TM) 64-Bit Server VM (17.0.8+9-LTS-211) for windows-amd64 JRE (17.0.8+9-LTS-211), built on Jun 14 2023 10:34:31 by "mach5one" with MS VC++ 17.1 (VS2022)

END.
