#
# There is insufficient memory for the Java Runtime Environment to continue.
# Native memory allocation (mmap) failed to map 133169152 bytes for G1 virtual space
# Possible reasons:
#   The system is out of physical RAM or swap space
#   The process is running with CompressedOops enabled, and the Java Heap may be blocking the growth of the native heap
# Possible solutions:
#   Reduce memory load on the system
#   Increase physical memory or swap space
#   Check if swap backing store is full
#   Decrease Java heap size (-Xmx/-Xms)
#   Decrease number of Java threads
#   Decrease Java thread stack sizes (-Xss)
#   Set larger code cache with -XX:ReservedCodeCacheSize=
#   JVM is running with Unscaled Compressed Oops mode in which the Java heap is
#     placed in the first 4GB address space. The Java Heap base address is the
#     maximum limit for the native heap growth. Please use -XX:HeapBaseMinAddress
#     to set the Java Heap base and to place the Java Heap above 4GB virtual address.
# This output file may be truncated or incomplete.
#
#  Out of Memory Error (os_windows.cpp:3550), pid=17148, tid=1672
#
# JRE version: Java(TM) SE Runtime Environment (17.0.8+9) (build 17.0.8+9-LTS-211)
# Java VM: Java HotSpot(TM) 64-Bit Server VM (17.0.8+9-LTS-211, mixed mode, sharing, tiered, compressed oops, compressed class ptrs, g1 gc, windows-amd64)
# No core dump will be written. Minidumps are not enabled by default on client versions of Windows
#

---------------  S U M M A R Y ------------

Command Line: --add-opens=java.base/java.util=ALL-UNNAMED --add-opens=java.base/java.lang=ALL-UNNAMED --add-opens=java.base/java.lang.invoke=ALL-UNNAMED --add-opens=java.prefs/java.util.prefs=ALL-UNNAMED --add-opens=java.base/java.nio.charset=ALL-UNNAMED --add-opens=java.base/java.net=ALL-UNNAMED --add-opens=java.base/java.util.concurrent.atomic=ALL-UNNAMED -Xmx1536m -Dfile.encoding=windows-1252 -Duser.country=ID -Duser.language=en -Duser.variant -javaagent:C:\Users\Asus\.gradle\wrapper\dists\gradle-8.1-bin\2eyty4r6kz6fpakefpk52nbbm\gradle-8.1\lib\agents\gradle-instrumentation-agent-8.1.jar org.gradle.launcher.daemon.bootstrap.GradleDaemon 8.1

Host: Intel(R) Core(TM) i5-8265U CPU @ 1.60GHz, 8 cores, 7G,  Windows 11 , 64 bit Build 22621 (10.0.22621.2215)
Time: Tue Oct 10 13:33:21 2023 SE Asia Standard Time elapsed time: 33.250296 seconds (0d 0h 0m 33s)

---------------  T H R E A D  ---------------

Current thread (0x00000227f19fa140):  VMThread "VM Thread" [stack: 0x00000087aed00000,0x00000087aee00000] [id=1672]

Stack: [0x00000087aed00000,0x00000087aee00000]
Native frames: (J=compiled Java code, j=interpreted, Vv=VM code, C=native code)
V  [jvm.dll+0x677d0a]
V  [jvm.dll+0x7d8c54]
V  [jvm.dll+0x7da3fe]
V  [jvm.dll+0x7daa63]
V  [jvm.dll+0x245c5f]
V  [jvm.dll+0x674bb9]
V  [jvm.dll+0x6694f2]
V  [jvm.dll+0x3031d6]
V  [jvm.dll+0x30a756]
V  [jvm.dll+0x359f9e]
V  [jvm.dll+0x35a1cf]
V  [jvm.dll+0x2da3e8]
V  [jvm.dll+0x2d87f5]
V  [jvm.dll+0x2d7dfc]
V  [jvm.dll+0x31b4cb]
V  [jvm.dll+0x7df26b]
V  [jvm.dll+0x7dffa4]
V  [jvm.dll+0x7e04bd]
V  [jvm.dll+0x7e0894]
V  [jvm.dll+0x7e0960]
V  [jvm.dll+0x788bba]
V  [jvm.dll+0x676b35]
C  [ucrtbase.dll+0x29363]
C  [KERNEL32.DLL+0x1257d]
C  [ntdll.dll+0x5aa68]

VM_Operation (0x00000087b2df80a0): G1CollectForAllocation, mode: safepoint, requested by thread 0x00000227f8b2a700


---------------  P R O C E S S  ---------------

Threads class SMR info:
_java_thread_list=0x00000227fa180be0, length=84, elements={
0x00000227d4b4dcc0, 0x00000227f1a009f0, 0x00000227f1a01860, 0x00000227f1a158e0,
0x00000227f1a16490, 0x00000227f1a18e50, 0x00000227f1a19800, 0x00000227f1a1adb0,
0x00000227f1a2c5b0, 0x00000227f1a33b00, 0x00000227f19eae90, 0x00000227f1ccb2b0,
0x00000227f6bf0180, 0x00000227f74590c0, 0x00000227f7efa2c0, 0x00000227f73d3670,
0x00000227f8453990, 0x00000227f81df4e0, 0x00000227f7d5ae90, 0x00000227f7d5b360,
0x00000227f673ee60, 0x00000227f673f330, 0x00000227f673f800, 0x00000227f673dff0,
0x00000227f673fcd0, 0x00000227f673e4c0, 0x00000227f673d650, 0x00000227f673db20,
0x00000227f673e990, 0x00000227f67401a0, 0x00000227f673ccb0, 0x00000227f673d180,
0x00000227f673c7e0, 0x00000227f800d1d0, 0x00000227f800f380, 0x00000227f800fd20,
0x00000227f800e9e0, 0x00000227f80101f0, 0x00000227f800c830, 0x00000227f800d6a0,
0x00000227f800e040, 0x00000227f8b23850, 0x00000227f8b28550, 0x00000227f8b25530,
0x00000227f8b24b90, 0x00000227f8b246c0, 0x00000227f8b241f0, 0x00000227f8b263a0,
0x00000227f8b28ef0, 0x00000227f8b25ed0, 0x00000227f8b293c0, 0x00000227f8b28080,
0x00000227f8b26d40, 0x00000227f8b26870, 0x00000227f8b2a700, 0x00000227fc399090,
0x00000227fc395200, 0x00000227fc394390, 0x00000227fc396a10, 0x00000227fc391d10,
0x00000227fc396ee0, 0x00000227fc3956d0, 0x00000227fc395ba0, 0x00000227fc398220,
0x00000227fc396070, 0x00000227fc393520, 0x00000227fc396540, 0x00000227fc393050,
0x00000227fc399560, 0x00000227fc394d30, 0x00000227fb65b3e0, 0x00000227fbc5bf70,
0x00000227fbc5baa0, 0x00000227fbc5b5d0, 0x00000227fbc5a760, 0x00000227fc8e9a80,
0x00000227fbb4f080, 0x00000227fc8e8c10, 0x00000227fc8e8740, 0x00000227fc8e9f50,
0x00000227fc8e90e0, 0x00000227fc8e95b0, 0x00000227fc393ec0, 0x00000227f956e150
}

Java Threads: ( => current thread )
  0x00000227d4b4dcc0 JavaThread "main" [_thread_blocked, id=17200, stack(0x00000087ae700000,0x00000087ae800000)]
  0x00000227f1a009f0 JavaThread "Reference Handler" daemon [_thread_blocked, id=8396, stack(0x00000087aee00000,0x00000087aef00000)]
  0x00000227f1a01860 JavaThread "Finalizer" daemon [_thread_blocked, id=16564, stack(0x00000087aef00000,0x00000087af000000)]
  0x00000227f1a158e0 JavaThread "Signal Dispatcher" daemon [_thread_blocked, id=4264, stack(0x00000087af000000,0x00000087af100000)]
  0x00000227f1a16490 JavaThread "Attach Listener" daemon [_thread_blocked, id=19368, stack(0x00000087af100000,0x00000087af200000)]
  0x00000227f1a18e50 JavaThread "Service Thread" daemon [_thread_blocked, id=11928, stack(0x00000087af200000,0x00000087af300000)]
  0x00000227f1a19800 JavaThread "Monitor Deflation Thread" daemon [_thread_blocked, id=15216, stack(0x00000087af300000,0x00000087af400000)]
  0x00000227f1a1adb0 JavaThread "C2 CompilerThread0" daemon [_thread_in_native, id=2644, stack(0x00000087af400000,0x00000087af500000)]
  0x00000227f1a2c5b0 JavaThread "C1 CompilerThread0" daemon [_thread_blocked, id=16200, stack(0x00000087af500000,0x00000087af600000)]
  0x00000227f1a33b00 JavaThread "Sweeper thread" daemon [_thread_blocked, id=19496, stack(0x00000087af600000,0x00000087af700000)]
  0x00000227f19eae90 JavaThread "Common-Cleaner" daemon [_thread_blocked, id=15664, stack(0x00000087af700000,0x00000087af800000)]
  0x00000227f1ccb2b0 JavaThread "Notification Thread" daemon [_thread_blocked, id=19920, stack(0x00000087af900000,0x00000087afa00000)]
  0x00000227f6bf0180 JavaThread "Daemon health stats" [_thread_blocked, id=20016, stack(0x00000087b0000000,0x00000087b0100000)]
  0x00000227f74590c0 JavaThread "Incoming local TCP Connector on port 61217" [_thread_in_native, id=2640, stack(0x00000087afb00000,0x00000087afc00000)]
  0x00000227f7efa2c0 JavaThread "Daemon periodic checks" [_thread_blocked, id=8304, stack(0x00000087b0100000,0x00000087b0200000)]
  0x00000227f73d3670 JavaThread "Daemon" [_thread_blocked, id=16248, stack(0x00000087b0200000,0x00000087b0300000)]
  0x00000227f8453990 JavaThread "Handler for socket connection from /127.0.0.1:61217 to /127.0.0.1:61218" [_thread_in_native, id=4108, stack(0x00000087b0300000,0x00000087b0400000)]
  0x00000227f81df4e0 JavaThread "Cancel handler" [_thread_blocked, id=19592, stack(0x00000087b0400000,0x00000087b0500000)]
  0x00000227f7d5ae90 JavaThread "Daemon worker" [_thread_blocked, id=15920, stack(0x00000087b0500000,0x00000087b0600000)]
  0x00000227f7d5b360 JavaThread "Asynchronous log dispatcher for DefaultDaemonConnection: socket connection from /127.0.0.1:61217 to /127.0.0.1:61218" [_thread_blocked, id=8288, stack(0x00000087b0600000,0x00000087b0700000)]
  0x00000227f673ee60 JavaThread "Stdin handler" [_thread_blocked, id=15932, stack(0x00000087b0700000,0x00000087b0800000)]
  0x00000227f673f330 JavaThread "Daemon client event forwarder" [_thread_blocked, id=8624, stack(0x00000087b0800000,0x00000087b0900000)]
  0x00000227f673f800 JavaThread "Cache worker for journal cache (C:\Users\Asus\.gradle\caches\journal-1)" [_thread_blocked, id=6296, stack(0x00000087b0900000,0x00000087b0a00000)]
  0x00000227f673dff0 JavaThread "File lock request listener" [_thread_in_native, id=11892, stack(0x00000087b0a00000,0x00000087b0b00000)]
  0x00000227f673fcd0 JavaThread "Cache worker for file hash cache (C:\Users\Asus\.gradle\caches\8.1\fileHashes)" [_thread_blocked, id=9496, stack(0x00000087b0b00000,0x00000087b0c00000)]
  0x00000227f673e4c0 JavaThread "File watcher server" daemon [_thread_blocked, id=7748, stack(0x00000087b0f00000,0x00000087b1000000)]
  0x00000227f673d650 JavaThread "File watcher consumer" daemon [_thread_blocked, id=10996, stack(0x00000087b1000000,0x00000087b1100000)]
  0x00000227f673db20 JavaThread "Cache worker for checksums cache (C:\Users\Asus\OneDrive\Documents\GitHub\sunflower\.gradle\8.1\checksums)" [_thread_blocked, id=15524, stack(0x00000087b1100000,0x00000087b1200000)]
  0x00000227f673e990 JavaThread "Cache worker for cache directory md-rule (C:\Users\Asus\.gradle\caches\8.1\md-rule)" [_thread_blocked, id=14956, stack(0x00000087b1200000,0x00000087b1300000)]
  0x00000227f67401a0 JavaThread "Cache worker for file content cache (C:\Users\Asus\.gradle\caches\8.1\fileContent)" [_thread_blocked, id=10444, stack(0x00000087b1300000,0x00000087b1400000)]
  0x00000227f673ccb0 JavaThread "Cache worker for file hash cache (C:\Users\Asus\OneDrive\Documents\GitHub\sunflower\.gradle\8.1\fileHashes)" [_thread_blocked, id=9208, stack(0x00000087af800000,0x00000087af900000)]
  0x00000227f673d180 JavaThread "Cache worker for cache directory md-supplier (C:\Users\Asus\.gradle\caches\8.1\md-supplier)" [_thread_blocked, id=18564, stack(0x00000087b1500000,0x00000087b1600000)]
  0x00000227f673c7e0 JavaThread "Cache worker for execution history cache (C:\Users\Asus\.gradle\caches\8.1\executionHistory)" [_thread_blocked, id=15476, stack(0x00000087b1600000,0x00000087b1700000)]
  0x00000227f800d1d0 JavaThread "jar transforms" [_thread_blocked, id=13524, stack(0x00000087b1900000,0x00000087b1a00000)]
  0x00000227f800f380 JavaThread "jar transforms Thread 2" [_thread_blocked, id=3500, stack(0x00000087b1a00000,0x00000087b1b00000)]
  0x00000227f800fd20 JavaThread "Cache worker for kotlin-dsl (C:\Users\Asus\.gradle\caches\8.1\kotlin-dsl)" [_thread_blocked, id=8472, stack(0x00000087b1800000,0x00000087b1900000)]
  0x00000227f800e9e0 JavaThread "jar transforms Thread 3" [_thread_blocked, id=18772, stack(0x00000087b1c00000,0x00000087b1d00000)]
  0x00000227f80101f0 JavaThread "jar transforms Thread 4" [_thread_blocked, id=13268, stack(0x00000087b1d00000,0x00000087b1e00000)]
  0x00000227f800c830 JavaThread "jar transforms Thread 5" [_thread_blocked, id=3420, stack(0x00000087b1b00000,0x00000087b1c00000)]
  0x00000227f800d6a0 JavaThread "jar transforms Thread 6" [_thread_blocked, id=18528, stack(0x00000087b1e00000,0x00000087b1f00000)]
  0x00000227f800e040 JavaThread "Cache worker for dependencies-accessors (C:\Users\Asus\OneDrive\Documents\GitHub\sunflower\.gradle\8.1\dependencies-accessors)" [_thread_blocked, id=2132, stack(0x00000087b1f00000,0x00000087b2000000)]
  0x00000227f8b23850 JavaThread "Cache worker for Build Output Cleanup Cache (C:\Users\Asus\OneDrive\Documents\GitHub\sunflower\.gradle\buildOutputCleanup)" [_thread_blocked, id=20348, stack(0x00000087b2100000,0x00000087b2200000)]
  0x00000227f8b28550 JavaThread "jar transforms Thread 7" [_thread_blocked, id=8980, stack(0x00000087b2200000,0x00000087b2300000)]
  0x00000227f8b25530 JavaThread "jar transforms Thread 8" [_thread_blocked, id=1696, stack(0x00000087b2300000,0x00000087b2400000)]
  0x00000227f8b24b90 JavaThread "Unconstrained build operations" [_thread_blocked, id=19540, stack(0x00000087b2400000,0x00000087b2500000)]
  0x00000227f8b246c0 JavaThread "Unconstrained build operations Thread 2" [_thread_blocked, id=4588, stack(0x00000087b2500000,0x00000087b2600000)]
  0x00000227f8b241f0 JavaThread "Unconstrained build operations Thread 3" [_thread_blocked, id=9676, stack(0x00000087b2600000,0x00000087b2700000)]
  0x00000227f8b263a0 JavaThread "Unconstrained build operations Thread 4" [_thread_blocked, id=6596, stack(0x00000087b2700000,0x00000087b2800000)]
  0x00000227f8b28ef0 JavaThread "Unconstrained build operations Thread 5" [_thread_blocked, id=5604, stack(0x00000087b2800000,0x00000087b2900000)]
  0x00000227f8b25ed0 JavaThread "Unconstrained build operations Thread 6" [_thread_blocked, id=14804, stack(0x00000087b2900000,0x00000087b2a00000)]
  0x00000227f8b293c0 JavaThread "Unconstrained build operations Thread 7" [_thread_blocked, id=8316, stack(0x00000087b2a00000,0x00000087b2b00000)]
  0x00000227f8b28080 JavaThread "build event listener" [_thread_blocked, id=19420, stack(0x00000087b2b00000,0x00000087b2c00000)]
  0x00000227f8b26d40 JavaThread "build event listener" [_thread_blocked, id=3924, stack(0x00000087b2000000,0x00000087b2100000)]
  0x00000227f8b26870 JavaThread "Memory manager" [_thread_blocked, id=3720, stack(0x00000087b2c00000,0x00000087b2d00000)]
  0x00000227f8b2a700 JavaThread "included builds" [_thread_blocked, id=8632, stack(0x00000087b2d00000,0x00000087b2e00000)]
  0x00000227fc399090 JavaThread "Execution worker" [_thread_blocked, id=3316, stack(0x00000087b2e00000,0x00000087b2f00000)]
  0x00000227fc395200 JavaThread "Execution worker Thread 2" [_thread_blocked, id=20064, stack(0x00000087b2f00000,0x00000087b3000000)]
  0x00000227fc394390 JavaThread "Execution worker Thread 3" [_thread_blocked, id=4768, stack(0x00000087b3000000,0x00000087b3100000)]
  0x00000227fc396a10 JavaThread "Execution worker Thread 4" [_thread_blocked, id=13852, stack(0x00000087b3100000,0x00000087b3200000)]
  0x00000227fc391d10 JavaThread "Execution worker Thread 5" [_thread_blocked, id=1292, stack(0x00000087b3200000,0x00000087b3300000)]
  0x00000227fc396ee0 JavaThread "Execution worker Thread 6" [_thread_blocked, id=6372, stack(0x00000087b3300000,0x00000087b3400000)]
  0x00000227fc3956d0 JavaThread "Execution worker Thread 7" [_thread_blocked, id=824, stack(0x00000087b3400000,0x00000087b3500000)]
  0x00000227fc395ba0 JavaThread "Cache worker for execution history cache (C:\Users\Asus\OneDrive\Documents\GitHub\sunflower\.gradle\8.1\executionHistory)" [_thread_blocked, id=3352, stack(0x00000087b3500000,0x00000087b3600000)]
  0x00000227fc398220 JavaThread "Unconstrained build operations Thread 8" [_thread_blocked, id=12432, stack(0x00000087b3600000,0x00000087b3700000)]
  0x00000227fc396070 JavaThread "Unconstrained build operations Thread 9" [_thread_blocked, id=7536, stack(0x00000087b3700000,0x00000087b3800000)]
  0x00000227fc393520 JavaThread "Unconstrained build operations Thread 10" [_thread_blocked, id=3876, stack(0x00000087b3800000,0x00000087b3900000)]
  0x00000227fc396540 JavaThread "Unconstrained build operations Thread 11" [_thread_blocked, id=13692, stack(0x00000087b3900000,0x00000087b3a00000)]
  0x00000227fc393050 JavaThread "Unconstrained build operations Thread 12" [_thread_blocked, id=9320, stack(0x00000087b3a00000,0x00000087b3b00000)]
  0x00000227fc399560 JavaThread "Unconstrained build operations Thread 13" [_thread_blocked, id=20468, stack(0x00000087b3b00000,0x00000087b3c00000)]
  0x00000227fc394d30 JavaThread "Unconstrained build operations Thread 14" [_thread_blocked, id=13184, stack(0x00000087b3c00000,0x00000087b3d00000)]
  0x00000227fb65b3e0 JavaThread "Unconstrained build operations Thread 15" [_thread_blocked, id=15952, stack(0x00000087b3d00000,0x00000087b3e00000)]
  0x00000227fbc5bf70 JavaThread "Unconstrained build operations Thread 16" [_thread_blocked, id=13228, stack(0x00000087b3e00000,0x00000087b3f00000)]
  0x00000227fbc5baa0 JavaThread "Unconstrained build operations Thread 17" [_thread_blocked, id=10260, stack(0x00000087b3f00000,0x00000087b4000000)]
  0x00000227fbc5b5d0 JavaThread "Unconstrained build operations Thread 18" [_thread_blocked, id=4276, stack(0x00000087b4000000,0x00000087b4100000)]
  0x00000227fbc5a760 JavaThread "Unconstrained build operations Thread 19" [_thread_blocked, id=2948, stack(0x00000087b4100000,0x00000087b4200000)]
  0x00000227fc8e9a80 JavaThread "Unconstrained build operations Thread 20" [_thread_blocked, id=16680, stack(0x00000087b4200000,0x00000087b4300000)]
  0x00000227fbb4f080 JavaThread "Unconstrained build operations Thread 21" [_thread_blocked, id=15580, stack(0x00000087b4300000,0x00000087b4400000)]
  0x00000227fc8e8c10 JavaThread "Unconstrained build operations Thread 22" [_thread_blocked, id=6136, stack(0x00000087b1700000,0x00000087b1800000)]
  0x00000227fc8e8740 JavaThread "Unconstrained build operations Thread 23" [_thread_blocked, id=16008, stack(0x00000087b4400000,0x00000087b4500000)]
  0x00000227fc8e9f50 JavaThread "Unconstrained build operations Thread 24" [_thread_blocked, id=13768, stack(0x00000087b4500000,0x00000087b4600000)]
  0x00000227fc8e90e0 JavaThread "Unconstrained build operations Thread 25" [_thread_blocked, id=3604, stack(0x00000087b4600000,0x00000087b4700000)]
  0x00000227fc8e95b0 JavaThread "Unconstrained build operations Thread 26" [_thread_blocked, id=17808, stack(0x00000087b4700000,0x00000087b4800000)]
  0x00000227fc393ec0 JavaThread "Unconstrained build operations Thread 27" [_thread_blocked, id=20392, stack(0x00000087b4800000,0x00000087b4900000)]
  0x00000227f956e150 JavaThread "Unconstrained build operations Thread 28" [_thread_blocked, id=19220, stack(0x00000087b4900000,0x00000087b4a00000)]

Other Threads:
=>0x00000227f19fa140 VMThread "VM Thread" [stack: 0x00000087aed00000,0x00000087aee00000] [id=1672]
  0x00000227d4bce1d0 WatcherThread [stack: 0x00000087afa00000,0x00000087afb00000] [id=19820]
  0x00000227d4b9b5e0 GCTaskThread "GC Thread#0" [stack: 0x00000087ae800000,0x00000087ae900000] [id=20152]
  0x00000227f7022f40 GCTaskThread "GC Thread#1" [stack: 0x00000087afc00000,0x00000087afd00000] [id=19028]
  0x00000227f6fb66d0 GCTaskThread "GC Thread#2" [stack: 0x00000087afd00000,0x00000087afe00000] [id=20160]
  0x00000227f61b3100 GCTaskThread "GC Thread#3" [stack: 0x00000087afe00000,0x00000087aff00000] [id=4528]
  0x00000227f6a94ae0 GCTaskThread "GC Thread#4" [stack: 0x00000087aff00000,0x00000087b0000000] [id=17236]
  0x00000227f1ea4580 GCTaskThread "GC Thread#5" [stack: 0x00000087b0c00000,0x00000087b0d00000] [id=6196]
  0x00000227f1ea3d70 GCTaskThread "GC Thread#6" [stack: 0x00000087b0d00000,0x00000087b0e00000] [id=10688]
  0x00000227f1ea4ae0 GCTaskThread "GC Thread#7" [stack: 0x00000087b0e00000,0x00000087b0f00000] [id=15860]
  0x00000227d4ba8520 ConcurrentGCThread "G1 Main Marker" [stack: 0x00000087ae900000,0x00000087aea00000] [id=8164]
  0x00000227d4ba8f30 ConcurrentGCThread "G1 Conc#0" [stack: 0x00000087aea00000,0x00000087aeb00000] [id=15572]
  0x00000227f8c40d30 ConcurrentGCThread "G1 Conc#1" [stack: 0x00000087b1400000,0x00000087b1500000] [id=2104]
  0x00000227d4c17590 ConcurrentGCThread "G1 Refine#0" [stack: 0x00000087aeb00000,0x00000087aec00000] [id=11632]
  0x00000227d4c17fb0 ConcurrentGCThread "G1 Service" [stack: 0x00000087aec00000,0x00000087aed00000] [id=14388]

Threads with active compile tasks:
C2 CompilerThread0    33321 13227       4       org.apache.xerces.parsers.XML11Configuration::addRecognizedParamsAndSetDefaults (165 bytes)

VM state: at safepoint (normal execution)

VM Mutex/Monitor currently owned by a thread:  ([mutex/lock_event])
[0x00000227d4b48710] Threads_lock - owner thread: 0x00000227f19fa140
[0x00000227d4b48b90] Heap_lock - owner thread: 0x00000227f8b2a700

Heap address: 0x00000000a0000000, size: 1536 MB, Compressed Oops mode: 32-bit

CDS archive(s) mapped at: [0x0000022780000000-0x0000022780bd0000-0x0000022780bd0000), size 12386304, SharedBaseAddress: 0x0000022780000000, ArchiveRelocationMode: 1.
Compressed class space mapped at: 0x0000022781000000-0x00000227c1000000, reserved size: 1073741824
Narrow klass base: 0x0000022780000000, Narrow klass shift: 0, Narrow klass range: 0x100000000

GC Precious Log:
 CPUs: 8 total, 8 available
 Memory: 8043M
 Large Page Support: Disabled
 NUMA Support: Disabled
 Compressed Oops: Enabled (32-bit)
 Heap Region Size: 1M
 Heap Min Capacity: 8M
 Heap Initial Capacity: 126M
 Heap Max Capacity: 1536M
 Pre-touch: Disabled
 Parallel Workers: 8
 Concurrent Workers: 2
 Concurrent Refinement Workers: 8
 Periodic GC: Disabled

Heap:
 garbage-first heap   total 206848K, used 121101K [0x00000000a0000000, 0x0000000100000000)
  region size 1024K, 5 young (5120K), 5 survivors (5120K)
 Metaspace       used 93360K, committed 94208K, reserved 1179648K
  class space    used 12876K, committed 13312K, reserved 1048576K

Heap Regions: E=young(eden), S=young(survivor), O=old, HS=humongous(starts), HC=humongous(continues), CS=collection set, F=free, OA=open archive, CA=closed archive, TAMS=top-at-mark-start (previous, next)
|   0|0x00000000a0000000, 0x00000000a0100000, 0x00000000a0100000|100%|HS|  |TAMS 0x00000000a0100000, 0x00000000a0000000| Complete 
|   1|0x00000000a0100000, 0x00000000a0200000, 0x00000000a0200000|100%|HC|  |TAMS 0x00000000a0200000, 0x00000000a0100000| Complete 
|   2|0x00000000a0200000, 0x00000000a0300000, 0x00000000a0300000|100%|HC|  |TAMS 0x00000000a0300000, 0x00000000a0200000| Complete 
|   3|0x00000000a0300000, 0x00000000a0400000, 0x00000000a0400000|100%|HC|  |TAMS 0x00000000a0400000, 0x00000000a0300000| Complete 
|   4|0x00000000a0400000, 0x00000000a0500000, 0x00000000a0500000|100%| O|  |TAMS 0x00000000a0500000, 0x00000000a0400000| Untracked 
|   5|0x00000000a0500000, 0x00000000a0600000, 0x00000000a0600000|100%| O|  |TAMS 0x00000000a0600000, 0x00000000a0500000| Untracked 
|   6|0x00000000a0600000, 0x00000000a0700000, 0x00000000a0700000|100%| O|  |TAMS 0x00000000a0700000, 0x00000000a0600000| Untracked 
|   7|0x00000000a0700000, 0x00000000a0800000, 0x00000000a0800000|100%| O|  |TAMS 0x00000000a0800000, 0x00000000a0700000| Untracked 
|   8|0x00000000a0800000, 0x00000000a0900000, 0x00000000a0900000|100%| O|  |TAMS 0x00000000a0900000, 0x00000000a0800000| Untracked 
|   9|0x00000000a0900000, 0x00000000a0a00000, 0x00000000a0a00000|100%| O|  |TAMS 0x00000000a0a00000, 0x00000000a0900000| Untracked 
|  10|0x00000000a0a00000, 0x00000000a0b00000, 0x00000000a0b00000|100%| O|  |TAMS 0x00000000a0b00000, 0x00000000a0a00000| Untracked 
|  11|0x00000000a0b00000, 0x00000000a0c00000, 0x00000000a0c00000|100%| O|  |TAMS 0x00000000a0c00000, 0x00000000a0b00000| Untracked 
|  12|0x00000000a0c00000, 0x00000000a0d00000, 0x00000000a0d00000|100%| O|  |TAMS 0x00000000a0d00000, 0x00000000a0c00000| Untracked 
|  13|0x00000000a0d00000, 0x00000000a0e00000, 0x00000000a0e00000|100%| O|  |TAMS 0x00000000a0e00000, 0x00000000a0d00000| Untracked 
|  14|0x00000000a0e00000, 0x00000000a0f00000, 0x00000000a0f00000|100%| O|  |TAMS 0x00000000a0f00000, 0x00000000a0e00000| Untracked 
|  15|0x00000000a0f00000, 0x00000000a1000000, 0x00000000a1000000|100%| O|  |TAMS 0x00000000a1000000, 0x00000000a0f00000| Untracked 
|  16|0x00000000a1000000, 0x00000000a1100000, 0x00000000a1100000|100%| O|  |TAMS 0x00000000a1100000, 0x00000000a1000000| Untracked 
|  17|0x00000000a1100000, 0x00000000a1200000, 0x00000000a1200000|100%| O|  |TAMS 0x00000000a1200000, 0x00000000a1100000| Untracked 
|  18|0x00000000a1200000, 0x00000000a1300000, 0x00000000a1300000|100%| O|  |TAMS 0x00000000a1300000, 0x00000000a1200000| Untracked 
|  19|0x00000000a1300000, 0x00000000a1400000, 0x00000000a1400000|100%| O|  |TAMS 0x00000000a1400000, 0x00000000a1300000| Untracked 
|  20|0x00000000a1400000, 0x00000000a1500000, 0x00000000a1500000|100%| O|  |TAMS 0x00000000a1500000, 0x00000000a1400000| Untracked 
|  21|0x00000000a1500000, 0x00000000a1600000, 0x00000000a1600000|100%| O|  |TAMS 0x00000000a1600000, 0x00000000a1500000| Untracked 
|  22|0x00000000a1600000, 0x00000000a1700000, 0x00000000a1700000|100%| O|  |TAMS 0x00000000a1700000, 0x00000000a1600000| Untracked 
|  23|0x00000000a1700000, 0x00000000a1800000, 0x00000000a1800000|100%| O|  |TAMS 0x00000000a1800000, 0x00000000a1700000| Untracked 
|  24|0x00000000a1800000, 0x00000000a1900000, 0x00000000a1900000|100%| O|  |TAMS 0x00000000a1900000, 0x00000000a1800000| Untracked 
|  25|0x00000000a1900000, 0x00000000a1a00000, 0x00000000a1a00000|100%| O|  |TAMS 0x00000000a1a00000, 0x00000000a1900000| Untracked 
|  26|0x00000000a1a00000, 0x00000000a1b00000, 0x00000000a1b00000|100%| O|  |TAMS 0x00000000a1b00000, 0x00000000a1a00000| Untracked 
|  27|0x00000000a1b00000, 0x00000000a1c00000, 0x00000000a1c00000|100%| O|  |TAMS 0x00000000a1c00000, 0x00000000a1b00000| Untracked 
|  28|0x00000000a1c00000, 0x00000000a1d00000, 0x00000000a1d00000|100%| O|  |TAMS 0x00000000a1d00000, 0x00000000a1c00000| Untracked 
|  29|0x00000000a1d00000, 0x00000000a1e00000, 0x00000000a1e00000|100%| O|  |TAMS 0x00000000a1e00000, 0x00000000a1d00000| Untracked 
|  30|0x00000000a1e00000, 0x00000000a1f00000, 0x00000000a1f00000|100%|HS|  |TAMS 0x00000000a1f00000, 0x00000000a1e00000| Complete 
|  31|0x00000000a1f00000, 0x00000000a2000000, 0x00000000a2000000|100%|HS|  |TAMS 0x00000000a2000000, 0x00000000a1f00000| Complete 
|  32|0x00000000a2000000, 0x00000000a2100000, 0x00000000a2100000|100%| O|  |TAMS 0x00000000a2100000, 0x00000000a2000000| Untracked 
|  33|0x00000000a2100000, 0x00000000a2200000, 0x00000000a2200000|100%|HS|  |TAMS 0x00000000a2200000, 0x00000000a2100000| Complete 
|  34|0x00000000a2200000, 0x00000000a2300000, 0x00000000a2300000|100%|HC|  |TAMS 0x00000000a2300000, 0x00000000a2200000| Complete 
|  35|0x00000000a2300000, 0x00000000a2400000, 0x00000000a2400000|100%| O|  |TAMS 0x00000000a2400000, 0x00000000a2300000| Untracked 
|  36|0x00000000a2400000, 0x00000000a2500000, 0x00000000a2500000|100%| O|  |TAMS 0x00000000a2500000, 0x00000000a2400000| Untracked 
|  37|0x00000000a2500000, 0x00000000a2600000, 0x00000000a2600000|100%| O|  |TAMS 0x00000000a2600000, 0x00000000a2500000| Untracked 
|  38|0x00000000a2600000, 0x00000000a2700000, 0x00000000a2700000|100%| O|  |TAMS 0x00000000a2700000, 0x00000000a2600000| Untracked 
|  39|0x00000000a2700000, 0x00000000a2800000, 0x00000000a2800000|100%|HS|  |TAMS 0x00000000a2800000, 0x00000000a2700000| Complete 
|  40|0x00000000a2800000, 0x00000000a2900000, 0x00000000a2900000|100%|HC|  |TAMS 0x00000000a2900000, 0x00000000a2800000| Complete 
|  41|0x00000000a2900000, 0x00000000a2a00000, 0x00000000a2a00000|100%|HC|  |TAMS 0x00000000a2a00000, 0x00000000a2900000| Complete 
|  42|0x00000000a2a00000, 0x00000000a2b00000, 0x00000000a2b00000|100%|HC|  |TAMS 0x00000000a2b00000, 0x00000000a2a00000| Complete 
|  43|0x00000000a2b00000, 0x00000000a2c00000, 0x00000000a2c00000|100%| O|  |TAMS 0x00000000a2c00000, 0x00000000a2b00000| Untracked 
|  44|0x00000000a2c00000, 0x00000000a2d00000, 0x00000000a2d00000|100%| O|  |TAMS 0x00000000a2d00000, 0x00000000a2c00000| Untracked 
|  45|0x00000000a2d00000, 0x00000000a2e00000, 0x00000000a2e00000|100%| O|  |TAMS 0x00000000a2e00000, 0x00000000a2d00000| Untracked 
|  46|0x00000000a2e00000, 0x00000000a2f00000, 0x00000000a2f00000|100%| O|  |TAMS 0x00000000a2f00000, 0x00000000a2e00000| Untracked 
|  47|0x00000000a2f00000, 0x00000000a3000000, 0x00000000a3000000|100%| O|  |TAMS 0x00000000a2f00000, 0x00000000a2f00000| Untracked 
|  48|0x00000000a3000000, 0x00000000a3100000, 0x00000000a3100000|100%|HS|  |TAMS 0x00000000a3100000, 0x00000000a3000000| Complete 
|  49|0x00000000a3100000, 0x00000000a3200000, 0x00000000a3200000|100%|HC|  |TAMS 0x00000000a3200000, 0x00000000a3100000| Complete 
|  50|0x00000000a3200000, 0x00000000a3300000, 0x00000000a3300000|100%|HS|  |TAMS 0x00000000a3300000, 0x00000000a3200000| Complete 
|  51|0x00000000a3300000, 0x00000000a3400000, 0x00000000a3400000|100%| O|  |TAMS 0x00000000a3400000, 0x00000000a3300000| Untracked 
|  52|0x00000000a3400000, 0x00000000a3500000, 0x00000000a3500000|100%| O|  |TAMS 0x00000000a3500000, 0x00000000a3400000| Untracked 
|  53|0x00000000a3500000, 0x00000000a3600000, 0x00000000a3600000|100%| O|  |TAMS 0x00000000a3600000, 0x00000000a3500000| Untracked 
|  54|0x00000000a3600000, 0x00000000a3700000, 0x00000000a3700000|100%| O|  |TAMS 0x00000000a3700000, 0x00000000a3600000| Untracked 
|  55|0x00000000a3700000, 0x00000000a3800000, 0x00000000a3800000|100%| O|  |TAMS 0x00000000a3800000, 0x00000000a3700000| Untracked 
|  56|0x00000000a3800000, 0x00000000a3900000, 0x00000000a3900000|100%| O|  |TAMS 0x00000000a3900000, 0x00000000a3800000| Untracked 
|  57|0x00000000a3900000, 0x00000000a3a00000, 0x00000000a3a00000|100%| O|  |TAMS 0x00000000a3a00000, 0x00000000a3900000| Untracked 
|  58|0x00000000a3a00000, 0x00000000a3b00000, 0x00000000a3b00000|100%| O|  |TAMS 0x00000000a3b00000, 0x00000000a3a00000| Untracked 
|  59|0x00000000a3b00000, 0x00000000a3c00000, 0x00000000a3c00000|100%| O|  |TAMS 0x00000000a3c00000, 0x00000000a3b00000| Untracked 
|  60|0x00000000a3c00000, 0x00000000a3d00000, 0x00000000a3d00000|100%| O|  |TAMS 0x00000000a3d00000, 0x00000000a3c00000| Untracked 
|  61|0x00000000a3d00000, 0x00000000a3e00000, 0x00000000a3e00000|100%| O|  |TAMS 0x00000000a3e00000, 0x00000000a3d00000| Untracked 
|  62|0x00000000a3e00000, 0x00000000a3f00000, 0x00000000a3f00000|100%| O|  |TAMS 0x00000000a3f00000, 0x00000000a3e00000| Untracked 
|  63|0x00000000a3f00000, 0x00000000a4000000, 0x00000000a4000000|100%| O|  |TAMS 0x00000000a4000000, 0x00000000a3f00000| Untracked 
|  64|0x00000000a4000000, 0x00000000a4100000, 0x00000000a4100000|100%| O|  |TAMS 0x00000000a4100000, 0x00000000a4000000| Untracked 
|  65|0x00000000a4100000, 0x00000000a4200000, 0x00000000a4200000|100%| O|  |TAMS 0x00000000a4200000, 0x00000000a4100000| Untracked 
|  66|0x00000000a4200000, 0x00000000a4300000, 0x00000000a4300000|100%| O|  |TAMS 0x00000000a4300000, 0x00000000a4200000| Untracked 
|  67|0x00000000a4300000, 0x00000000a4400000, 0x00000000a4400000|100%| O|  |TAMS 0x00000000a4400000, 0x00000000a4300000| Untracked 
|  68|0x00000000a4400000, 0x00000000a4500000, 0x00000000a4500000|100%| O|  |TAMS 0x00000000a4500000, 0x00000000a4400000| Untracked 
|  69|0x00000000a4500000, 0x00000000a4600000, 0x00000000a4600000|100%| O|  |TAMS 0x00000000a4600000, 0x00000000a4500000| Untracked 
|  70|0x00000000a4600000, 0x00000000a4700000, 0x00000000a4700000|100%| O|  |TAMS 0x00000000a4700000, 0x00000000a4600000| Untracked 
|  71|0x00000000a4700000, 0x00000000a4800000, 0x00000000a4800000|100%|HS|  |TAMS 0x00000000a4800000, 0x00000000a4700000| Complete 
|  72|0x00000000a4800000, 0x00000000a4900000, 0x00000000a4900000|100%|HC|  |TAMS 0x00000000a4900000, 0x00000000a4800000| Complete 
|  73|0x00000000a4900000, 0x00000000a4a00000, 0x00000000a4a00000|100%|HC|  |TAMS 0x00000000a4a00000, 0x00000000a4900000| Complete 
|  74|0x00000000a4a00000, 0x00000000a4b00000, 0x00000000a4b00000|100%|HC|  |TAMS 0x00000000a4b00000, 0x00000000a4a00000| Complete 
|  75|0x00000000a4b00000, 0x00000000a4c00000, 0x00000000a4c00000|100%| O|  |TAMS 0x00000000a4c00000, 0x00000000a4b00000| Untracked 
|  76|0x00000000a4c00000, 0x00000000a4d00000, 0x00000000a4d00000|100%| O|  |TAMS 0x00000000a4d00000, 0x00000000a4c00000| Untracked 
|  77|0x00000000a4d00000, 0x00000000a4e00000, 0x00000000a4e00000|100%| O|  |TAMS 0x00000000a4e00000, 0x00000000a4d00000| Untracked 
|  78|0x00000000a4e00000, 0x00000000a4f00000, 0x00000000a4f00000|100%| O|  |TAMS 0x00000000a4f00000, 0x00000000a4e00000| Untracked 
|  79|0x00000000a4f00000, 0x00000000a5000000, 0x00000000a5000000|100%| O|  |TAMS 0x00000000a5000000, 0x00000000a4f00000| Untracked 
|  80|0x00000000a5000000, 0x00000000a5100000, 0x00000000a5100000|100%| O|  |TAMS 0x00000000a5100000, 0x00000000a5000000| Untracked 
|  81|0x00000000a5100000, 0x00000000a5200000, 0x00000000a5200000|100%| O|  |TAMS 0x00000000a5200000, 0x00000000a5100000| Untracked 
|  82|0x00000000a5200000, 0x00000000a5300000, 0x00000000a5300000|100%| O|  |TAMS 0x00000000a5300000, 0x00000000a5200000| Untracked 
|  83|0x00000000a5300000, 0x00000000a5400000, 0x00000000a5400000|100%| O|  |TAMS 0x00000000a5400000, 0x00000000a5300000| Untracked 
|  84|0x00000000a5400000, 0x00000000a5500000, 0x00000000a5500000|100%| O|  |TAMS 0x00000000a5500000, 0x00000000a5400000| Untracked 
|  85|0x00000000a5500000, 0x00000000a5600000, 0x00000000a5600000|100%| O|  |TAMS 0x00000000a5600000, 0x00000000a5500000| Untracked 
|  86|0x00000000a5600000, 0x00000000a5700000, 0x00000000a5700000|100%| O|  |TAMS 0x00000000a5700000, 0x00000000a5600000| Untracked 
|  87|0x00000000a5700000, 0x00000000a5800000, 0x00000000a5800000|100%| O|  |TAMS 0x00000000a5800000, 0x00000000a5700000| Untracked 
|  88|0x00000000a5800000, 0x00000000a5900000, 0x00000000a5900000|100%| O|  |TAMS 0x00000000a5900000, 0x00000000a5800000| Untracked 
|  89|0x00000000a5900000, 0x00000000a5a00000, 0x00000000a5a00000|100%| O|  |TAMS 0x00000000a5a00000, 0x00000000a5900000| Untracked 
|  90|0x00000000a5a00000, 0x00000000a5b00000, 0x00000000a5b00000|100%| O|  |TAMS 0x00000000a5b00000, 0x00000000a5a00000| Untracked 
|  91|0x00000000a5b00000, 0x00000000a5c00000, 0x00000000a5c00000|100%| O|  |TAMS 0x00000000a5c00000, 0x00000000a5b00000| Untracked 
|  92|0x00000000a5c00000, 0x00000000a5d00000, 0x00000000a5d00000|100%| O|  |TAMS 0x00000000a5d00000, 0x00000000a5c00000| Untracked 
|  93|0x00000000a5d00000, 0x00000000a5e00000, 0x00000000a5e00000|100%| O|  |TAMS 0x00000000a5e00000, 0x00000000a5d00000| Untracked 
|  94|0x00000000a5e00000, 0x00000000a5f00000, 0x00000000a5f00000|100%| O|  |TAMS 0x00000000a5f00000, 0x00000000a5e00000| Untracked 
|  95|0x00000000a5f00000, 0x00000000a5f00000, 0x00000000a6000000|  0%| F|  |TAMS 0x00000000a5f00000, 0x00000000a5f00000| Untracked 
|  96|0x00000000a6000000, 0x00000000a6100000, 0x00000000a6100000|100%| O|  |TAMS 0x00000000a6100000, 0x00000000a6000000| Untracked 
|  97|0x00000000a6100000, 0x00000000a6200000, 0x00000000a6200000|100%| O|  |TAMS 0x00000000a6200000, 0x00000000a6100000| Untracked 
|  98|0x00000000a6200000, 0x00000000a6300000, 0x00000000a6300000|100%| O|  |TAMS 0x00000000a6300000, 0x00000000a6200000| Untracked 
|  99|0x00000000a6300000, 0x00000000a6400000, 0x00000000a6400000|100%| O|  |TAMS 0x00000000a6400000, 0x00000000a6300000| Untracked 
| 100|0x00000000a6400000, 0x00000000a6500000, 0x00000000a6500000|100%| O|  |TAMS 0x00000000a6500000, 0x00000000a6400000| Untracked 
| 101|0x00000000a6500000, 0x00000000a6600000, 0x00000000a6600000|100%| O|  |TAMS 0x00000000a6600000, 0x00000000a6500000| Untracked 
| 102|0x00000000a6600000, 0x00000000a6700000, 0x00000000a6700000|100%| O|  |TAMS 0x00000000a6700000, 0x00000000a6600000| Untracked 
| 103|0x00000000a6700000, 0x00000000a6800000, 0x00000000a6800000|100%| O|  |TAMS 0x00000000a6800000, 0x00000000a6700000| Untracked 
| 104|0x00000000a6800000, 0x00000000a6900000, 0x00000000a6900000|100%| O|  |TAMS 0x00000000a6900000, 0x00000000a6800000| Untracked 
| 105|0x00000000a6900000, 0x00000000a6a00000, 0x00000000a6a00000|100%| O|  |TAMS 0x00000000a6a00000, 0x00000000a6900000| Untracked 
| 106|0x00000000a6a00000, 0x00000000a6b00000, 0x00000000a6b00000|100%| O|  |TAMS 0x00000000a6af4400, 0x00000000a6a00000| Untracked 
| 107|0x00000000a6b00000, 0x00000000a6c00000, 0x00000000a6c00000|100%| O|  |TAMS 0x00000000a6b00000, 0x00000000a6b00000| Untracked 
| 108|0x00000000a6c00000, 0x00000000a6d00000, 0x00000000a6d00000|100%| O|  |TAMS 0x00000000a6c00000, 0x00000000a6c00000| Untracked 
| 109|0x00000000a6d00000, 0x00000000a6e00000, 0x00000000a6e00000|100%| O|  |TAMS 0x00000000a6d00000, 0x00000000a6d00000| Untracked 
| 110|0x00000000a6e00000, 0x00000000a6f00000, 0x00000000a6f00000|100%| O|  |TAMS 0x00000000a6e00000, 0x00000000a6e00000| Untracked 
| 111|0x00000000a6f00000, 0x00000000a7000000, 0x00000000a7000000|100%| O|  |TAMS 0x00000000a6f00000, 0x00000000a6f00000| Untracked 
| 112|0x00000000a7000000, 0x00000000a7100000, 0x00000000a7100000|100%| O|  |TAMS 0x00000000a7000000, 0x00000000a7000000| Untracked 
| 113|0x00000000a7100000, 0x00000000a7200000, 0x00000000a7200000|100%| O|  |TAMS 0x00000000a7100000, 0x00000000a7100000| Untracked 
| 114|0x00000000a7200000, 0x00000000a7250800, 0x00000000a7300000| 31%| O|  |TAMS 0x00000000a7200000, 0x00000000a7200000| Untracked 
| 115|0x00000000a7300000, 0x00000000a7300000, 0x00000000a7400000|  0%| F|  |TAMS 0x00000000a7300000, 0x00000000a7300000| Untracked 
| 116|0x00000000a7400000, 0x00000000a7400000, 0x00000000a7500000|  0%| F|  |TAMS 0x00000000a7400000, 0x00000000a7400000| Untracked 
| 117|0x00000000a7500000, 0x00000000a7500000, 0x00000000a7600000|  0%| F|  |TAMS 0x00000000a7500000, 0x00000000a7500000| Untracked 
| 118|0x00000000a7600000, 0x00000000a7600000, 0x00000000a7700000|  0%| F|  |TAMS 0x00000000a7600000, 0x00000000a7600000| Untracked 
| 119|0x00000000a7700000, 0x00000000a7700000, 0x00000000a7800000|  0%| F|  |TAMS 0x00000000a7700000, 0x00000000a7700000| Untracked 
| 120|0x00000000a7800000, 0x00000000a7800000, 0x00000000a7900000|  0%| F|  |TAMS 0x00000000a7800000, 0x00000000a7800000| Untracked 
| 121|0x00000000a7900000, 0x00000000a7900000, 0x00000000a7a00000|  0%| F|  |TAMS 0x00000000a7900000, 0x00000000a7900000| Untracked 
| 122|0x00000000a7a00000, 0x00000000a7a00000, 0x00000000a7b00000|  0%| F|  |TAMS 0x00000000a7a00000, 0x00000000a7a00000| Untracked 
| 123|0x00000000a7b00000, 0x00000000a7b00000, 0x00000000a7c00000|  0%| F|  |TAMS 0x00000000a7b00000, 0x00000000a7b00000| Untracked 
| 124|0x00000000a7c00000, 0x00000000a7c00000, 0x00000000a7d00000|  0%| F|  |TAMS 0x00000000a7c00000, 0x00000000a7c00000| Untracked 
| 125|0x00000000a7d00000, 0x00000000a7d00000, 0x00000000a7e00000|  0%| F|  |TAMS 0x00000000a7d00000, 0x00000000a7d00000| Untracked 
| 126|0x00000000a7e00000, 0x00000000a7e00000, 0x00000000a7f00000|  0%| F|  |TAMS 0x00000000a7e00000, 0x00000000a7e00000| Untracked 
| 127|0x00000000a7f00000, 0x00000000a7f00000, 0x00000000a8000000|  0%| F|  |TAMS 0x00000000a7f00000, 0x00000000a7f00000| Untracked 
| 128|0x00000000a8000000, 0x00000000a8000000, 0x00000000a8100000|  0%| F|  |TAMS 0x00000000a8000000, 0x00000000a8000000| Untracked 
| 129|0x00000000a8100000, 0x00000000a8100000, 0x00000000a8200000|  0%| F|  |TAMS 0x00000000a8100000, 0x00000000a8100000| Untracked 
| 130|0x00000000a8200000, 0x00000000a8200000, 0x00000000a8300000|  0%| F|  |TAMS 0x00000000a8200000, 0x00000000a8200000| Untracked 
| 131|0x00000000a8300000, 0x00000000a8300000, 0x00000000a8400000|  0%| F|  |TAMS 0x00000000a8300000, 0x00000000a8300000| Untracked 
| 132|0x00000000a8400000, 0x00000000a8400000, 0x00000000a8500000|  0%| F|  |TAMS 0x00000000a8400000, 0x00000000a8400000| Untracked 
| 133|0x00000000a8500000, 0x00000000a8500000, 0x00000000a8600000|  0%| F|  |TAMS 0x00000000a8500000, 0x00000000a8500000| Untracked 
| 134|0x00000000a8600000, 0x00000000a8600000, 0x00000000a8700000|  0%| F|  |TAMS 0x00000000a8600000, 0x00000000a8600000| Untracked 
| 135|0x00000000a8700000, 0x00000000a8700000, 0x00000000a8800000|  0%| F|  |TAMS 0x00000000a8700000, 0x00000000a8700000| Untracked 
| 136|0x00000000a8800000, 0x00000000a8800000, 0x00000000a8900000|  0%| F|  |TAMS 0x00000000a8800000, 0x00000000a8800000| Untracked 
| 137|0x00000000a8900000, 0x00000000a8900000, 0x00000000a8a00000|  0%| F|  |TAMS 0x00000000a8900000, 0x00000000a8900000| Untracked 
| 138|0x00000000a8a00000, 0x00000000a8a00000, 0x00000000a8b00000|  0%| F|  |TAMS 0x00000000a8a00000, 0x00000000a8a00000| Untracked 
| 139|0x00000000a8b00000, 0x00000000a8b00000, 0x00000000a8c00000|  0%| F|  |TAMS 0x00000000a8b00000, 0x00000000a8b00000| Untracked 
| 140|0x00000000a8c00000, 0x00000000a8c00000, 0x00000000a8d00000|  0%| F|  |TAMS 0x00000000a8c00000, 0x00000000a8c00000| Untracked 
| 141|0x00000000a8d00000, 0x00000000a8d00000, 0x00000000a8e00000|  0%| F|  |TAMS 0x00000000a8d00000, 0x00000000a8d00000| Untracked 
| 142|0x00000000a8e00000, 0x00000000a8e00000, 0x00000000a8f00000|  0%| F|  |TAMS 0x00000000a8e00000, 0x00000000a8e00000| Untracked 
| 143|0x00000000a8f00000, 0x00000000a8f00000, 0x00000000a9000000|  0%| F|  |TAMS 0x00000000a8f00000, 0x00000000a8f00000| Untracked 
| 144|0x00000000a9000000, 0x00000000a9000000, 0x00000000a9100000|  0%| F|  |TAMS 0x00000000a9000000, 0x00000000a9000000| Untracked 
| 145|0x00000000a9100000, 0x00000000a91f2ee0, 0x00000000a9200000| 94%| S|CS|TAMS 0x00000000a9100000, 0x00000000a9100000| Complete 
| 146|0x00000000a9200000, 0x00000000a9300000, 0x00000000a9300000|100%| S|CS|TAMS 0x00000000a9200000, 0x00000000a9200000| Complete 
| 147|0x00000000a9300000, 0x00000000a9400000, 0x00000000a9400000|100%| S|CS|TAMS 0x00000000a9300000, 0x00000000a9300000| Complete 
| 148|0x00000000a9400000, 0x00000000a9500000, 0x00000000a9500000|100%| S|CS|TAMS 0x00000000a9400000, 0x00000000a9400000| Complete 
| 149|0x00000000a9500000, 0x00000000a9600000, 0x00000000a9600000|100%| S|CS|TAMS 0x00000000a9500000, 0x00000000a9500000| Complete 
| 150|0x00000000a9600000, 0x00000000a9600000, 0x00000000a9700000|  0%| F|  |TAMS 0x00000000a9600000, 0x00000000a9600000| Untracked 
| 151|0x00000000a9700000, 0x00000000a9700000, 0x00000000a9800000|  0%| F|  |TAMS 0x00000000a9700000, 0x00000000a9700000| Untracked 
| 152|0x00000000a9800000, 0x00000000a9800000, 0x00000000a9900000|  0%| F|  |TAMS 0x00000000a9800000, 0x00000000a9800000| Untracked 
| 153|0x00000000a9900000, 0x00000000a9900000, 0x00000000a9a00000|  0%| F|  |TAMS 0x00000000a9900000, 0x00000000a9900000| Untracked 
| 154|0x00000000a9a00000, 0x00000000a9a00000, 0x00000000a9b00000|  0%| F|  |TAMS 0x00000000a9a00000, 0x00000000a9a00000| Untracked 
| 155|0x00000000a9b00000, 0x00000000a9b00000, 0x00000000a9c00000|  0%| F|  |TAMS 0x00000000a9b00000, 0x00000000a9b00000| Untracked 
| 156|0x00000000a9c00000, 0x00000000a9c00000, 0x00000000a9d00000|  0%| F|  |TAMS 0x00000000a9c00000, 0x00000000a9c00000| Untracked 
| 157|0x00000000a9d00000, 0x00000000a9d00000, 0x00000000a9e00000|  0%| F|  |TAMS 0x00000000a9d00000, 0x00000000a9d00000| Untracked 
| 158|0x00000000a9e00000, 0x00000000a9e00000, 0x00000000a9f00000|  0%| F|  |TAMS 0x00000000a9e00000, 0x00000000a9e00000| Untracked 
| 159|0x00000000a9f00000, 0x00000000a9f00000, 0x00000000aa000000|  0%| F|  |TAMS 0x00000000a9f00000, 0x00000000a9f00000| Untracked 
| 160|0x00000000aa000000, 0x00000000aa000000, 0x00000000aa100000|  0%| F|  |TAMS 0x00000000aa000000, 0x00000000aa000000| Untracked 
| 161|0x00000000aa100000, 0x00000000aa100000, 0x00000000aa200000|  0%| F|  |TAMS 0x00000000aa100000, 0x00000000aa100000| Untracked 
| 162|0x00000000aa200000, 0x00000000aa200000, 0x00000000aa300000|  0%| F|  |TAMS 0x00000000aa200000, 0x00000000aa200000| Untracked 
| 163|0x00000000aa300000, 0x00000000aa300000, 0x00000000aa400000|  0%| F|  |TAMS 0x00000000aa300000, 0x00000000aa300000| Untracked 
| 164|0x00000000aa400000, 0x00000000aa400000, 0x00000000aa500000|  0%| F|  |TAMS 0x00000000aa400000, 0x00000000aa400000| Untracked 
| 165|0x00000000aa500000, 0x00000000aa500000, 0x00000000aa600000|  0%| F|  |TAMS 0x00000000aa500000, 0x00000000aa500000| Untracked 
| 166|0x00000000aa600000, 0x00000000aa600000, 0x00000000aa700000|  0%| F|  |TAMS 0x00000000aa600000, 0x00000000aa600000| Untracked 
| 167|0x00000000aa700000, 0x00000000aa700000, 0x00000000aa800000|  0%| F|  |TAMS 0x00000000aa700000, 0x00000000aa700000| Untracked 
| 168|0x00000000aa800000, 0x00000000aa800000, 0x00000000aa900000|  0%| F|  |TAMS 0x00000000aa800000, 0x00000000aa800000| Untracked 
| 169|0x00000000aa900000, 0x00000000aa900000, 0x00000000aaa00000|  0%| F|  |TAMS 0x00000000aa900000, 0x00000000aa900000| Untracked 
| 170|0x00000000aaa00000, 0x00000000aaa00000, 0x00000000aab00000|  0%| F|  |TAMS 0x00000000aaa00000, 0x00000000aaa00000| Untracked 
| 171|0x00000000aab00000, 0x00000000aab00000, 0x00000000aac00000|  0%| F|  |TAMS 0x00000000aab00000, 0x00000000aab00000| Untracked 
| 172|0x00000000aac00000, 0x00000000aac00000, 0x00000000aad00000|  0%| F|  |TAMS 0x00000000aac00000, 0x00000000aac00000| Untracked 
| 173|0x00000000aad00000, 0x00000000aad00000, 0x00000000aae00000|  0%| F|  |TAMS 0x00000000aad00000, 0x00000000aad00000| Untracked 
| 174|0x00000000aae00000, 0x00000000aae00000, 0x00000000aaf00000|  0%| F|  |TAMS 0x00000000aae00000, 0x00000000aae00000| Untracked 
| 175|0x00000000aaf00000, 0x00000000aaf00000, 0x00000000ab000000|  0%| F|  |TAMS 0x00000000aaf00000, 0x00000000aaf00000| Untracked 
| 176|0x00000000ab000000, 0x00000000ab000000, 0x00000000ab100000|  0%| F|  |TAMS 0x00000000ab000000, 0x00000000ab000000| Untracked 
| 177|0x00000000ab100000, 0x00000000ab100000, 0x00000000ab200000|  0%| F|  |TAMS 0x00000000ab100000, 0x00000000ab100000| Untracked 
| 178|0x00000000ab200000, 0x00000000ab200000, 0x00000000ab300000|  0%| F|  |TAMS 0x00000000ab200000, 0x00000000ab200000| Untracked 
| 179|0x00000000ab300000, 0x00000000ab300000, 0x00000000ab400000|  0%| F|  |TAMS 0x00000000ab300000, 0x00000000ab300000| Untracked 
| 180|0x00000000ab400000, 0x00000000ab400000, 0x00000000ab500000|  0%| F|  |TAMS 0x00000000ab400000, 0x00000000ab400000| Untracked 
| 181|0x00000000ab500000, 0x00000000ab500000, 0x00000000ab600000|  0%| F|  |TAMS 0x00000000ab500000, 0x00000000ab500000| Untracked 
| 182|0x00000000ab600000, 0x00000000ab600000, 0x00000000ab700000|  0%| F|  |TAMS 0x00000000ab600000, 0x00000000ab600000| Untracked 
| 183|0x00000000ab700000, 0x00000000ab700000, 0x00000000ab800000|  0%| F|  |TAMS 0x00000000ab700000, 0x00000000ab700000| Untracked 
| 184|0x00000000ab800000, 0x00000000ab800000, 0x00000000ab900000|  0%| F|  |TAMS 0x00000000ab800000, 0x00000000ab800000| Untracked 
| 185|0x00000000ab900000, 0x00000000ab900000, 0x00000000aba00000|  0%| F|  |TAMS 0x00000000ab900000, 0x00000000ab900000| Untracked 
| 186|0x00000000aba00000, 0x00000000aba00000, 0x00000000abb00000|  0%| F|  |TAMS 0x00000000aba00000, 0x00000000aba00000| Untracked 
| 187|0x00000000abb00000, 0x00000000abb00000, 0x00000000abc00000|  0%| F|  |TAMS 0x00000000abb00000, 0x00000000abb00000| Untracked 
| 188|0x00000000abc00000, 0x00000000abc00000, 0x00000000abd00000|  0%| F|  |TAMS 0x00000000abc00000, 0x00000000abc00000| Untracked 
| 189|0x00000000abd00000, 0x00000000abd00000, 0x00000000abe00000|  0%| F|  |TAMS 0x00000000abd00000, 0x00000000abd00000| Untracked 
| 190|0x00000000abe00000, 0x00000000abe00000, 0x00000000abf00000|  0%| F|  |TAMS 0x00000000abe00000, 0x00000000abe00000| Untracked 
| 191|0x00000000abf00000, 0x00000000abf00000, 0x00000000ac000000|  0%| F|  |TAMS 0x00000000abf00000, 0x00000000abf00000| Untracked 
| 192|0x00000000ac000000, 0x00000000ac000000, 0x00000000ac100000|  0%| F|  |TAMS 0x00000000ac000000, 0x00000000ac000000| Untracked 
| 193|0x00000000ac100000, 0x00000000ac100000, 0x00000000ac200000|  0%| F|  |TAMS 0x00000000ac100000, 0x00000000ac100000| Untracked 
| 194|0x00000000ac200000, 0x00000000ac200000, 0x00000000ac300000|  0%| F|  |TAMS 0x00000000ac200000, 0x00000000ac200000| Untracked 
| 195|0x00000000ac300000, 0x00000000ac300000, 0x00000000ac400000|  0%| F|  |TAMS 0x00000000ac300000, 0x00000000ac300000| Untracked 
| 196|0x00000000ac400000, 0x00000000ac400000, 0x00000000ac500000|  0%| F|  |TAMS 0x00000000ac400000, 0x00000000ac400000| Untracked 
| 197|0x00000000ac500000, 0x00000000ac500000, 0x00000000ac600000|  0%| F|  |TAMS 0x00000000ac500000, 0x00000000ac500000| Untracked 
| 198|0x00000000ac600000, 0x00000000ac600000, 0x00000000ac700000|  0%| F|  |TAMS 0x00000000ac600000, 0x00000000ac600000| Untracked 
| 199|0x00000000ac700000, 0x00000000ac700000, 0x00000000ac800000|  0%| F|  |TAMS 0x00000000ac700000, 0x00000000ac700000| Untracked 
| 200|0x00000000ac800000, 0x00000000ac800000, 0x00000000ac900000|  0%| F|  |TAMS 0x00000000ac800000, 0x00000000ac800000| Untracked 
| 201|0x00000000ac900000, 0x00000000ac900000, 0x00000000aca00000|  0%| F|  |TAMS 0x00000000ac900000, 0x00000000ac900000| Untracked 

Card table byte_map: [0x00000227eba20000,0x00000227ebd20000] _byte_map_base: 0x00000227eb520000

Marking Bits (Prev, Next): (CMBitMap*) 0x00000227d4b9bbf0, (CMBitMap*) 0x00000227d4b9bc30
 Prev Bits: [0x00000227ec020000, 0x00000227ed820000)
 Next Bits: [0x00000227ed820000, 0x00000227ef020000)

Polling page: 0x00000227d4320000

Metaspace:

Usage:
  Non-class:     78.60 MB used.
      Class:     12.57 MB used.
       Both:     91.17 MB used.

Virtual space:
  Non-class space:      128.00 MB reserved,      79.00 MB ( 62%) committed,  2 nodes.
      Class space:        1.00 GB reserved,      13.00 MB (  1%) committed,  1 nodes.
             Both:        1.12 GB reserved,      92.00 MB (  8%) committed. 

Chunk freelists:
   Non-Class:  497.00 KB
       Class:  2.87 MB
        Both:  3.36 MB

MaxMetaspaceSize: unlimited
CompressedClassSpaceSize: 1.00 GB
Initial GC threshold: 21.00 MB
Current GC threshold: 147.50 MB
CDS: on
MetaspaceReclaimPolicy: balanced
 - commit_granule_bytes: 65536.
 - commit_granule_words: 8192.
 - virtual_space_node_default_size: 8388608.
 - enlarge_chunks_in_place: 1.
 - new_chunks_are_fully_committed: 0.
 - uncommit_free_chunks: 1.
 - use_allocation_guard: 0.
 - handle_deallocations: 1.


Internal statistics:

num_allocs_failed_limit: 6.
num_arena_births: 1060.
num_arena_deaths: 0.
num_vsnodes_births: 3.
num_vsnodes_deaths: 0.
num_space_committed: 1472.
num_space_uncommitted: 0.
num_chunks_returned_to_freelist: 6.
num_chunks_taken_from_freelist: 4952.
num_chunk_merges: 6.
num_chunk_splits: 3272.
num_chunks_enlarged: 2179.
num_purges: 0.
num_inconsistent_stats: 0.

CodeHeap 'non-profiled nmethods': size=120000Kb used=7153Kb max_used=7153Kb free=112846Kb
 bounds [0x00000227e3ec0000, 0x00000227e45c0000, 0x00000227eb3f0000]
CodeHeap 'profiled nmethods': size=120000Kb used=23367Kb max_used=23367Kb free=96632Kb
 bounds [0x00000227dc3f0000, 0x00000227ddad0000, 0x00000227e3920000]
CodeHeap 'non-nmethods': size=5760Kb used=2403Kb max_used=2494Kb free=3356Kb
 bounds [0x00000227e3920000, 0x00000227e3ba0000, 0x00000227e3ec0000]
 total_blobs=12624 nmethods=11692 adapters=843
 compilation: enabled
              stopped_count=0, restarted_count=0
 full_count=0

Compilation events (20 events):
Event: 33.129 Thread 0x00000227f1a2c5b0 13258   !   3       java.util.ServiceLoader$ModuleServicesLookupIterator::hasNext (102 bytes)
Event: 33.131 Thread 0x00000227f1a2c5b0 nmethod 13258 0x00000227ddab6e90 code [0x00000227ddab7140, 0x00000227ddab8238]
Event: 33.134 Thread 0x00000227f1a2c5b0 13259  s    3       org.apache.xerces.jaxp.SAXParserImpl$JAXPSAXParser::setProperty (391 bytes)
Event: 33.138 Thread 0x00000227f1a2c5b0 nmethod 13259 0x00000227ddab8710 code [0x00000227ddab8be0, 0x00000227ddabb1d8]
Event: 33.138 Thread 0x00000227f1a2c5b0 13261       3       sun.management.spi.PlatformMBeanProvider$PlatformComponent$$Lambda$68/0x0000022781073fe8::test (9 bytes)
Event: 33.138 Thread 0x00000227f1a2c5b0 nmethod 13261 0x00000227ddabbc90 code [0x00000227ddabbe20, 0x00000227ddabbf58]
Event: 33.138 Thread 0x00000227f1a2c5b0 13260       3       sun.management.MemoryPoolImpl::getObjectName (10 bytes)
Event: 33.141 Thread 0x00000227f1a2c5b0 nmethod 13260 0x00000227ddabc010 code [0x00000227ddabc3e0, 0x00000227ddabdfe8]
Event: 33.154 Thread 0x00000227f1a2c5b0 13262       3       java.util.ImmutableCollections$AbstractImmutableList::iterator (13 bytes)
Event: 33.154 Thread 0x00000227f1a2c5b0 nmethod 13262 0x00000227ddabea90 code [0x00000227ddabec40, 0x00000227ddabefa8]
Event: 33.154 Thread 0x00000227f1a2c5b0 13263       3       java.util.ImmutableCollections$ListItr::<init> (25 bytes)
Event: 33.155 Thread 0x00000227f1a2c5b0 nmethod 13263 0x00000227ddabf110 code [0x00000227ddabf2a0, 0x00000227ddabf478]
Event: 33.159 Thread 0x00000227f1a2c5b0 13264   !   3       org.apache.xerces.impl.XMLEntityManager::endEntity (166 bytes)
Event: 33.160 Thread 0x00000227f1a2c5b0 nmethod 13264 0x00000227ddabf510 code [0x00000227ddabf780, 0x00000227ddac0408]
Event: 33.172 Thread 0x00000227f1a2c5b0 13265       3       org.apache.xerces.parsers.AbstractXMLDocumentParser::emptyElement (14 bytes)
Event: 33.172 Thread 0x00000227f1a2c5b0 nmethod 13265 0x00000227ddac0810 code [0x00000227ddac09c0, 0x00000227ddac0c78]
Event: 33.188 Thread 0x00000227f1a2c5b0 13266       3       jdk.internal.loader.BuiltinClassLoader$1::hasNext (93 bytes)
Event: 33.189 Thread 0x00000227f1a2c5b0 nmethod 13266 0x00000227ddac0d90 code [0x00000227ddac0fc0, 0x00000227ddac18e8]
Event: 33.189 Thread 0x00000227f1a2c5b0 13267       3       jdk.internal.loader.BuiltinClassLoader$1::hasMoreElements (5 bytes)
Event: 33.189 Thread 0x00000227f1a2c5b0 nmethod 13267 0x00000227ddac1a90 code [0x00000227ddac1c20, 0x00000227ddac1d68]

GC Heap History (20 events):
Event: 25.601 GC heap after
{Heap after GC invocations=29 (full 0):
 garbage-first heap   total 164864K, used 91935K [0x00000000a0000000, 0x0000000100000000)
  region size 1024K, 7 young (7168K), 7 survivors (7168K)
 Metaspace       used 81728K, committed 82432K, reserved 1179648K
  class space    used 11444K, committed 11776K, reserved 1048576K
}
Event: 26.600 GC heap before
{Heap before GC invocations=29 (full 0):
 garbage-first heap   total 164864K, used 135967K [0x00000000a0000000, 0x0000000100000000)
  region size 1024K, 50 young (51200K), 7 survivors (7168K)
 Metaspace       used 85622K, committed 86336K, reserved 1179648K
  class space    used 11997K, committed 12352K, reserved 1048576K
}
Event: 26.609 GC heap after
{Heap after GC invocations=30 (full 0):
 garbage-first heap   total 164864K, used 94313K [0x00000000a0000000, 0x0000000100000000)
  region size 1024K, 3 young (3072K), 3 survivors (3072K)
 Metaspace       used 85622K, committed 86336K, reserved 1179648K
  class space    used 11997K, committed 12352K, reserved 1048576K
}
Event: 27.357 GC heap before
{Heap before GC invocations=31 (full 0):
 garbage-first heap   total 167936K, used 137321K [0x00000000a0000000, 0x0000000100000000)
  region size 1024K, 45 young (46080K), 3 survivors (3072K)
 Metaspace       used 87486K, committed 88192K, reserved 1179648K
  class space    used 12249K, committed 12544K, reserved 1048576K
}
Event: 27.365 GC heap after
{Heap after GC invocations=32 (full 0):
 garbage-first heap   total 167936K, used 97782K [0x00000000a0000000, 0x0000000100000000)
  region size 1024K, 6 young (6144K), 6 survivors (6144K)
 Metaspace       used 87486K, committed 88192K, reserved 1179648K
  class space    used 12249K, committed 12544K, reserved 1048576K
}
Event: 27.414 GC heap before
{Heap before GC invocations=32 (full 0):
 garbage-first heap   total 167936K, used 99830K [0x00000000a0000000, 0x0000000100000000)
  region size 1024K, 8 young (8192K), 6 survivors (6144K)
 Metaspace       used 87514K, committed 88192K, reserved 1179648K
  class space    used 12252K, committed 12544K, reserved 1048576K
}
Event: 27.422 GC heap after
{Heap after GC invocations=33 (full 0):
 garbage-first heap   total 167936K, used 97427K [0x00000000a0000000, 0x0000000100000000)
  region size 1024K, 1 young (1024K), 1 survivors (1024K)
 Metaspace       used 87514K, committed 88192K, reserved 1179648K
  class space    used 12252K, committed 12544K, reserved 1048576K
}
Event: 27.900 GC heap before
{Heap before GC invocations=33 (full 0):
 garbage-first heap   total 167936K, used 139411K [0x00000000a0000000, 0x0000000100000000)
  region size 1024K, 42 young (43008K), 1 survivors (1024K)
 Metaspace       used 87640K, committed 88320K, reserved 1179648K
  class space    used 12257K, committed 12608K, reserved 1048576K
}
Event: 27.907 GC heap after
{Heap after GC invocations=34 (full 0):
 garbage-first heap   total 167936K, used 103424K [0x00000000a0000000, 0x0000000100000000)
  region size 1024K, 6 young (6144K), 6 survivors (6144K)
 Metaspace       used 87640K, committed 88320K, reserved 1179648K
  class space    used 12257K, committed 12608K, reserved 1048576K
}
Event: 28.805 GC heap before
{Heap before GC invocations=35 (full 0):
 garbage-first heap   total 193536K, used 137216K [0x00000000a0000000, 0x0000000100000000)
  region size 1024K, 40 young (40960K), 6 survivors (6144K)
 Metaspace       used 88960K, committed 89728K, reserved 1179648K
  class space    used 12467K, committed 12800K, reserved 1048576K
}
Event: 28.822 GC heap after
{Heap after GC invocations=36 (full 0):
 garbage-first heap   total 193536K, used 108954K [0x00000000a0000000, 0x0000000100000000)
  region size 1024K, 5 young (5120K), 5 survivors (5120K)
 Metaspace       used 88960K, committed 89728K, reserved 1179648K
  class space    used 12467K, committed 12800K, reserved 1048576K
}
Event: 29.000 GC heap before
{Heap before GC invocations=36 (full 0):
 garbage-first heap   total 193536K, used 113050K [0x00000000a0000000, 0x0000000100000000)
  region size 1024K, 9 young (9216K), 5 survivors (5120K)
 Metaspace       used 89008K, committed 89728K, reserved 1179648K
  class space    used 12467K, committed 12800K, reserved 1048576K
}
Event: 29.007 GC heap after
{Heap after GC invocations=37 (full 0):
 garbage-first heap   total 193536K, used 109869K [0x00000000a0000000, 0x0000000100000000)
  region size 1024K, 2 young (2048K), 2 survivors (2048K)
 Metaspace       used 89008K, committed 89728K, reserved 1179648K
  class space    used 12467K, committed 12800K, reserved 1048576K
}
Event: 29.884 GC heap before
{Heap before GC invocations=37 (full 0):
 garbage-first heap   total 193536K, used 156973K [0x00000000a0000000, 0x0000000100000000)
  region size 1024K, 49 young (50176K), 2 survivors (2048K)
 Metaspace       used 89764K, committed 90496K, reserved 1179648K
  class space    used 12553K, committed 12928K, reserved 1048576K
}
Event: 29.894 GC heap after
{Heap after GC invocations=38 (full 0):
 garbage-first heap   total 193536K, used 114192K [0x00000000a0000000, 0x0000000100000000)
  region size 1024K, 6 young (6144K), 6 survivors (6144K)
 Metaspace       used 89764K, committed 90496K, reserved 1179648K
  class space    used 12553K, committed 12928K, reserved 1048576K
}
Event: 31.486 GC heap before
{Heap before GC invocations=39 (full 0):
 garbage-first heap   total 206848K, used 157200K [0x00000000a0000000, 0x0000000100000000)
  region size 1024K, 49 young (50176K), 6 survivors (6144K)
 Metaspace       used 90103K, committed 90816K, reserved 1179648K
  class space    used 12570K, committed 12928K, reserved 1048576K
}
Event: 31.497 GC heap after
{Heap after GC invocations=40 (full 0):
 garbage-first heap   total 206848K, used 116448K [0x00000000a0000000, 0x0000000100000000)
  region size 1024K, 3 young (3072K), 3 survivors (3072K)
 Metaspace       used 90103K, committed 90816K, reserved 1179648K
  class space    used 12570K, committed 12928K, reserved 1048576K
}
Event: 31.548 GC heap before
{Heap before GC invocations=40 (full 0):
 garbage-first heap   total 206848K, used 122592K [0x00000000a0000000, 0x0000000100000000)
  region size 1024K, 10 young (10240K), 3 survivors (3072K)
 Metaspace       used 90129K, committed 90880K, reserved 1179648K
  class space    used 12570K, committed 12928K, reserved 1048576K
}
Event: 31.552 GC heap after
{Heap after GC invocations=41 (full 0):
 garbage-first heap   total 206848K, used 116672K [0x00000000a0000000, 0x0000000100000000)
  region size 1024K, 1 young (1024K), 1 survivors (1024K)
 Metaspace       used 90129K, committed 90880K, reserved 1179648K
  class space    used 12570K, committed 12928K, reserved 1048576K
}
Event: 33.202 GC heap before
{Heap before GC invocations=41 (full 0):
 garbage-first heap   total 206848K, used 167872K [0x00000000a0000000, 0x0000000100000000)
  region size 1024K, 52 young (53248K), 1 survivors (1024K)
 Metaspace       used 93360K, committed 94208K, reserved 1179648K
  class space    used 12876K, committed 13312K, reserved 1048576K
}

Deoptimization events (20 events):
Event: 32.554 Thread 0x00000227f8b2a700 Uncommon trap: trap_request=0xffffffbe fr.pc=0x00000227e459c488 relative=0x0000000000000768
Event: 32.554 Thread 0x00000227f8b2a700 Uncommon trap: reason=profile_predicate action=maybe_recompile pc=0x00000227e459c488 method=com.android.utils.PositionXmlParser$DomBuilder.findOpeningTag(Lcom/android/utils/PositionXmlParser$Position;)Lcom/android/utils/PositionXmlParser$Position; @ 45 c2
Event: 32.554 Thread 0x00000227f8b2a700 DEOPT PACKING pc=0x00000227e459c488 sp=0x00000087b2df8f80
Event: 32.554 Thread 0x00000227f8b2a700 DEOPT UNPACKING pc=0x00000227e39723a3 sp=0x00000087b2df8ef0 mode 2
Event: 32.554 Thread 0x00000227f8b2a700 Uncommon trap: trap_request=0xffffffbe fr.pc=0x00000227e459c488 relative=0x0000000000000768
Event: 32.554 Thread 0x00000227f8b2a700 Uncommon trap: reason=profile_predicate action=maybe_recompile pc=0x00000227e459c488 method=com.android.utils.PositionXmlParser$DomBuilder.findOpeningTag(Lcom/android/utils/PositionXmlParser$Position;)Lcom/android/utils/PositionXmlParser$Position; @ 45 c2
Event: 32.554 Thread 0x00000227f8b2a700 DEOPT PACKING pc=0x00000227e459c488 sp=0x00000087b2df8f80
Event: 32.554 Thread 0x00000227f8b2a700 DEOPT UNPACKING pc=0x00000227e39723a3 sp=0x00000087b2df8ef0 mode 2
Event: 32.650 Thread 0x00000227f8b2a700 Uncommon trap: trap_request=0xffffff45 fr.pc=0x00000227e459dc34 relative=0x0000000000001094
Event: 32.650 Thread 0x00000227f8b2a700 Uncommon trap: reason=unstable_if action=reinterpret pc=0x00000227e459dc34 method=org.apache.xerces.util.SymbolTable.addSymbol([CII)Ljava/lang/String; @ 36 c2
Event: 32.650 Thread 0x00000227f8b2a700 DEOPT PACKING pc=0x00000227e459dc34 sp=0x00000087b2df8fc0
Event: 32.650 Thread 0x00000227f8b2a700 DEOPT UNPACKING pc=0x00000227e39723a3 sp=0x00000087b2df8f88 mode 2
Event: 32.651 Thread 0x00000227f8b2a700 Uncommon trap: trap_request=0xffffffbe fr.pc=0x00000227e459a4f8 relative=0x0000000000000838
Event: 32.651 Thread 0x00000227f8b2a700 Uncommon trap: reason=profile_predicate action=maybe_recompile pc=0x00000227e459a4f8 method=com.android.utils.PositionXmlParser$DomBuilder.findOpeningTag(Lcom/android/utils/PositionXmlParser$Position;)Lcom/android/utils/PositionXmlParser$Position; @ 45 c2
Event: 32.651 Thread 0x00000227f8b2a700 DEOPT PACKING pc=0x00000227e459a4f8 sp=0x00000087b2df9000
Event: 32.651 Thread 0x00000227f8b2a700 DEOPT UNPACKING pc=0x00000227e39723a3 sp=0x00000087b2df8fa0 mode 2
Event: 33.026 Thread 0x00000227f8b2a700 Uncommon trap: trap_request=0xffffff45 fr.pc=0x00000227e459b820 relative=0x00000000000001e0
Event: 33.026 Thread 0x00000227f8b2a700 Uncommon trap: reason=unstable_if action=reinterpret pc=0x00000227e459b820 method=org.apache.xerces.impl.XMLEntityScanner.skipSpaces()Z @ 248 c2
Event: 33.026 Thread 0x00000227f8b2a700 DEOPT PACKING pc=0x00000227e459b820 sp=0x00000087b2df9060
Event: 33.026 Thread 0x00000227f8b2a700 DEOPT UNPACKING pc=0x00000227e39723a3 sp=0x00000087b2df8fd8 mode 2

Classes unloaded (0 events):
No events

Classes redefined (0 events):
No events

Internal exceptions (20 events):
Event: 28.054 Thread 0x00000227f7d5ae90 Exception <a 'java/lang/ClassNotFoundException'{0x00000000a988eba0}: com/android/build/gradle/internal/tasks/ListingFileRedirectTask_DecoratedBeanInfo> (0x00000000a988eba0) 
thrown [s\open\src\hotspot\share\classfile\systemDictionary.cpp, line 256]
Event: 28.055 Thread 0x00000227f7d5ae90 Exception <a 'java/lang/ClassNotFoundException'{0x00000000a989cd60}: com/android/build/gradle/internal/tasks/ListingFileRedirectTaskBeanInfo> (0x00000000a989cd60) 
thrown [s\open\src\hotspot\share\classfile\systemDictionary.cpp, line 256]
Event: 28.056 Thread 0x00000227f7d5ae90 Exception <a 'java/lang/ClassNotFoundException'{0x00000000a98aa9f8}: com/android/build/gradle/internal/tasks/ListingFileRedirectTaskCustomizer> (0x00000000a98aa9f8) 
thrown [s\open\src\hotspot\share\classfile\systemDictionary.cpp, line 256]
Event: 28.058 Thread 0x00000227f7d5ae90 Exception <a 'java/lang/ClassNotFoundException'{0x00000000a98c9480}: com/android/build/gradle/internal/tasks/ListingFileRedirectTask_DecoratedCustomizer> (0x00000000a98c9480) 
thrown [s\open\src\hotspot\share\classfile\systemDictionary.cpp, line 256]
Event: 28.070 Thread 0x00000227f7d5ae90 Exception <a 'java/lang/NoSuchMethodError'{0x00000000abc24098}: 'java.lang.Object java.lang.invoke.DirectMethodHandle$Holder.newInvokeSpecial(java.lang.Object, java.lang.Object, java.lang.Object, java.lang.Object, int, java.lang.Object)'> (0x00000000abc24098) 
thrown [s\open\src\hotspot\share\interpreter\linkResolver.cpp, line 759]
Event: 28.070 Thread 0x00000227f7d5ae90 Exception <a 'java/lang/NoSuchMethodError'{0x00000000abc28e58}: 'java.lang.Object java.lang.invoke.Invokers$Holder.linkToTargetMethod(java.lang.Object, java.lang.Object, java.lang.Object, int, java.lang.Object, java.lang.Object)'> (0x00000000abc28e58) 
thrown [s\open\src\hotspot\share\interpreter\linkResolver.cpp, line 759]
Event: 28.199 Thread 0x00000227fc396a10 Exception <a 'java/lang/NoSuchMethodError'{0x00000000abad85d0}: 'void java.lang.invoke.DirectMethodHandle$Holder.invokeInterface(java.lang.Object, java.lang.Object, java.lang.Object, java.lang.Object)'> (0x00000000abad85d0) 
thrown [s\open\src\hotspot\share\interpreter\linkResolver.cpp, line 759]
Event: 28.254 Thread 0x00000227f673f330 Exception <a 'java/lang/NoSuchMethodError'{0x00000000ab751770}: static Lorg/gradle/internal/build/event/types/DefaultTaskStartedProgressEvent;.<clinit>()V> (0x00000000ab751770) 
thrown [s\open\src\hotspot\share\prims\jni.cpp, line 1107]
Event: 28.255 Thread 0x00000227f673f330 Exception <a 'java/lang/NoSuchMethodError'{0x00000000ab75dad0}: static Lorg/gradle/internal/build/event/types/DefaultTaskDescriptor;.<clinit>()V> (0x00000000ab75dad0) 
thrown [s\open\src\hotspot\share\prims\jni.cpp, line 1107]
Event: 28.305 Thread 0x00000227f673f330 Exception <a 'java/lang/NoSuchMethodError'{0x00000000ab68dae8}: static Lorg/gradle/internal/build/event/types/DefaultTaskFinishedProgressEvent;.<clinit>()V> (0x00000000ab68dae8) 
thrown [s\open\src\hotspot\share\prims\jni.cpp, line 1107]
Event: 28.308 Thread 0x00000227f673f330 Exception <a 'java/lang/NoSuchMethodError'{0x00000000ab6aba20}: static Lorg/gradle/internal/build/event/types/DefaultTaskSuccessResult;.<clinit>()V> (0x00000000ab6aba20) 
thrown [s\open\src\hotspot\share\prims\jni.cpp, line 1107]
Event: 28.308 Thread 0x00000227f673f330 Exception <a 'java/lang/NoSuchMethodError'{0x00000000ab6ad128}: static Lorg/gradle/internal/build/event/types/AbstractTaskResult;.<clinit>()V> (0x00000000ab6ad128) 
thrown [s\open\src\hotspot\share\prims\jni.cpp, line 1107]
Event: 28.341 Thread 0x00000227fc396a10 Exception <a 'sun/nio/fs/WindowsException'{0x00000000ab674920}> (0x00000000ab674920) 
thrown [s\open\src\hotspot\share\prims\jni.cpp, line 516]
Event: 28.351 Thread 0x00000227f8b26d40 Exception <a 'java/lang/NoSuchMethodError'{0x00000000ab5e5958}: static Lcom/android/buildanalyzer/common/AndroidGradlePluginAttributionData$BuildInfo;.<clinit>()V> (0x00000000ab5e5958) 
thrown [s\open\src\hotspot\share\prims\jni.cpp, line 1107]
Event: 28.354 Thread 0x00000227f673f330 Exception <a 'java/lang/NoSuchMethodError'{0x00000000ab427870}: static Lorg/gradle/internal/build/event/types/DefaultTaskSkippedResult;.<clinit>()V> (0x00000000ab427870) 
thrown [s\open\src\hotspot\share\prims\jni.cpp, line 1107]
Event: 28.357 Thread 0x00000227f8b26d40 Exception <a 'java/lang/NoSuchMethodError'{0x00000000ab44afb0}: static Lcom/android/buildanalyzer/common/AndroidGradlePluginAttributionData$JavaInfo;.<clinit>()V> (0x00000000ab44afb0) 
thrown [s\open\src\hotspot\share\prims\jni.cpp, line 1107]
Event: 28.362 Thread 0x00000227f8b26d40 Exception <a 'java/lang/NoSuchMethodError'{0x00000000ab4853e8}: static [Ljava/lang/String;.<clinit>()V> (0x00000000ab4853e8) 
thrown [s\open\src\hotspot\share\prims\jni.cpp, line 1107]
Event: 28.364 Thread 0x00000227f8b26d40 Exception <a 'java/lang/NoSuchMethodError'{0x00000000ab49c850}: static Lcom/android/buildanalyzer/common/AndroidGradlePluginAttributionData$TaskInfo;.<clinit>()V> (0x00000000ab49c850) 
thrown [s\open\src\hotspot\share\prims\jni.cpp, line 1107]
Event: 28.365 Thread 0x00000227f8b26d40 Exception <a 'java/lang/NoSuchMethodError'{0x00000000ab4a9930}: static Lcom/android/buildanalyzer/common/AndroidGradlePluginAttributionData$TaskCategoryInfo;.<clinit>()V> (0x00000000ab4a9930) 
thrown [s\open\src\hotspot\share\prims\jni.cpp, line 1107]
Event: 29.348 Thread 0x00000227f8b2a700 Exception <a 'java/lang/NoSuchMethodError'{0x00000000ab04c258}: 'void java.lang.invoke.DirectMethodHandle$Holder.invokeStatic(java.lang.Object, java.lang.Object, java.lang.Object, java.lang.Object, int, java.lang.Object, java.lang.Object)'> (0x00000000ab04c258) 
thrown [s\open\src\hotspot\share\interpreter\linkResolver.cpp, line 759]

VM Operations (20 events):
Event: 29.269 Executing VM operation: ICBufferFull done
Event: 29.707 Executing VM operation: ICBufferFull
Event: 29.713 Executing VM operation: ICBufferFull done
Event: 29.878 Executing VM operation: G1CollectForAllocation
Event: 29.896 Executing VM operation: G1CollectForAllocation done
Event: 30.113 Executing VM operation: G1Concurrent
Event: 30.132 Executing VM operation: G1Concurrent done
Event: 30.234 Executing VM operation: G1Concurrent
Event: 30.235 Executing VM operation: G1Concurrent done
Event: 30.721 Executing VM operation: ICBufferFull
Event: 30.732 Executing VM operation: ICBufferFull done
Event: 31.412 Executing VM operation: HandshakeAllThreads
Event: 31.413 Executing VM operation: HandshakeAllThreads done
Event: 31.486 Executing VM operation: G1CollectForAllocation
Event: 31.498 Executing VM operation: G1CollectForAllocation done
Event: 31.548 Executing VM operation: G1CollectForAllocation
Event: 31.553 Executing VM operation: G1CollectForAllocation done
Event: 32.559 Executing VM operation: Cleanup
Event: 32.562 Executing VM operation: Cleanup done
Event: 33.201 Executing VM operation: G1CollectForAllocation

Events (20 events):
Event: 32.007 loading class org/w3c/dom/DocumentType
Event: 32.007 loading class org/w3c/dom/DocumentType done
Event: 32.008 loading class org/w3c/dom/Entity
Event: 32.008 loading class org/w3c/dom/Entity done
Event: 32.008 loading class org/w3c/dom/Notation
Event: 32.008 loading class org/w3c/dom/Notation done
Event: 32.013 loading class org/w3c/dom/ElementTraversal
Event: 32.013 loading class org/w3c/dom/ElementTraversal done
Event: 32.015 loading class org/w3c/dom/events/MutationEvent
Event: 32.015 loading class org/w3c/dom/events/Event
Event: 32.015 loading class org/w3c/dom/events/Event done
Event: 32.015 loading class org/w3c/dom/events/MutationEvent done
Event: 32.016 loading class org/w3c/dom/traversal/NodeIterator
Event: 32.016 loading class org/w3c/dom/traversal/NodeIterator done
Event: 32.016 loading class org/w3c/dom/traversal/TreeWalker
Event: 32.016 loading class org/w3c/dom/traversal/TreeWalker done
Event: 32.016 loading class org/w3c/dom/ranges/Range
Event: 32.016 loading class org/w3c/dom/ranges/Range done
Event: 32.016 loading class org/w3c/dom/events/EventException
Event: 32.017 loading class org/w3c/dom/events/EventException done


Dynamic libraries:
0x00007ff7d1d00000 - 0x00007ff7d1d10000 	C:\Program Files\Java\jdk-17.0.8\bin\java.exe
0x00007ffd42770000 - 0x00007ffd42984000 	C:\WINDOWS\SYSTEM32\ntdll.dll
0x00007ffd40c50000 - 0x00007ffd40d14000 	C:\WINDOWS\System32\KERNEL32.DLL
0x00007ffd400d0000 - 0x00007ffd40474000 	C:\WINDOWS\System32\KERNELBASE.dll
0x00007ffd3fc80000 - 0x00007ffd3fd91000 	C:\WINDOWS\System32\ucrtbase.dll
0x00007ffd3afe0000 - 0x00007ffd3aff9000 	C:\Program Files\Java\jdk-17.0.8\bin\jli.dll
0x00007ffd42600000 - 0x00007ffd426b0000 	C:\WINDOWS\System32\ADVAPI32.dll
0x00007ffd40d20000 - 0x00007ffd40dc7000 	C:\WINDOWS\System32\msvcrt.dll
0x00007ffd41f20000 - 0x00007ffd41fc6000 	C:\WINDOWS\System32\sechost.dll
0x00007ffd3afc0000 - 0x00007ffd3afdb000 	C:\Program Files\Java\jdk-17.0.8\bin\VCRUNTIME140.dll
0x00007ffd40ef0000 - 0x00007ffd41007000 	C:\WINDOWS\System32\RPCRT4.dll
0x00007ffd41010000 - 0x00007ffd411be000 	C:\WINDOWS\System32\USER32.dll
0x00007ffd3fb20000 - 0x00007ffd3fb46000 	C:\WINDOWS\System32\win32u.dll
0x00007ffd40890000 - 0x00007ffd408b9000 	C:\WINDOWS\System32\GDI32.dll
0x00007ffd3fe40000 - 0x00007ffd3ff58000 	C:\WINDOWS\System32\gdi32full.dll
0x00007ffd25330000 - 0x00007ffd255c3000 	C:\WINDOWS\WinSxS\amd64_microsoft.windows.common-controls_6595b64144ccf1df_6.0.22621.2215_none_270d72677387dfc3\COMCTL32.dll
0x00007ffd3fda0000 - 0x00007ffd3fe3a000 	C:\WINDOWS\System32\msvcp_win.dll
0x00007ffd34620000 - 0x00007ffd3462a000 	C:\WINDOWS\SYSTEM32\VERSION.dll
0x00007ffd40b80000 - 0x00007ffd40bb1000 	C:\WINDOWS\System32\IMM32.DLL
0x00007ffd3afb0000 - 0x00007ffd3afbc000 	C:\Program Files\Java\jdk-17.0.8\bin\vcruntime140_1.dll
0x00007ffd3af20000 - 0x00007ffd3afae000 	C:\Program Files\Java\jdk-17.0.8\bin\msvcp140.dll
0x00007ffceb4c0000 - 0x00007ffcec09e000 	C:\Program Files\Java\jdk-17.0.8\bin\server\jvm.dll
0x00007ffd41f10000 - 0x00007ffd41f18000 	C:\WINDOWS\System32\PSAPI.DLL
0x00007ffd23f90000 - 0x00007ffd23f99000 	C:\WINDOWS\SYSTEM32\WSOCK32.dll
0x00007ffd42140000 - 0x00007ffd421b1000 	C:\WINDOWS\System32\WS2_32.dll
0x00007ffd35cc0000 - 0x00007ffd35cf4000 	C:\WINDOWS\SYSTEM32\WINMM.dll
0x00007ffd3eb20000 - 0x00007ffd3eb38000 	C:\WINDOWS\SYSTEM32\kernel.appcore.dll
0x00007ffd3ab80000 - 0x00007ffd3ab8a000 	C:\Program Files\Java\jdk-17.0.8\bin\jimage.dll
0x00007ffd3d520000 - 0x00007ffd3d74e000 	C:\WINDOWS\SYSTEM32\DBGHELP.DLL
0x00007ffd40500000 - 0x00007ffd4088a000 	C:\WINDOWS\System32\combase.dll
0x00007ffd42370000 - 0x00007ffd42447000 	C:\WINDOWS\System32\OLEAUT32.dll
0x00007ffd24480000 - 0x00007ffd244b2000 	C:\WINDOWS\SYSTEM32\dbgcore.DLL
0x00007ffd40480000 - 0x00007ffd404fa000 	C:\WINDOWS\System32\bcryptPrimitives.dll
0x00007ffd3a700000 - 0x00007ffd3a70e000 	C:\Program Files\Java\jdk-17.0.8\bin\instrument.dll
0x00007ffd3a5e0000 - 0x00007ffd3a605000 	C:\Program Files\Java\jdk-17.0.8\bin\java.dll
0x00007ffd2aa20000 - 0x00007ffd2aaf7000 	C:\Program Files\Java\jdk-17.0.8\bin\jsvml.dll
0x00007ffd411c0000 - 0x00007ffd419e3000 	C:\WINDOWS\System32\SHELL32.dll
0x00007ffd3dab0000 - 0x00007ffd3e39a000 	C:\WINDOWS\SYSTEM32\windows.storage.dll
0x00007ffd3d970000 - 0x00007ffd3daae000 	C:\WINDOWS\SYSTEM32\wintypes.dll
0x00007ffd42220000 - 0x00007ffd42313000 	C:\WINDOWS\System32\SHCORE.dll
0x00007ffd421c0000 - 0x00007ffd4221e000 	C:\WINDOWS\System32\shlwapi.dll
0x00007ffd3fa50000 - 0x00007ffd3fa76000 	C:\WINDOWS\SYSTEM32\profapi.dll
0x00007ffd3a5c0000 - 0x00007ffd3a5d8000 	C:\Program Files\Java\jdk-17.0.8\bin\zip.dll
0x00007ffd374c0000 - 0x00007ffd374d9000 	C:\Program Files\Java\jdk-17.0.8\bin\net.dll
0x00007ffd35f10000 - 0x00007ffd36047000 	C:\WINDOWS\SYSTEM32\WINHTTP.dll
0x00007ffd3f060000 - 0x00007ffd3f0c9000 	C:\WINDOWS\system32\mswsock.dll
0x00007ffd37000000 - 0x00007ffd37016000 	C:\Program Files\Java\jdk-17.0.8\bin\nio.dll
0x00007ffd3a6f0000 - 0x00007ffd3a700000 	C:\Program Files\Java\jdk-17.0.8\bin\verify.dll
0x00007ffd28970000 - 0x00007ffd28997000 	C:\Users\Asus\.gradle\native\68d5fa5c4cc2d200863cafc0d521ce42e7d3e7ee720ec0a83991735586a16f82\windows-amd64\native-platform.dll
0x00007ffd28760000 - 0x00007ffd288a4000 	C:\Users\Asus\.gradle\native\e376f236ea51e6404a007f0833ffe2c6e607c4080706a723a18a27aeea778392\windows-amd64\native-platform-file-events.dll
0x00007ffd3a5b0000 - 0x00007ffd3a5ba000 	C:\Program Files\Java\jdk-17.0.8\bin\management.dll
0x00007ffd37510000 - 0x00007ffd3751b000 	C:\Program Files\Java\jdk-17.0.8\bin\management_ext.dll
0x00007ffd3f2c0000 - 0x00007ffd3f2db000 	C:\WINDOWS\SYSTEM32\CRYPTSP.dll
0x00007ffd3eae0000 - 0x00007ffd3eb15000 	C:\WINDOWS\system32\rsaenh.dll
0x00007ffd3f150000 - 0x00007ffd3f17c000 	C:\WINDOWS\SYSTEM32\USERENV.dll
0x00007ffd3f4d0000 - 0x00007ffd3f4f8000 	C:\WINDOWS\SYSTEM32\bcrypt.dll
0x00007ffd3f2e0000 - 0x00007ffd3f2ec000 	C:\WINDOWS\SYSTEM32\CRYPTBASE.dll
0x00007ffd3e600000 - 0x00007ffd3e62d000 	C:\WINDOWS\SYSTEM32\IPHLPAPI.DLL
0x00007ffd41f00000 - 0x00007ffd41f09000 	C:\WINDOWS\System32\NSI.dll
0x00007ffd35ca0000 - 0x00007ffd35cb9000 	C:\WINDOWS\SYSTEM32\dhcpcsvc6.DLL
0x00007ffd35c80000 - 0x00007ffd35c9f000 	C:\WINDOWS\SYSTEM32\dhcpcsvc.DLL
0x00007ffd3e670000 - 0x00007ffd3e762000 	C:\WINDOWS\SYSTEM32\DNSAPI.dll
0x00007ffd37490000 - 0x00007ffd3749e000 	C:\Program Files\Java\jdk-17.0.8\bin\sunmscapi.dll
0x00007ffd3ff60000 - 0x00007ffd400c6000 	C:\WINDOWS\System32\CRYPT32.dll
0x00007ffd3f4a0000 - 0x00007ffd3f4ce000 	C:\WINDOWS\SYSTEM32\ncrypt.dll
0x00007ffd3f460000 - 0x00007ffd3f497000 	C:\WINDOWS\SYSTEM32\NTASN1.dll
0x00007ffcf98d0000 - 0x00007ffcf98d8000 	C:\WINDOWS\system32\wshunix.dll
0x00007ffd2db00000 - 0x00007ffd2db17000 	C:\WINDOWS\system32\napinsp.dll
0x00007ffd2db20000 - 0x00007ffd2db3b000 	C:\WINDOWS\system32\pnrpnsp.dll
0x00007ffd2db90000 - 0x00007ffd2dba1000 	C:\WINDOWS\System32\winrnr.dll
0x00007ffd2db70000 - 0x00007ffd2db85000 	C:\WINDOWS\system32\wshbth.dll
0x00007ffd2db40000 - 0x00007ffd2db61000 	C:\WINDOWS\system32\nlansp_c.dll
0x0000000063720000 - 0x0000000063746000 	C:\Program Files\Bonjour\mdnsNSP.dll
0x00007ffd314f0000 - 0x00007ffd314fa000 	C:\Windows\System32\rasadhlp.dll
0x00007ffd34720000 - 0x00007ffd347a4000 	C:\WINDOWS\System32\fwpuclnt.dll

dbghelp: loaded successfully - version: 4.0.5 - missing functions: none
symbol engine: initialized successfully - sym options: 0x614 - pdb path: .;C:\Program Files\Java\jdk-17.0.8\bin;C:\WINDOWS\SYSTEM32;C:\WINDOWS\WinSxS\amd64_microsoft.windows.common-controls_6595b64144ccf1df_6.0.22621.2215_none_270d72677387dfc3;C:\Program Files\Java\jdk-17.0.8\bin\server;C:\Users\Asus\.gradle\native\68d5fa5c4cc2d200863cafc0d521ce42e7d3e7ee720ec0a83991735586a16f82\windows-amd64;C:\Users\Asus\.gradle\native\e376f236ea51e6404a007f0833ffe2c6e607c4080706a723a18a27aeea778392\windows-amd64;C:\Program Files\Bonjour

VM Arguments:
jvm_args: --add-opens=java.base/java.util=ALL-UNNAMED --add-opens=java.base/java.lang=ALL-UNNAMED --add-opens=java.base/java.lang.invoke=ALL-UNNAMED --add-opens=java.prefs/java.util.prefs=ALL-UNNAMED --add-opens=java.base/java.nio.charset=ALL-UNNAMED --add-opens=java.base/java.net=ALL-UNNAMED --add-opens=java.base/java.util.concurrent.atomic=ALL-UNNAMED -Xmx1536m -Dfile.encoding=windows-1252 -Duser.country=ID -Duser.language=en -Duser.variant -javaagent:C:\Users\Asus\.gradle\wrapper\dists\gradle-8.1-bin\2eyty4r6kz6fpakefpk52nbbm\gradle-8.1\lib\agents\gradle-instrumentation-agent-8.1.jar 
java_command: org.gradle.launcher.daemon.bootstrap.GradleDaemon 8.1
java_class_path (initial): C:\Users\Asus\.gradle\wrapper\dists\gradle-8.1-bin\2eyty4r6kz6fpakefpk52nbbm\gradle-8.1\lib\gradle-launcher-8.1.jar
Launcher Type: SUN_STANDARD

[Global flags]
     intx CICompilerCount                          = 4                                         {product} {ergonomic}
     uint ConcGCThreads                            = 2                                         {product} {ergonomic}
     uint G1ConcRefinementThreads                  = 8                                         {product} {ergonomic}
   size_t G1HeapRegionSize                         = 1048576                                   {product} {ergonomic}
    uintx GCDrainStackTargetSize                   = 64                                        {product} {ergonomic}
   size_t InitialHeapSize                          = 132120576                                 {product} {ergonomic}
   size_t MarkStackSize                            = 4194304                                   {product} {ergonomic}
   size_t MaxHeapSize                              = 1610612736                                {product} {command line}
   size_t MaxNewSize                               = 965738496                                 {product} {ergonomic}
   size_t MinHeapDeltaBytes                        = 1048576                                   {product} {ergonomic}
   size_t MinHeapSize                              = 8388608                                   {product} {ergonomic}
    uintx NonNMethodCodeHeapSize                   = 5839372                                {pd product} {ergonomic}
    uintx NonProfiledCodeHeapSize                  = 122909434                              {pd product} {ergonomic}
    uintx ProfiledCodeHeapSize                     = 122909434                              {pd product} {ergonomic}
    uintx ReservedCodeCacheSize                    = 251658240                              {pd product} {ergonomic}
     bool SegmentedCodeCache                       = true                                      {product} {ergonomic}
   size_t SoftMaxHeapSize                          = 1610612736                             {manageable} {ergonomic}
     bool UseCompressedClassPointers               = true                           {product lp64_product} {ergonomic}
     bool UseCompressedOops                        = true                           {product lp64_product} {ergonomic}
     bool UseG1GC                                  = true                                      {product} {ergonomic}
     bool UseLargePagesIndividualAllocation        = false                                  {pd product} {ergonomic}

Logging:
Log output configuration:
 #0: stdout all=warning uptime,level,tags
 #1: stderr all=off uptime,level,tags

Environment Variables:
JAVA_HOME=C:\Program Files\Java\jdk-17.0.8
PATH=C:\Program Files (x86)\VMware\VMware Player\bin\;C:\Windows\system32;C:\Windows;C:\Windows\System32\Wbem;C:\Windows\System32\WindowsPowerShell\v1.0\;C:\Windows\System32\OpenSSH\;C:\Program Files (x86)\NVIDIA Corporation\PhysX\Common;C:\Program Files\NVIDIA Corporation\NVIDIA NvDLISR;C:\Program Files\Intel\WiFi\bin\;C:\Program Files\Common Files\Intel\WirelessCommon\;C:\MinGW\bin;C:\xampp\php;C:\ProgramData\ComposerSetup\bin;C:\WINDOWS\system32;C:\WINDOWS;C:\WINDOWS\System32\Wbem;C:\WINDOWS\System32\WindowsPowerShell\v1.0\;C:\WINDOWS\System32\OpenSSH\;C:\Program Files\nodejs\;C:\Program Files\Git\cmd;C:\Program Files\Git\mingw64\bin;C:\Program Files\Git\usr\bin;C:\Program Files\Java;C:\Program Files\MongoDB\Server\5.0\bin;C:\Program Files\Java\jdk-17.0.8\bin;C:\Gradle\gradle-8.3\bin;C:\Program Files\Java\jdk-17.0.8\bin;C:\Users\Asus\AppData\Local\Programs\Python\Python310\Scripts\;C:\Users\Asus\AppData\Local\Programs\Python\Python310\;C:\Users\Asus\AppData\Local\Microsoft\WindowsApps;D:\vscode\Microsoft VS Code\bin;C:\Users\Asus\AppData\Roaming\Composer\vendor\bin;C:\Users\Asus\AppData\Roaming\npm;;C:\Program Files\JetBrains\IntelliJ IDEA 2023.2.2\bin;
USERNAME=Asus
OS=Windows_NT
PROCESSOR_IDENTIFIER=Intel64 Family 6 Model 142 Stepping 12, GenuineIntel



---------------  S Y S T E M  ---------------

OS:
 Windows 11 , 64 bit Build 22621 (10.0.22621.2215)
OS uptime: 0 days 1:40 hours

CPU: total 8 (initial active 8) (4 cores per cpu, 2 threads per core) family 6 model 142 stepping 12 microcode 0xde, cx8, cmov, fxsr, ht, mmx, 3dnowpref, sse, sse2, sse3, ssse3, sse4.1, sse4.2, popcnt, lzcnt, tsc, tscinvbit, avx, avx2, aes, erms, clmul, bmi1, bmi2, adx, fma, vzeroupper, clflush, clflushopt

Memory: 4k page, system-wide physical 8043M (338M free)
TotalPageFile size 16235M (AvailPageFile size 82M)
current process WorkingSet (physical memory assigned to process): 470M, peak: 470M
current process commit charge ("private bytes"): 511M, peak: 638M

vm_info: Java HotSpot(TM) 64-Bit Server VM (17.0.8+9-LTS-211) for windows-amd64 JRE (17.0.8+9-LTS-211), built on Jun 14 2023 10:34:31 by "mach5one" with MS VC++ 17.1 (VS2022)

END.
